55.0 APEX_CODE,FINEST;APEX_PROFILING,INFO;CALLOUT,INFO;DB,INFO;NBA,INFO;SYSTEM,DEBUG;VALIDATION,INFO;VISUALFORCE,FINER;WAVE,INFO;WORKFLOW,INFO
18:11:23.3 (3982011)|USER_INFO|[EXTERNAL]|0057Q000006GxKb|p11@projetoc.com|(GMT+02:00) Central European Summer Time (Europe/Paris)|GMT+02:00
18:11:23.3 (4131749)|EXECUTION_STARTED
18:11:23.3 (4162597)|CODE_UNIT_STARTED|[EXTERNAL]|01p7Q00000NmP2b|UpdateInactiveAccountsTest.makeData()
18:11:23.3 (5083142)|HEAP_ALLOCATE|[79]|Bytes:3
18:11:23.3 (5170118)|HEAP_ALLOCATE|[84]|Bytes:152
18:11:23.3 (5189342)|HEAP_ALLOCATE|[399]|Bytes:408
18:11:23.3 (5220319)|HEAP_ALLOCATE|[412]|Bytes:408
18:11:23.3 (5236562)|HEAP_ALLOCATE|[520]|Bytes:48
18:11:23.3 (5267036)|HEAP_ALLOCATE|[139]|Bytes:6
18:11:23.3 (5284506)|HEAP_ALLOCATE|[EXTERNAL]|Bytes:17
18:11:23.3 (5408660)|METHOD_ENTRY|[2]|01p7Q00000NmP2b|UpdateInactiveAccountsTest.UpdateInactiveAccountsTest()
18:11:23.3 (5423945)|STATEMENT_EXECUTE|[2]
18:11:23.3 (5463747)|STATEMENT_EXECUTE|[2]
18:11:23.3 (5510598)|HEAP_ALLOCATE|[52]|Bytes:5
18:11:23.3 (5553588)|HEAP_ALLOCATE|[58]|Bytes:5
18:11:23.3 (5562768)|HEAP_ALLOCATE|[66]|Bytes:7
18:11:23.3 (6116975)|SYSTEM_MODE_ENTER|false
18:11:23.3 (6145387)|HEAP_ALLOCATE|[EXTERNAL]|Bytes:5
18:11:23.3 (6166319)|SYSTEM_MODE_EXIT|false
18:11:23.3 (6208954)|METHOD_EXIT|[2]|UpdateInactiveAccountsTest
18:11:23.3 (6310398)|SYSTEM_MODE_ENTER|false
18:11:23.3 (6316799)|HEAP_ALLOCATE|[5]|Bytes:5
18:11:23.3 (6322197)|STATEMENT_EXECUTE|[4]
18:11:23.3 (6324578)|STATEMENT_EXECUTE|[5]
18:11:23.3 (6328525)|HEAP_ALLOCATE|[5]|Bytes:11
18:11:23.3 (7651720)|HEAP_ALLOCATE|[5]|Bytes:13
18:11:23.3 (7683232)|METHOD_ENTRY|[1]|01p7Q00000NmNOr|DataFactory.DataFactory()
18:11:23.3 (7689978)|STATEMENT_EXECUTE|[1]
18:11:23.3 (7703716)|STATEMENT_EXECUTE|[1]
18:11:23.3 (7711375)|HEAP_ALLOCATE|[5]|Bytes:5
18:11:23.3 (7725914)|METHOD_EXIT|[1]|DataFactory
18:11:23.3 (7814844)|METHOD_ENTRY|[5]|01p7Q00000NmNOr|DataFactory.createAccount(String)
18:11:23.3 (7962782)|VARIABLE_SCOPE_BEGIN|[3]|actName|String|false|false
18:11:23.3 (8051732)|VARIABLE_ASSIGNMENT|[3]|actName|"TestAccount"
18:11:23.3 (8075628)|HEAP_ALLOCATE|[5]|Bytes:5
18:11:23.3 (8081290)|STATEMENT_EXECUTE|[3]
18:11:23.3 (8082915)|STATEMENT_EXECUTE|[5]
18:11:23.3 (8109637)|HEAP_ALLOCATE|[5]|Bytes:4
18:11:23.3 (8216192)|VARIABLE_SCOPE_BEGIN|[5]|act|Account|true|false
18:11:23.3 (8285411)|VARIABLE_ASSIGNMENT|[5]|act|{}|0x6ed6bc51
18:11:23.3 (8291193)|STATEMENT_EXECUTE|[6]
18:11:23.3 (9166705)|VARIABLE_ASSIGNMENT|[6]|this.Name|"TestAccount"|0x6ed6bc51
18:11:23.3 (9180748)|STATEMENT_EXECUTE|[7]
18:11:23.3 (9240085)|VARIABLE_ASSIGNMENT|[7]|this.Active__c|true|0x6ed6bc51
18:11:23.3 (9246796)|STATEMENT_EXECUTE|[8]
18:11:23.3 (9295563)|METHOD_EXIT|[5]|01p7Q00000NmNOr|DataFactory.createAccount(String)
18:11:23.3 (9313725)|VARIABLE_SCOPE_BEGIN|[5]|act|Account|true|false
18:11:23.3 (9335271)|VARIABLE_ASSIGNMENT|[5]|act|{"Name":"TestAccount","Active__c":true}|0x6ed6bc51
18:11:23.3 (9340931)|STATEMENT_EXECUTE|[6]
18:11:23.3 (9406873)|HEAP_ALLOCATE|[6]|Bytes:8
18:11:23.3 (9440913)|DML_BEGIN|[6]|Op:Insert|Type:Account|Rows:1
18:11:23.3 (9485721)|HEAP_ALLOCATE|[EXTERNAL]|Bytes:8
18:11:23.3 (22908209)|CODE_UNIT_STARTED|[EXTERNAL]|DuplicateDetector
18:11:23.3 (22940131)|DUPLICATE_DETECTION_BEGIN
18:11:23.3 (23406451)|DUPLICATE_DETECTION_RULE_INVOCATION|DuplicateRuleId:0Bm7Q00000HCznx|DuplicateRuleName:Standard Account Duplicate Rule|DmlType:INSERT
18:11:23.3 (65296242)|DUPLICATE_DETECTION_MATCH_INVOCATION_DETAILS|EntityType:Account|ActionTaken:Allow_[Alert,Report]|DuplicateRecordIds:
18:11:23.3 (65336624)|DUPLICATE_DETECTION_MATCH_INVOCATION_SUMMARY|EntityType:Account|NumRecordsToBeSaved:1|NumRecordsToBeSavedWithDuplicates:0|NumDuplicateRecordsFound:0
18:11:23.3 (65482279)|DUPLICATE_DETECTION_END
18:11:23.3 (65494137)|CODE_UNIT_FINISHED|DuplicateDetector
18:11:23.3 (102544470)|DML_END|[6]
18:11:23.3 (102592509)|SYSTEM_MODE_EXIT|false
18:11:23.102 (102655387)|CUMULATIVE_LIMIT_USAGE
18:11:23.102 (102655387)|LIMIT_USAGE_FOR_NS|(default)|
  Number of SOQL queries: 0 out of 100
  Number of query rows: 0 out of 50000
  Number of SOSL queries: 0 out of 20
  Number of DML statements: 1 out of 150
  Number of Publish Immediate DML: 0 out of 150
  Number of DML rows: 1 out of 10000
  Maximum CPU time: 0 out of 10000
  Maximum heap size: 0 out of 6000000
  Number of callouts: 0 out of 100
  Number of Email Invocations: 0 out of 10
  Number of future calls: 0 out of 50
  Number of queueable jobs added to the queue: 0 out of 50
  Number of Mobile Apex push calls: 0 out of 10

18:11:23.102 (102655387)|CUMULATIVE_LIMIT_USAGE_END

18:11:23.3 (102849218)|CODE_UNIT_FINISHED|UpdateInactiveAccountsTest.makeData()
18:11:23.3 (102879386)|EXECUTION_FINISHED
18:11:23.116 (116157770)|USER_INFO|[EXTERNAL]|0057Q000006GxKb|p11@projetoc.com|(GMT+02:00) Central European Summer Time (Europe/Paris)|GMT+02:00
18:11:23.116 (116191125)|EXECUTION_STARTED
18:11:23.116 (116199962)|CODE_UNIT_STARTED|[EXTERNAL]|01p7Q00000NmP2b|UpdateInactiveAccountsTest.updateInactiveAccountTest()
18:11:23.116 (116352342)|HEAP_ALLOCATE|[79]|Bytes:3
18:11:23.116 (116392722)|HEAP_ALLOCATE|[84]|Bytes:152
18:11:23.116 (116408269)|HEAP_ALLOCATE|[399]|Bytes:408
18:11:23.116 (116426685)|HEAP_ALLOCATE|[412]|Bytes:408
18:11:23.116 (116442685)|HEAP_ALLOCATE|[520]|Bytes:48
18:11:23.116 (116466663)|HEAP_ALLOCATE|[139]|Bytes:6
18:11:23.116 (116481261)|HEAP_ALLOCATE|[EXTERNAL]|Bytes:17
18:11:23.116 (116498393)|METHOD_ENTRY|[2]|01p7Q00000NmP2b|UpdateInactiveAccountsTest.UpdateInactiveAccountsTest()
18:11:23.116 (116505099)|STATEMENT_EXECUTE|[2]
18:11:23.116 (116510786)|STATEMENT_EXECUTE|[2]
18:11:23.116 (116964304)|SYSTEM_MODE_ENTER|false
18:11:23.116 (117006938)|HEAP_ALLOCATE|[52]|Bytes:5
18:11:23.116 (117084273)|HEAP_ALLOCATE|[58]|Bytes:5
18:11:23.116 (117096420)|HEAP_ALLOCATE|[66]|Bytes:7
18:11:23.116 (117109310)|HEAP_ALLOCATE|[EXTERNAL]|Bytes:5
18:11:23.116 (117118240)|SYSTEM_MODE_EXIT|false
18:11:23.116 (117130550)|METHOD_EXIT|[2]|UpdateInactiveAccountsTest
18:11:23.116 (117197386)|SYSTEM_MODE_ENTER|false
18:11:23.116 (117203634)|HEAP_ALLOCATE|[12]|Bytes:5
18:11:23.116 (117208700)|STATEMENT_EXECUTE|[10]
18:11:23.116 (117211063)|STATEMENT_EXECUTE|[12]
18:11:23.116 (117214460)|HEAP_ALLOCATE|[12]|Bytes:65
18:11:23.116 (117235543)|HEAP_ALLOCATE|[12]|Bytes:4
18:11:23.116 (121417806)|SOQL_EXECUTE_BEGIN|[12]|Aggregations:1|SELECT Id, Active__c, (SELECT Id FROM Tasks) FROM Account LIMIT 1
18:11:23.116 (127998894)|SOQL_EXECUTE_END|[12]|Rows:1
18:11:23.116 (128035416)|HEAP_ALLOCATE|[12]|Bytes:8
18:11:23.116 (128075832)|HEAP_ALLOCATE|[12]|Bytes:46
18:11:23.116 (128177780)|HEAP_ALLOCATE|[12]|Bytes:8
18:11:23.116 (128194209)|HEAP_ALLOCATE|[12]|Bytes:33
18:11:23.116 (128308755)|HEAP_ALLOCATE|[12]|Bytes:12
18:11:23.116 (128319387)|VARIABLE_SCOPE_BEGIN|[12]|act|Account|true|false
18:11:23.116 (128405786)|VARIABLE_ASSIGNMENT|[12]|act|{"Id":"0017Q00000XgezGQAR","Active__c":true}|0x6680596f
18:11:23.116 (128413233)|STATEMENT_EXECUTE|[14]
18:11:23.116 (128452790)|HEAP_ALLOCATE|[14]|Bytes:82
18:11:23.116 (128473996)|SYSTEM_METHOD_ENTRY|[1]|Test.Test()
18:11:23.116 (128479945)|STATEMENT_EXECUTE|[1]
18:11:23.116 (128490219)|SYSTEM_METHOD_EXIT|[1]|Test
18:11:23.116 (128506216)|METHOD_ENTRY|[14]||System.Test.startTest()
18:11:23.116 (130025316)|METHOD_EXIT|[14]||System.Test.startTest()
18:11:23.116 (130040386)|STATEMENT_EXECUTE|[15]
18:11:23.116 (131285104)|HEAP_ALLOCATE|[15]|Bytes:57
18:11:23.116 (131298787)|HEAP_ALLOCATE|[15]|Bytes:8
18:11:23.116 (131328534)|METHOD_ENTRY|[1]|01p7Q00000Nlkm2|UpdateInactiveAccounts.UpdateInactiveAccounts()
18:11:23.116 (131336703)|STATEMENT_EXECUTE|[1]
18:11:23.116 (131343176)|STATEMENT_EXECUTE|[1]
18:11:23.116 (131350947)|METHOD_EXIT|[1]|UpdateInactiveAccounts
18:11:23.116 (131375825)|HEAP_ALLOCATE|[15]|Bytes:4
18:11:23.116 (131436809)|CONSTRUCTOR_ENTRY|[15]|01p7Q00000Nlkm2|<init>()|UpdateInactiveAccounts
18:11:23.116 (131506307)|VARIABLE_SCOPE_BEGIN|[1]|this|UpdateInactiveAccounts|true|false
18:11:23.116 (131575958)|VARIABLE_ASSIGNMENT|[1]|this|{}|0x136f09c
18:11:23.116 (131599684)|HEAP_ALLOCATE|[EXTERNAL]|Bytes:6
18:11:23.116 (133524952)|STATEMENT_EXECUTE|[1]
18:11:23.116 (133565972)|CONSTRUCTOR_EXIT|[15]|01p7Q00000Nlkm2|<init>()|UpdateInactiveAccounts
18:11:23.116 (133582332)|VARIABLE_SCOPE_BEGIN|[15]|uia|UpdateInactiveAccounts|true|false
18:11:23.116 (133613201)|VARIABLE_ASSIGNMENT|[15]|uia|{}|0x136f09c
18:11:23.116 (133620023)|STATEMENT_EXECUTE|[16]
18:11:23.116 (152438053)|STATEMENT_EXECUTE|[17]
18:11:23.116 (152467833)|METHOD_ENTRY|[17]||System.Test.stopTest()
18:11:23.116 (155871802)|CODE_UNIT_STARTED|[EXTERNAL]|01p7Q00000Nlkm2|UpdateInactiveAccounts
18:11:23.116 (156931586)|HEAP_ALLOCATE|[EXTERNAL]|Bytes:4
18:11:23.116 (160186720)|HEAP_ALLOCATE|[EXTERNAL]|Bytes:11
18:11:23.116 (160218691)|SYSTEM_METHOD_ENTRY|[15]|BatchableContextImpl.BatchableContextImpl()
18:11:23.116 (160225300)|STATEMENT_EXECUTE|[15]
18:11:23.116 (160237792)|SYSTEM_METHOD_EXIT|[15]|BatchableContextImpl
18:11:23.116 (160247232)|HEAP_ALLOCATE|[EXTERNAL]|Bytes:12
18:11:23.116 (160252337)|HEAP_ALLOCATE|[EXTERNAL]|Bytes:4
18:11:23.116 (160270122)|VARIABLE_SCOPE_BEGIN|[31]|this|Database.BatchableContextImpl|true|false
18:11:23.116 (160357303)|VARIABLE_ASSIGNMENT|[31]|this|{}|0x79603361
18:11:23.116 (160365772)|VARIABLE_SCOPE_BEGIN|[31]|jobId|Id|false|false
18:11:23.116 (160671365)|VARIABLE_ASSIGNMENT|[31]|jobId|"7077Q00000pdv3rQAA"
18:11:23.116 (160683874)|VARIABLE_SCOPE_BEGIN|[31]|childJobId|Id|false|false
18:11:23.116 (160694479)|VARIABLE_ASSIGNMENT|[31]|childJobId|null
18:11:23.116 (160957985)|HEAP_ALLOCATE|[EXTERNAL]|Bytes:4
18:11:23.116 (160965428)|HEAP_ALLOCATE|[EXTERNAL]|Bytes:12
18:11:23.116 (160975766)|VARIABLE_SCOPE_BEGIN|[15]|this|UpdateInactiveAccounts|true|false
18:11:23.116 (160999107)|VARIABLE_ASSIGNMENT|[15]|this|{}|0x1b00c72e
18:11:23.116 (161004975)|VARIABLE_SCOPE_BEGIN|[15]|info|Database.BatchableContext|true|false
18:11:23.116 (161147107)|VARIABLE_ASSIGNMENT|[15]|info|{"jobId":"7077Q00000pdv3rQAA"}|0x79603361
18:11:23.116 (161163350)|STATEMENT_EXECUTE|[15]
18:11:23.116 (161165035)|STATEMENT_EXECUTE|[18]
18:11:23.116 (161169994)|HEAP_ALLOCATE|[18]|Bytes:130
18:11:23.116 (161610213)|EXCEPTION_THROWN|[18]|System.QueryException: unexpected token: 'FROM'
18:11:23.116 (161769857)|HEAP_ALLOCATE|[18]|Bytes:28
18:11:23.116 (161892161)|FATAL_ERROR|System.QueryException: unexpected token: 'FROM'

Class.UpdateInactiveAccounts.start: line 18, column 1
18:11:23.162 (162213664)|CUMULATIVE_LIMIT_USAGE
18:11:23.162 (162213664)|LIMIT_USAGE_FOR_NS|(default)|
  Number of SOQL queries: 0 out of 200
  Number of query rows: 0 out of 50000
  Number of SOSL queries: 0 out of 20
  Number of DML statements: 0 out of 150
  Number of Publish Immediate DML: 0 out of 150
  Number of DML rows: 0 out of 10000
  Maximum CPU time: 0 out of 60000
  Maximum heap size: 0 out of 12000000
  Number of callouts: 0 out of 100
  Number of Email Invocations: 0 out of 10
  Number of future calls: 0 out of 0
  Number of queueable jobs added to the queue: 0 out of 1
  Number of Mobile Apex push calls: 0 out of 10

18:11:23.162 (162213664)|CUMULATIVE_LIMIT_USAGE_END

18:11:23.116 (162264178)|CODE_UNIT_FINISHED|UpdateInactiveAccounts
18:11:23.116 (163442718)|HEAP_ALLOCATE|[19]|Bytes:28
18:11:23.116 (163467604)|METHOD_EXIT|[17]||System.Test.stopTest()
18:11:23.116 (163482629)|SYSTEM_MODE_EXIT|false
18:11:23.116 (163539094)|FATAL_ERROR|System.QueryException: unexpected token: 'FROM'

Class.UpdateInactiveAccounts.start: line 18, column 1
18:11:23.116 (163551814)|FATAL_ERROR|System.QueryException: unexpected token: 'FROM'

Class.UpdateInactiveAccounts.start: line 18, column 1
18:11:23.163 (163564380)|CUMULATIVE_LIMIT_USAGE
18:11:23.163 (163564380)|LIMIT_USAGE_FOR_NS|(default)|
  Number of SOQL queries: 1 out of 100
  Number of query rows: 1 out of 50000
  Number of SOSL queries: 0 out of 20
  Number of DML statements: 1 out of 150
  Number of Publish Immediate DML: 0 out of 150
  Number of DML rows: 1 out of 10000
  Maximum CPU time: 0 out of 10000
  Maximum heap size: 0 out of 6000000
  Number of callouts: 0 out of 100
  Number of Email Invocations: 0 out of 10
  Number of future calls: 0 out of 50
  Number of queueable jobs added to the queue: 0 out of 50
  Number of Mobile Apex push calls: 0 out of 10

18:11:23.163 (163564380)|TESTING_LIMITS
18:11:23.163 (163564380)|LIMIT_USAGE_FOR_NS|(default)|
  Number of SOQL queries: 0 out of 100
  Number of query rows: 0 out of 50000
  Number of SOSL queries: 0 out of 20
  Number of DML statements: 0 out of 150
  Number of Publish Immediate DML: 0 out of 150
  Number of DML rows: 0 out of 10000
  Maximum CPU time: 0 out of 10000
  Maximum heap size: 0 out of 6000000
  Number of callouts: 0 out of 100
  Number of Email Invocations: 0 out of 10
  Number of future calls: 0 out of 50
  Number of queueable jobs added to the queue: 0 out of 50
  Number of Mobile Apex push calls: 0 out of 10

18:11:23.163 (163564380)|CUMULATIVE_LIMIT_USAGE_END

18:11:23.116 (163606003)|CODE_UNIT_FINISHED|UpdateInactiveAccountsTest.updateInactiveAccountTest()
18:11:23.116 (163613237)|EXECUTION_FINISHED
18:11:23.244 (244293194)|USER_INFO|[EXTERNAL]|0057Q000006GxKb|p11@projetoc.com|(GMT+02:00) Central European Summer Time (Europe/Paris)|GMT+02:00
18:11:23.244 (244331011)|EXECUTION_STARTED
18:11:23.244 (244337054)|CODE_UNIT_STARTED|[EXTERNAL]|DuplicateDetector
18:11:23.244 (244347064)|DUPLICATE_DETECTION_BEGIN
18:11:23.244 (244404168)|DUPLICATE_DETECTION_RULE_INVOCATION|DuplicateRuleId:0Bm7Q00000HCznx|DuplicateRuleName:Standard Account Duplicate Rule|DmlType:INSERT
18:11:23.244 (254940599)|DUPLICATE_DETECTION_END
18:11:23.244 (254969256)|CODE_UNIT_FINISHED|DuplicateDetector
18:11:23.244 (254988019)|EXECUTION_FINISHED
