55.0 APEX_CODE,FINEST;APEX_PROFILING,INFO;CALLOUT,INFO;DB,INFO;NBA,INFO;SYSTEM,DEBUG;VALIDATION,INFO;VISUALFORCE,FINER;WAVE,INFO;WORKFLOW,INFO
17:46:59.3 (3244773)|USER_INFO|[EXTERNAL]|0057Q000006GxKb|p11@projetoc.com|(GMT+02:00) Central European Summer Time (Europe/Paris)|GMT+02:00
17:46:59.3 (3297166)|EXECUTION_STARTED
17:46:59.3 (3305159)|CODE_UNIT_STARTED|[EXTERNAL]|01p7Q00000NmPBp|SetAccountToActiveTest.makeData()
17:46:59.3 (3575645)|HEAP_ALLOCATE|[79]|Bytes:3
17:46:59.3 (3644062)|HEAP_ALLOCATE|[84]|Bytes:152
17:46:59.3 (3702398)|HEAP_ALLOCATE|[399]|Bytes:408
17:46:59.3 (3722521)|HEAP_ALLOCATE|[412]|Bytes:408
17:46:59.3 (3739531)|HEAP_ALLOCATE|[520]|Bytes:48
17:46:59.3 (3779062)|HEAP_ALLOCATE|[139]|Bytes:6
17:46:59.3 (3795396)|HEAP_ALLOCATE|[EXTERNAL]|Bytes:26
17:46:59.3 (3836072)|METHOD_ENTRY|[2]|01p7Q00000NmPBp|SetAccountToActiveTest.SetAccountToActiveTest()
17:46:59.3 (3843045)|STATEMENT_EXECUTE|[2]
17:46:59.3 (3854490)|STATEMENT_EXECUTE|[2]
17:46:59.3 (3863512)|METHOD_EXIT|[2]|SetAccountToActiveTest
17:46:59.3 (3901451)|HEAP_ALLOCATE|[52]|Bytes:5
17:46:59.3 (3929551)|HEAP_ALLOCATE|[58]|Bytes:5
17:46:59.3 (3938231)|HEAP_ALLOCATE|[66]|Bytes:7
17:46:59.3 (3992720)|STATEMENT_EXECUTE|[5]
17:46:59.3 (3994763)|STATEMENT_EXECUTE|[6]
17:46:59.3 (3997777)|HEAP_ALLOCATE|[6]|Bytes:11
17:46:59.3 (5716263)|HEAP_ALLOCATE|[6]|Bytes:13
17:46:59.3 (5753603)|METHOD_ENTRY|[1]|01p7Q00000NmNOr|DataFactory.DataFactory()
17:46:59.3 (5761324)|STATEMENT_EXECUTE|[1]
17:46:59.3 (5767548)|STATEMENT_EXECUTE|[1]
17:46:59.3 (6221462)|SYSTEM_MODE_ENTER|false
17:46:59.3 (6244610)|HEAP_ALLOCATE|[6]|Bytes:5
17:46:59.3 (6257562)|SYSTEM_MODE_EXIT|false
17:46:59.3 (6275228)|METHOD_EXIT|[1]|DataFactory
17:46:59.3 (6308331)|METHOD_ENTRY|[6]|01p7Q00000NmNOr|DataFactory.createAccount(String)
17:46:59.3 (6401402)|VARIABLE_SCOPE_BEGIN|[3]|actName|String|false|false
17:46:59.3 (6670825)|VARIABLE_ASSIGNMENT|[3]|actName|"TestAccount"
17:46:59.3 (6697956)|SYSTEM_MODE_ENTER|false
17:46:59.3 (6706944)|HEAP_ALLOCATE|[5]|Bytes:5
17:46:59.3 (6713779)|STATEMENT_EXECUTE|[3]
17:46:59.3 (6715494)|STATEMENT_EXECUTE|[5]
17:46:59.3 (6758572)|HEAP_ALLOCATE|[5]|Bytes:4
17:46:59.3 (6891808)|VARIABLE_SCOPE_BEGIN|[5]|act|Account|true|false
17:46:59.3 (7911989)|VARIABLE_ASSIGNMENT|[5]|act|{}|0x19a578e7
17:46:59.3 (7922986)|STATEMENT_EXECUTE|[6]
17:46:59.3 (8158204)|VARIABLE_ASSIGNMENT|[6]|this.Name|"TestAccount"|0x19a578e7
17:46:59.3 (8168457)|STATEMENT_EXECUTE|[7]
17:46:59.3 (9260179)|VARIABLE_ASSIGNMENT|[7]|this.Active__c|false|0x19a578e7
17:46:59.3 (9268266)|STATEMENT_EXECUTE|[8]
17:46:59.3 (9292315)|SYSTEM_MODE_EXIT|false
17:46:59.3 (9314831)|METHOD_EXIT|[6]|01p7Q00000NmNOr|DataFactory.createAccount(String)
17:46:59.3 (9324743)|VARIABLE_SCOPE_BEGIN|[6]|act|Account|true|false
17:46:59.3 (9376505)|VARIABLE_ASSIGNMENT|[6]|act|{"Name":"TestAccount","Active__c":false}|0x19a578e7
17:46:59.3 (9382194)|STATEMENT_EXECUTE|[7]
17:46:59.3 (9429567)|HEAP_ALLOCATE|[7]|Bytes:8
17:46:59.3 (9452364)|DML_BEGIN|[7]|Op:Insert|Type:Account|Rows:1
17:46:59.3 (9497134)|HEAP_ALLOCATE|[EXTERNAL]|Bytes:8
17:46:59.3 (41867045)|CODE_UNIT_STARTED|[EXTERNAL]|DuplicateDetector
17:46:59.3 (41893705)|DUPLICATE_DETECTION_BEGIN
17:46:59.3 (44057355)|DUPLICATE_DETECTION_RULE_INVOCATION|DuplicateRuleId:0Bm7Q00000HCznx|DuplicateRuleName:Standard Account Duplicate Rule|DmlType:INSERT
17:46:59.3 (172909092)|DUPLICATE_DETECTION_MATCH_INVOCATION_DETAILS|EntityType:Account|ActionTaken:Allow_[Alert,Report]|DuplicateRecordIds:
17:46:59.3 (172969434)|DUPLICATE_DETECTION_MATCH_INVOCATION_SUMMARY|EntityType:Account|NumRecordsToBeSaved:1|NumRecordsToBeSavedWithDuplicates:0|NumDuplicateRecordsFound:0
17:46:59.3 (173421441)|DUPLICATE_DETECTION_END
17:46:59.3 (173441172)|CODE_UNIT_FINISHED|DuplicateDetector
17:46:59.3 (231371374)|DML_END|[7]
17:46:59.231 (231444739)|CUMULATIVE_LIMIT_USAGE
17:46:59.231 (231444739)|LIMIT_USAGE_FOR_NS|(default)|
  Number of SOQL queries: 0 out of 100
  Number of query rows: 0 out of 50000
  Number of SOSL queries: 0 out of 20
  Number of DML statements: 1 out of 150
  Number of Publish Immediate DML: 0 out of 150
  Number of DML rows: 1 out of 10000
  Maximum CPU time: 0 out of 10000
  Maximum heap size: 0 out of 6000000
  Number of callouts: 0 out of 100
  Number of Email Invocations: 0 out of 10
  Number of future calls: 0 out of 50
  Number of queueable jobs added to the queue: 0 out of 50
  Number of Mobile Apex push calls: 0 out of 10

17:46:59.231 (231444739)|CUMULATIVE_LIMIT_USAGE_END

17:46:59.3 (231541772)|CODE_UNIT_FINISHED|SetAccountToActiveTest.makeData()
17:46:59.3 (231566743)|EXECUTION_FINISHED
17:46:59.247 (247005904)|USER_INFO|[EXTERNAL]|0057Q000006GxKb|p11@projetoc.com|(GMT+02:00) Central European Summer Time (Europe/Paris)|GMT+02:00
17:46:59.247 (247030913)|EXECUTION_STARTED
17:46:59.247 (247037579)|CODE_UNIT_STARTED|[EXTERNAL]|01p7Q00000NmPBp|SetAccountToActiveTest.setAccountToActiveTest()
17:46:59.247 (247209009)|HEAP_ALLOCATE|[79]|Bytes:3
17:46:59.247 (247255015)|HEAP_ALLOCATE|[84]|Bytes:152
17:46:59.247 (247275662)|HEAP_ALLOCATE|[399]|Bytes:408
17:46:59.247 (247303588)|HEAP_ALLOCATE|[412]|Bytes:408
17:46:59.247 (247319154)|HEAP_ALLOCATE|[520]|Bytes:48
17:46:59.247 (247344669)|HEAP_ALLOCATE|[139]|Bytes:6
17:46:59.247 (247358098)|HEAP_ALLOCATE|[EXTERNAL]|Bytes:26
17:46:59.247 (247369871)|METHOD_ENTRY|[2]|01p7Q00000NmPBp|SetAccountToActiveTest.SetAccountToActiveTest()
17:46:59.247 (247375860)|STATEMENT_EXECUTE|[2]
17:46:59.247 (247383951)|STATEMENT_EXECUTE|[2]
17:46:59.247 (247389920)|METHOD_EXIT|[2]|SetAccountToActiveTest
17:46:59.247 (247416560)|HEAP_ALLOCATE|[52]|Bytes:5
17:46:59.247 (247441051)|HEAP_ALLOCATE|[58]|Bytes:5
17:46:59.247 (247448702)|HEAP_ALLOCATE|[66]|Bytes:7
17:46:59.247 (247488650)|STATEMENT_EXECUTE|[11]
17:46:59.247 (247490565)|STATEMENT_EXECUTE|[13]
17:46:59.247 (247535795)|HEAP_ALLOCATE|[13]|Bytes:4
17:46:59.247 (247573620)|VARIABLE_SCOPE_BEGIN|[13]|act|Account|true|false
17:46:59.247 (247698964)|VARIABLE_ASSIGNMENT|[13]|act|{}|0x6e14ec9a
17:46:59.247 (247705737)|STATEMENT_EXECUTE|[14]
17:46:59.247 (247709139)|HEAP_ALLOCATE|[14]|Bytes:41
17:46:59.247 (247733906)|HEAP_ALLOCATE|[14]|Bytes:4
17:46:59.247 (248806990)|SOQL_EXECUTE_BEGIN|[14]|Aggregations:0|SELECT Id, Active__c FROM Account LIMIT 1
17:46:59.247 (271660969)|SOQL_EXECUTE_END|[14]|Rows:1
17:46:59.247 (271703980)|HEAP_ALLOCATE|[14]|Bytes:8
17:46:59.247 (271753418)|HEAP_ALLOCATE|[14]|Bytes:46
17:46:59.247 (271930994)|HEAP_ALLOCATE|[14]|Bytes:8
17:46:59.247 (271964393)|HEAP_ALLOCATE|[14]|Bytes:33
17:46:59.247 (272055992)|HEAP_ALLOCATE|[14]|Bytes:12
17:46:59.247 (272108812)|VARIABLE_ASSIGNMENT|[14]|act|{"Id":"0017Q00000XgjvgQAB","Active__c":false}|0x198aefc4
17:46:59.247 (272122718)|STATEMENT_EXECUTE|[17]
17:46:59.247 (272178017)|HEAP_ALLOCATE|[17]|Bytes:82
17:46:59.247 (272207835)|SYSTEM_METHOD_ENTRY|[1]|Test.Test()
17:46:59.247 (272216208)|STATEMENT_EXECUTE|[1]
17:46:59.247 (272235792)|SYSTEM_METHOD_EXIT|[1]|Test
17:46:59.247 (272259693)|METHOD_ENTRY|[17]||System.Test.startTest()
17:46:59.247 (274017610)|METHOD_EXIT|[17]||System.Test.startTest()
17:46:59.247 (274035445)|STATEMENT_EXECUTE|[18]
17:46:59.247 (274127877)|HEAP_ALLOCATE|[18]|Bytes:18
17:46:59.247 (274155851)|HEAP_ALLOCATE|[18]|Bytes:13
17:46:59.247 (274172888)|METHOD_ENTRY|[1]|01p7Q00000NmNOr|DataFactory.DataFactory()
17:46:59.247 (274181877)|STATEMENT_EXECUTE|[1]
17:46:59.247 (274188221)|STATEMENT_EXECUTE|[1]
17:46:59.247 (274926498)|SYSTEM_MODE_ENTER|false
17:46:59.247 (274962878)|HEAP_ALLOCATE|[18]|Bytes:5
17:46:59.247 (274983526)|SYSTEM_MODE_EXIT|false
17:46:59.247 (275011816)|METHOD_EXIT|[1]|DataFactory
17:46:59.247 (275052998)|METHOD_ENTRY|[18]|01p7Q00000NmNOr|DataFactory.createOrders(String, Integer)
17:46:59.247 (275165137)|VARIABLE_SCOPE_BEGIN|[11]|accountId|String|false|false
17:46:59.247 (275191310)|VARIABLE_ASSIGNMENT|[11]|accountId|"0017Q00000XgjvgQAB"
17:46:59.247 (275199804)|VARIABLE_SCOPE_BEGIN|[11]|ordsNumber|Integer|false|false
17:46:59.247 (275213740)|VARIABLE_ASSIGNMENT|[11]|ordsNumber|1
17:46:59.247 (275236930)|SYSTEM_MODE_ENTER|false
17:46:59.247 (275247537)|HEAP_ALLOCATE|[12]|Bytes:5
17:46:59.247 (275255680)|STATEMENT_EXECUTE|[11]
17:46:59.247 (275258064)|STATEMENT_EXECUTE|[12]
17:46:59.247 (275277684)|HEAP_ALLOCATE|[12]|Bytes:4
17:46:59.247 (275468477)|VARIABLE_SCOPE_BEGIN|[12]|ordsList|List<Order>|true|false
17:46:59.247 (275484393)|HEAP_ALLOCATE|[EXTERNAL]|Bytes:4
17:46:59.247 (275500809)|VARIABLE_ASSIGNMENT|[12]|ordsList|[]|0x235138c8
17:46:59.247 (275509049)|STATEMENT_EXECUTE|[13]
17:46:59.247 (275513401)|VARIABLE_SCOPE_BEGIN|[13]|i|Integer|false|false
17:46:59.247 (275520931)|HEAP_ALLOCATE|[13]|Bytes:4
17:46:59.247 (275544220)|VARIABLE_ASSIGNMENT|[13]|i|0
17:46:59.247 (275553602)|STATEMENT_EXECUTE|[13]
17:46:59.247 (275555945)|STATEMENT_EXECUTE|[14]
17:46:59.247 (275604101)|HEAP_ALLOCATE|[14]|Bytes:4
17:46:59.247 (275733409)|HEAP_ALLOCATE|[14]|Bytes:4
17:46:59.247 (275828393)|VARIABLE_ASSIGNMENT|[14]|this.AccountId|"0017Q00000XgjvgQAB"|0x75982265
17:46:59.247 (275850396)|METHOD_ENTRY|[14]||System.Test.getStandardPricebookId()
17:46:59.247 (277375404)|METHOD_EXIT|[14]||System.Test.getStandardPricebookId()
17:46:59.247 (277469297)|VARIABLE_ASSIGNMENT|[14]|this.Pricebook2Id|"01s7Q00000GDj3WQAT"|0x75982265
17:46:59.247 (277484400)|HEAP_ALLOCATE|[14]|Bytes:5
17:46:59.247 (277516803)|VARIABLE_ASSIGNMENT|[14]|this.Status|"Draft"|0x75982265
17:46:59.247 (277575891)|HEAP_ALLOCATE|[14]|Bytes:4
17:46:59.247 (277619581)|HEAP_ALLOCATE|[14]|Bytes:4
17:46:59.247 (277682718)|VARIABLE_ASSIGNMENT|[14]|this.EffectiveDate|"2022-10-15T00:00:00.000Z"|0x75982265
17:46:59.247 (277729924)|VARIABLE_SCOPE_BEGIN|[14]|ord|Order|true|false
17:46:59.247 (277786267)|VARIABLE_ASSIGNMENT|[14]|ord|{"AccountId":"0017Q00000XgjvgQAB","Pricebook2Id":"01s7Q00000GDj3WQAT","Status":"Draft","EffectiveDate":"2022-10-15T00:00:00.000Z"}|0x75982265
17:46:59.247 (277797176)|STATEMENT_EXECUTE|[15]
17:46:59.247 (277871275)|HEAP_ALLOCATE|[EXTERNAL]|Bytes:4
17:46:59.247 (277890014)|HEAP_ALLOCATE|[13]|Bytes:4
17:46:59.247 (277951372)|VARIABLE_ASSIGNMENT|[13]|i|1
17:46:59.247 (277964607)|STATEMENT_EXECUTE|[17]
17:46:59.247 (277973942)|SYSTEM_MODE_EXIT|false
17:46:59.247 (277991570)|METHOD_EXIT|[18]|01p7Q00000NmNOr|DataFactory.createOrders(String, Integer)
17:46:59.247 (278002414)|VARIABLE_SCOPE_BEGIN|[18]|orders|List<Order>|true|false
17:46:59.247 (278050577)|VARIABLE_ASSIGNMENT|[18]|orders|[{"AccountId":"0017Q00000XgjvgQAB","Pricebook2Id":"01s7Q00000GDj3WQAT","Status":"Draft","EffectiveDate":"2022-10-15T00:00:00.000Z"}]|0x235138c8
17:46:59.247 (278059598)|STATEMENT_EXECUTE|[19]
17:46:59.247 (278159774)|DML_BEGIN|[19]|Op:Insert|Type:Order|Rows:1
17:46:59.247 (278212450)|HEAP_ALLOCATE|[EXTERNAL]|Bytes:8
17:46:59.247 (323335342)|CODE_UNIT_STARTED|[EXTERNAL]|01q7Q000000cs5i|OrderTrigger on Order trigger event AfterInsert|__sfdc_trigger/OrderTrigger
17:46:59.247 (323424367)|HEAP_ALLOCATE|[EXTERNAL]|Bytes:8
17:46:59.247 (323630853)|HEAP_ALLOCATE|[EXTERNAL]|Bytes:4
17:46:59.247 (323667128)|VARIABLE_SCOPE_BEGIN|[1]|this|OrderTrigger|true|false
17:46:59.247 (323806348)|VARIABLE_ASSIGNMENT|[1]|this|{}|0xf3e733b
17:46:59.247 (323867013)|HEAP_ALLOCATE|[EXTERNAL]|Bytes:4
17:46:59.247 (323877096)|VARIABLE_SCOPE_BEGIN|[1]|this|OrderTrigger|true|false
17:46:59.247 (323918364)|VARIABLE_ASSIGNMENT|[1]|this|{}|0xf3e733b
17:46:59.247 (323927318)|STATEMENT_EXECUTE|[1]
17:46:59.247 (323958680)|STATEMENT_EXECUTE|[5]
17:46:59.247 (323960640)|STATEMENT_EXECUTE|[6]
17:46:59.247 (325228704)|HEAP_ALLOCATE|[6]|Bytes:5
17:46:59.247 (325283487)|METHOD_ENTRY|[1]|01p7Q00000Nlklx|OrderTriggerHandler.OrderTriggerHandler()
17:46:59.247 (325291791)|STATEMENT_EXECUTE|[1]
17:46:59.247 (325298628)|STATEMENT_EXECUTE|[1]
17:46:59.247 (325889517)|SYSTEM_MODE_ENTER|false
17:46:59.247 (325910109)|HEAP_ALLOCATE|[6]|Bytes:5
17:46:59.247 (325925225)|SYSTEM_MODE_EXIT|false
17:46:59.247 (325942407)|METHOD_EXIT|[1]|OrderTriggerHandler
17:46:59.247 (325970475)|METHOD_ENTRY|[6]|01p7Q00000Nlklx|OrderTriggerHandler.setAccountToActive(List<Order>)
17:46:59.247 (326011180)|VARIABLE_SCOPE_BEGIN|[17]|Orders|List<Order>|true|false
17:46:59.247 (326849084)|VARIABLE_ASSIGNMENT|[17]|Orders|[{"Status":"Draft","LastModifiedDate":"2022-09-15T15:46:59.000Z","IsDeleted":false,"AccountId":"0017Q00000XgjvgQAB","OrderNumber":"00100103","TotalAmount":0.00,"StatusCode":"Draft","IsReductionOrder":false,"SystemModstamp":"2022-09-15T15:46:59.000Z","OwnerId":"0057Q000006GxKbQAK","CreatedById":"0057Q000006GxKbQAK","CreatedDate":"2022-09-15T15:46:59.000Z","Pricebook2Id":"01s7Q00000GDj3WQAT","Id":"8017Q000000yOuGQAU","LastModifiedById":"0057Q000006GxKbQAK","EffectiveDate":"2022-10-15T00:00:00.000Z"}]|0x73831976
17:46:59.247 (326885270)|SYSTEM_MODE_ENTER|false
17:46:59.247 (326894429)|HEAP_ALLOCATE|[21]|Bytes:5
17:46:59.247 (326901255)|STATEMENT_EXECUTE|[17]
17:46:59.247 (326903177)|STATEMENT_EXECUTE|[21]
17:46:59.247 (326926573)|HEAP_ALLOCATE|[21]|Bytes:4
17:46:59.247 (327002101)|VARIABLE_SCOPE_BEGIN|[21]|setAccountIds|Set<Id>|true|false
17:46:59.247 (327038356)|VARIABLE_ASSIGNMENT|[21]|setAccountIds|[]|0x164e3422
17:46:59.247 (327211671)|HEAP_ALLOCATE|[24]|Bytes:5
17:46:59.247 (327260045)|VARIABLE_SCOPE_BEGIN|[24]|newOrder|Order|true|false
17:46:59.247 (327901867)|VARIABLE_ASSIGNMENT|[24]|newOrder|{"Status":"Draft","LastModifiedDate":"2022-09-15T15:46:59.000Z","IsDeleted":false,"AccountId":"0017Q00000XgjvgQAB","OrderNumber":"00100103","TotalAmount":0.00,"StatusCode":"Draft","IsReductionOrder":false,"SystemModstamp":"2022-09-15T15:46:59.000Z","OwnerId":"0057Q000006GxKbQAK","CreatedById":"0057Q000006GxKbQAK","CreatedDate":"2022-09-15T15:46:59.000Z","Pricebook2Id":"01s7Q00000GDj3WQAT","Id":"8017Q000000yOuGQAU","LastModifiedById":"0057Q000006GxKbQAK","EffectiveDate":"2022-10-15T00:00:00.000Z"}|0x7260697c
17:46:59.247 (327917261)|STATEMENT_EXECUTE|[24]
17:46:59.247 (327919179)|STATEMENT_EXECUTE|[25]
17:46:59.247 (328014478)|HEAP_ALLOCATE|[EXTERNAL]|Bytes:4
17:46:59.247 (328038693)|HEAP_ALLOCATE|[24]|Bytes:5
17:46:59.247 (328055683)|VARIABLE_ASSIGNMENT|[24]|newOrder|null|
17:46:59.247 (328061696)|STATEMENT_EXECUTE|[29]
17:46:59.247 (328065789)|HEAP_ALLOCATE|[29]|Bytes:78
17:46:59.247 (328084992)|HEAP_ALLOCATE|[29]|Bytes:4
17:46:59.247 (328094213)|HEAP_ALLOCATE|[29]|Bytes:7
17:46:59.247 (328133159)|HEAP_ALLOCATE|[29]|Bytes:8
17:46:59.247 (328141414)|HEAP_ALLOCATE|[29]|Bytes:8
17:46:59.247 (328712555)|SOQL_EXECUTE_BEGIN|[29]|Aggregations:1|SELECT Id, Active__c, (SELECT Id FROM Orders) FROM Account WHERE Id = :tmpVar1
17:46:59.247 (338834475)|SOQL_EXECUTE_END|[29]|Rows:1
17:46:59.247 (338871700)|HEAP_ALLOCATE|[29]|Bytes:8
17:46:59.247 (338919456)|HEAP_ALLOCATE|[29]|Bytes:116
17:46:59.247 (338960571)|HEAP_ALLOCATE|[29]|Bytes:8
17:46:59.247 (338981234)|VARIABLE_SCOPE_BEGIN|[29]|listOfAccounts|List<Account>|true|false
17:46:59.247 (339028149)|VARIABLE_ASSIGNMENT|[29]|listOfAccounts|[{"Id":"0017Q00000XgjvgQAB","Active__c":false,"Orders":[{"AccountId":"0017Q00000XgjvgQAB","Id":"8017Q000000yOuGQAU"}]}]|0x38954401
17:46:59.247 (339047324)|STATEMENT_EXECUTE|[30]
17:46:59.247 (339059013)|HEAP_ALLOCATE|[30]|Bytes:4
17:46:59.247 (339106290)|VARIABLE_SCOPE_BEGIN|[30]|listOfAccountsToUpdate|List<Account>|true|false
17:46:59.247 (339115802)|HEAP_ALLOCATE|[EXTERNAL]|Bytes:4
17:46:59.247 (339123418)|VARIABLE_ASSIGNMENT|[30]|listOfAccountsToUpdate|[]|0x3532b6
17:46:59.247 (339259242)|HEAP_ALLOCATE|[33]|Bytes:5
17:46:59.247 (339283820)|HEAP_ALLOCATE|[33]|Bytes:16
17:46:59.247 (339295029)|VARIABLE_SCOPE_BEGIN|[33]|act|Account|true|false
17:46:59.247 (339319015)|VARIABLE_ASSIGNMENT|[33]|act|{"Id":"0017Q00000XgjvgQAB","Active__c":false,"Orders":[{"AccountId":"0017Q00000XgjvgQAB","Id":"8017Q000000yOuGQAU"}]}|0x5e358b20
17:46:59.247 (339326224)|STATEMENT_EXECUTE|[33]
17:46:59.247 (339332651)|HEAP_ALLOCATE|[34]|Bytes:6
17:46:59.247 (339339355)|HEAP_ALLOCATE|[34]|Bytes:5
17:46:59.247 (339440667)|HEAP_ALLOCATE|[EXTERNAL]|Bytes:8
17:46:59.247 (339462285)|HEAP_ALLOCATE|[34]|Bytes:8
17:46:59.247 (339501435)|STATEMENT_EXECUTE|[34]
17:46:59.247 (339503482)|STATEMENT_EXECUTE|[35]
17:46:59.247 (339627113)|VARIABLE_ASSIGNMENT|[35]|this.Active__c|true|0x5e358b20
17:46:59.247 (339634703)|STATEMENT_EXECUTE|[36]
17:46:59.247 (339671362)|HEAP_ALLOCATE|[EXTERNAL]|Bytes:4
17:46:59.247 (339694025)|HEAP_ALLOCATE|[33]|Bytes:5
17:46:59.247 (339708483)|VARIABLE_ASSIGNMENT|[33]|act|null|
17:46:59.247 (339731535)|STATEMENT_EXECUTE|[39]
17:46:59.247 (339733355)|STATEMENT_EXECUTE|[40]
17:46:59.247 (339803039)|DML_BEGIN|[40]|Op:Update|Type:Account|Rows:1
17:46:59.247 (339841837)|HEAP_ALLOCATE|[EXTERNAL]|Bytes:8
17:46:59.247 (349208892)|CODE_UNIT_STARTED|[EXTERNAL]|DuplicateDetector
17:46:59.247 (349231326)|DUPLICATE_DETECTION_BEGIN
17:46:59.247 (349285002)|DUPLICATE_DETECTION_RULE_INVOCATION|DuplicateRuleId:0Bm7Q00000HCznx|DuplicateRuleName:Standard Account Duplicate Rule|DmlType:UPDATE
17:46:59.247 (349347435)|DUPLICATE_DETECTION_END
17:46:59.247 (349356992)|CODE_UNIT_FINISHED|DuplicateDetector
17:46:59.247 (373811374)|DML_END|[40]
17:46:59.247 (373926581)|HEAP_ALLOCATE|[EXTERNAL]|Bytes:8
17:46:59.247 (373976989)|SYSTEM_MODE_EXIT|false
17:46:59.247 (374020221)|METHOD_EXIT|[6]|01p7Q00000Nlklx|OrderTriggerHandler.setAccountToActive(List<Order>)
17:46:59.247 (374076416)|STATEMENT_EXECUTE|[8]
17:46:59.374 (374096581)|CUMULATIVE_LIMIT_USAGE
17:46:59.374 (374096581)|LIMIT_USAGE_FOR_NS|(default)|
  Number of SOQL queries: 1 out of 100
  Number of query rows: 1 out of 50000
  Number of SOSL queries: 0 out of 20
  Number of DML statements: 1 out of 150
  Number of Publish Immediate DML: 0 out of 150
  Number of DML rows: 1 out of 10000
  Maximum CPU time: 0 out of 10000
  Maximum heap size: 0 out of 6000000
  Number of callouts: 0 out of 100
  Number of Email Invocations: 0 out of 10
  Number of future calls: 0 out of 50
  Number of queueable jobs added to the queue: 0 out of 50
  Number of Mobile Apex push calls: 0 out of 10

17:46:59.374 (374096581)|TESTING_LIMITS
17:46:59.374 (374096581)|LIMIT_USAGE_FOR_NS|(default)|
  Number of SOQL queries: 1 out of 100
  Number of query rows: 2 out of 50000
  Number of SOSL queries: 0 out of 20
  Number of DML statements: 2 out of 150
  Number of Publish Immediate DML: 0 out of 150
  Number of DML rows: 2 out of 10000
  Maximum CPU time: 0 out of 10000
  Maximum heap size: 0 out of 6000000
  Number of callouts: 0 out of 100
  Number of Email Invocations: 0 out of 10
  Number of future calls: 0 out of 50
  Number of queueable jobs added to the queue: 0 out of 50
  Number of Mobile Apex push calls: 0 out of 10

17:46:59.374 (374096581)|CUMULATIVE_LIMIT_USAGE_END

17:46:59.247 (376047107)|CODE_UNIT_FINISHED|OrderTrigger on Order trigger event AfterInsert|__sfdc_trigger/OrderTrigger
17:46:59.247 (380791967)|DML_END|[19]
17:46:59.247 (380856422)|HEAP_ALLOCATE|[EXTERNAL]|Bytes:8
17:46:59.247 (380887109)|STATEMENT_EXECUTE|[20]
17:46:59.247 (380919026)|METHOD_ENTRY|[20]||System.Test.stopTest()
17:46:59.247 (381597123)|METHOD_EXIT|[20]||System.Test.stopTest()
17:46:59.247 (381611200)|STATEMENT_EXECUTE|[22]
17:46:59.247 (381642292)|HEAP_ALLOCATE|[22]|Bytes:4
17:46:59.247 (382157655)|SOQL_EXECUTE_BEGIN|[22]|Aggregations:1|SELECT Id, Active__c, (SELECT Id FROM Orders) FROM Account WHERE Id = :tmpVar1
17:46:59.247 (398672577)|SOQL_EXECUTE_END|[22]|Rows:1
17:46:59.247 (398722746)|HEAP_ALLOCATE|[22]|Bytes:8
17:46:59.247 (398788886)|HEAP_ALLOCATE|[22]|Bytes:116
17:46:59.247 (398847714)|HEAP_ALLOCATE|[22]|Bytes:8
17:46:59.247 (398899602)|HEAP_ALLOCATE|[22]|Bytes:16
17:46:59.247 (398913155)|VARIABLE_SCOPE_BEGIN|[22]|test|Account|true|false
17:46:59.247 (398962817)|VARIABLE_ASSIGNMENT|[22]|test|{"Id":"0017Q00000XgjvgQAB","Active__c":true,"Orders":[{"AccountId":"0017Q00000XgjvgQAB","Id":"8017Q000000yOuGQAU"}]}|0x424ea005
17:46:59.247 (398972721)|STATEMENT_EXECUTE|[23]
17:46:59.247 (399027260)|VARIABLE_SCOPE_BEGIN|[23]|result|Boolean|false|false
17:46:59.247 (399041114)|VARIABLE_ASSIGNMENT|[23]|result|false
17:46:59.247 (399045545)|STATEMENT_EXECUTE|[24]
17:46:59.247 (399053133)|HEAP_ALLOCATE|[24]|Bytes:53
17:46:59.247 (399297960)|EXCEPTION_THROWN|[24]|System.AssertException: Assertion Failed: Active_c is set to true when adding an order, test ok: Expected: true, Actual: false
17:46:59.247 (399448427)|HEAP_ALLOCATE|[24]|Bytes:106
17:46:59.247 (399572475)|FATAL_ERROR|System.AssertException: Assertion Failed: Active_c is set to true when adding an order, test ok: Expected: true, Actual: false

Class.SetAccountToActiveTest.setAccountToActiveTest: line 24, column 1
17:46:59.247 (399600034)|FATAL_ERROR|System.AssertException: Assertion Failed: Active_c is set to true when adding an order, test ok: Expected: true, Actual: false

Class.SetAccountToActiveTest.setAccountToActiveTest: line 24, column 1
17:46:59.399 (399632303)|CUMULATIVE_LIMIT_USAGE
17:46:59.399 (399632303)|LIMIT_USAGE_FOR_NS|(default)|
  Number of SOQL queries: 2 out of 100
  Number of query rows: 3 out of 50000
  Number of SOSL queries: 0 out of 20
  Number of DML statements: 1 out of 150
  Number of Publish Immediate DML: 0 out of 150
  Number of DML rows: 1 out of 10000
  Maximum CPU time: 0 out of 10000
  Maximum heap size: 0 out of 6000000
  Number of callouts: 0 out of 100
  Number of Email Invocations: 0 out of 10
  Number of future calls: 0 out of 50
  Number of queueable jobs added to the queue: 0 out of 50
  Number of Mobile Apex push calls: 0 out of 10

17:46:59.399 (399632303)|TESTING_LIMITS
17:46:59.399 (399632303)|LIMIT_USAGE_FOR_NS|(default)|
  Number of SOQL queries: 1 out of 100
  Number of query rows: 2 out of 50000
  Number of SOSL queries: 0 out of 20
  Number of DML statements: 2 out of 150
  Number of Publish Immediate DML: 0 out of 150
  Number of DML rows: 2 out of 10000
  Maximum CPU time: 0 out of 10000
  Maximum heap size: 0 out of 6000000
  Number of callouts: 0 out of 100
  Number of Email Invocations: 0 out of 10
  Number of future calls: 0 out of 50
  Number of queueable jobs added to the queue: 0 out of 50
  Number of Mobile Apex push calls: 0 out of 10

17:46:59.399 (399632303)|CUMULATIVE_LIMIT_USAGE_END

17:46:59.247 (399681083)|CODE_UNIT_FINISHED|SetAccountToActiveTest.setAccountToActiveTest()
17:46:59.247 (399689611)|EXECUTION_FINISHED
17:46:59.473 (473487776)|USER_INFO|[EXTERNAL]|0057Q000006GxKb|p11@projetoc.com|(GMT+02:00) Central European Summer Time (Europe/Paris)|GMT+02:00
17:46:59.473 (473517372)|EXECUTION_STARTED
17:46:59.473 (473523076)|CODE_UNIT_STARTED|[EXTERNAL]|DuplicateDetector
17:46:59.473 (473532948)|DUPLICATE_DETECTION_BEGIN
17:46:59.473 (473595901)|DUPLICATE_DETECTION_RULE_INVOCATION|DuplicateRuleId:0Bm7Q00000HCznx|DuplicateRuleName:Standard Account Duplicate Rule|DmlType:UPDATE
17:46:59.473 (484060018)|DUPLICATE_DETECTION_END
17:46:59.473 (484091464)|CODE_UNIT_FINISHED|DuplicateDetector
17:46:59.473 (484117170)|EXECUTION_FINISHED
17:46:59.485 (485386164)|USER_INFO|[EXTERNAL]|0057Q000006GxKb|p11@projetoc.com|(GMT+02:00) Central European Summer Time (Europe/Paris)|GMT+02:00
17:46:59.485 (485413562)|EXECUTION_STARTED
17:46:59.485 (485418069)|CODE_UNIT_STARTED|[EXTERNAL]|DuplicateDetector
17:46:59.485 (485427842)|DUPLICATE_DETECTION_BEGIN
17:46:59.485 (485491790)|DUPLICATE_DETECTION_RULE_INVOCATION|DuplicateRuleId:0Bm7Q00000HCznx|DuplicateRuleName:Standard Account Duplicate Rule|DmlType:INSERT
17:46:59.485 (494106085)|DUPLICATE_DETECTION_END
17:46:59.485 (494126079)|CODE_UNIT_FINISHED|DuplicateDetector
17:46:59.485 (494142162)|EXECUTION_FINISHED
