55.0 APEX_CODE,FINEST;APEX_PROFILING,INFO;CALLOUT,INFO;DB,INFO;NBA,INFO;SYSTEM,DEBUG;VALIDATION,INFO;VISUALFORCE,FINER;WAVE,INFO;WORKFLOW,INFO
17:18:44.4 (4495892)|USER_INFO|[EXTERNAL]|0057Q000006GxKb|p11@projetoc.com|(GMT+02:00) Central European Summer Time (Europe/Paris)|GMT+02:00
17:18:44.4 (4609215)|EXECUTION_STARTED
17:18:44.4 (4620901)|CODE_UNIT_STARTED|[EXTERNAL]|01p7Q00000NmPBp|SetAccountToActiveTest.makeData()
17:18:44.4 (5591610)|HEAP_ALLOCATE|[79]|Bytes:3
17:18:44.4 (5655054)|HEAP_ALLOCATE|[84]|Bytes:152
17:18:44.4 (5678404)|HEAP_ALLOCATE|[399]|Bytes:408
17:18:44.4 (5700442)|HEAP_ALLOCATE|[412]|Bytes:408
17:18:44.4 (5717858)|HEAP_ALLOCATE|[520]|Bytes:48
17:18:44.4 (5747752)|HEAP_ALLOCATE|[139]|Bytes:6
17:18:44.4 (5763010)|HEAP_ALLOCATE|[EXTERNAL]|Bytes:20
17:18:44.4 (5810128)|METHOD_ENTRY|[2]|01p7Q00000NmPBp|SetAccountToActiveTest.SetAccountToActiveTest()
17:18:44.4 (5820325)|STATEMENT_EXECUTE|[2]
17:18:44.4 (5842614)|STATEMENT_EXECUTE|[2]
17:18:44.4 (5852857)|METHOD_EXIT|[2]|SetAccountToActiveTest
17:18:44.4 (5886634)|HEAP_ALLOCATE|[52]|Bytes:5
17:18:44.4 (5921911)|HEAP_ALLOCATE|[58]|Bytes:5
17:18:44.4 (5931222)|HEAP_ALLOCATE|[66]|Bytes:7
17:18:44.4 (5979482)|STATEMENT_EXECUTE|[5]
17:18:44.4 (5981530)|STATEMENT_EXECUTE|[6]
17:18:44.4 (5984180)|HEAP_ALLOCATE|[6]|Bytes:11
17:18:44.4 (7287334)|HEAP_ALLOCATE|[6]|Bytes:13
17:18:44.4 (7318556)|METHOD_ENTRY|[1]|01p7Q00000NmNOr|DataFactory.DataFactory()
17:18:44.4 (7325795)|STATEMENT_EXECUTE|[1]
17:18:44.4 (7341647)|STATEMENT_EXECUTE|[1]
17:18:44.4 (7903728)|SYSTEM_MODE_ENTER|false
17:18:44.4 (7927104)|HEAP_ALLOCATE|[6]|Bytes:5
17:18:44.4 (7946300)|SYSTEM_MODE_EXIT|false
17:18:44.4 (7964837)|METHOD_EXIT|[1]|DataFactory
17:18:44.4 (8040948)|METHOD_ENTRY|[6]|01p7Q00000NmNOr|DataFactory.createAccount(String)
17:18:44.4 (8171279)|VARIABLE_SCOPE_BEGIN|[3]|actName|String|false|false
17:18:44.4 (8477762)|VARIABLE_ASSIGNMENT|[3]|actName|"TestAccount"
17:18:44.4 (8501554)|SYSTEM_MODE_ENTER|false
17:18:44.4 (8509930)|HEAP_ALLOCATE|[5]|Bytes:5
17:18:44.4 (8526884)|STATEMENT_EXECUTE|[3]
17:18:44.4 (8528863)|STATEMENT_EXECUTE|[5]
17:18:44.4 (8563373)|HEAP_ALLOCATE|[5]|Bytes:4
17:18:44.4 (8679156)|VARIABLE_SCOPE_BEGIN|[5]|act|Account|true|false
17:18:44.4 (8782546)|VARIABLE_ASSIGNMENT|[5]|act|{}|0x5a7012d3
17:18:44.4 (8791099)|STATEMENT_EXECUTE|[6]
17:18:44.4 (9934055)|VARIABLE_ASSIGNMENT|[6]|this.Name|"TestAccount"|0x5a7012d3
17:18:44.4 (9947083)|STATEMENT_EXECUTE|[7]
17:18:44.4 (10026999)|VARIABLE_ASSIGNMENT|[7]|this.Active__c|false|0x5a7012d3
17:18:44.4 (10034500)|STATEMENT_EXECUTE|[8]
17:18:44.4 (10041268)|SYSTEM_MODE_EXIT|false
17:18:44.4 (10063305)|METHOD_EXIT|[6]|01p7Q00000NmNOr|DataFactory.createAccount(String)
17:18:44.4 (10074948)|VARIABLE_SCOPE_BEGIN|[6]|act|Account|true|false
17:18:44.4 (10107182)|VARIABLE_ASSIGNMENT|[6]|act|{"Name":"TestAccount","Active__c":false}|0x5a7012d3
17:18:44.4 (10113123)|STATEMENT_EXECUTE|[7]
17:18:44.4 (10168714)|HEAP_ALLOCATE|[7]|Bytes:8
17:18:44.4 (10208922)|DML_BEGIN|[7]|Op:Insert|Type:Account|Rows:1
17:18:44.4 (10266106)|HEAP_ALLOCATE|[EXTERNAL]|Bytes:8
17:18:44.4 (27993508)|CODE_UNIT_STARTED|[EXTERNAL]|DuplicateDetector
17:18:44.4 (28027189)|DUPLICATE_DETECTION_BEGIN
17:18:44.4 (28658699)|DUPLICATE_DETECTION_RULE_INVOCATION|DuplicateRuleId:0Bm7Q00000HCznx|DuplicateRuleName:Standard Account Duplicate Rule|DmlType:INSERT
17:18:44.4 (51660848)|DUPLICATE_DETECTION_MATCH_INVOCATION_DETAILS|EntityType:Account|ActionTaken:Allow_[Alert,Report]|DuplicateRecordIds:
17:18:44.4 (51688325)|DUPLICATE_DETECTION_MATCH_INVOCATION_SUMMARY|EntityType:Account|NumRecordsToBeSaved:1|NumRecordsToBeSavedWithDuplicates:0|NumDuplicateRecordsFound:0
17:18:44.4 (51979404)|DUPLICATE_DETECTION_END
17:18:44.4 (51995920)|CODE_UNIT_FINISHED|DuplicateDetector
17:18:44.4 (88152891)|DML_END|[7]
17:18:44.88 (88198088)|CUMULATIVE_LIMIT_USAGE
17:18:44.88 (88198088)|LIMIT_USAGE_FOR_NS|(default)|
  Number of SOQL queries: 0 out of 100
  Number of query rows: 0 out of 50000
  Number of SOSL queries: 0 out of 20
  Number of DML statements: 1 out of 150
  Number of Publish Immediate DML: 0 out of 150
  Number of DML rows: 1 out of 10000
  Maximum CPU time: 0 out of 10000
  Maximum heap size: 0 out of 6000000
  Number of callouts: 0 out of 100
  Number of Email Invocations: 0 out of 10
  Number of future calls: 0 out of 50
  Number of queueable jobs added to the queue: 0 out of 50
  Number of Mobile Apex push calls: 0 out of 10

17:18:44.88 (88198088)|CUMULATIVE_LIMIT_USAGE_END

17:18:44.4 (88305762)|CODE_UNIT_FINISHED|SetAccountToActiveTest.makeData()
17:18:44.4 (88327084)|EXECUTION_FINISHED
17:18:44.97 (97568920)|USER_INFO|[EXTERNAL]|0057Q000006GxKb|p11@projetoc.com|(GMT+02:00) Central European Summer Time (Europe/Paris)|GMT+02:00
17:18:44.97 (97589015)|EXECUTION_STARTED
17:18:44.97 (97593917)|CODE_UNIT_STARTED|[EXTERNAL]|01p7Q00000NmPBp|SetAccountToActiveTest.setAccountToActiveTest()
17:18:44.97 (97735500)|HEAP_ALLOCATE|[79]|Bytes:3
17:18:44.97 (97766751)|HEAP_ALLOCATE|[84]|Bytes:152
17:18:44.97 (97784593)|HEAP_ALLOCATE|[399]|Bytes:408
17:18:44.97 (97805163)|HEAP_ALLOCATE|[412]|Bytes:408
17:18:44.97 (97822816)|HEAP_ALLOCATE|[520]|Bytes:48
17:18:44.97 (97848885)|HEAP_ALLOCATE|[139]|Bytes:6
17:18:44.97 (97863257)|HEAP_ALLOCATE|[EXTERNAL]|Bytes:20
17:18:44.97 (97881955)|METHOD_ENTRY|[2]|01p7Q00000NmPBp|SetAccountToActiveTest.SetAccountToActiveTest()
17:18:44.97 (97888051)|STATEMENT_EXECUTE|[2]
17:18:44.97 (97895226)|STATEMENT_EXECUTE|[2]
17:18:44.97 (97900787)|METHOD_EXIT|[2]|SetAccountToActiveTest
17:18:44.97 (97920005)|HEAP_ALLOCATE|[52]|Bytes:5
17:18:44.97 (97940680)|HEAP_ALLOCATE|[58]|Bytes:5
17:18:44.97 (97953070)|HEAP_ALLOCATE|[66]|Bytes:7
17:18:44.97 (97992049)|STATEMENT_EXECUTE|[11]
17:18:44.97 (97994140)|STATEMENT_EXECUTE|[13]
17:18:44.97 (97996873)|HEAP_ALLOCATE|[13]|Bytes:41
17:18:44.97 (98010824)|HEAP_ALLOCATE|[13]|Bytes:4
17:18:44.97 (98277202)|SOQL_EXECUTE_BEGIN|[13]|Aggregations:0|SELECT Id, Active__c FROM Account LIMIT 1
17:18:44.97 (103159661)|SOQL_EXECUTE_END|[13]|Rows:1
17:18:44.97 (103196687)|HEAP_ALLOCATE|[13]|Bytes:8
17:18:44.97 (103234738)|HEAP_ALLOCATE|[13]|Bytes:46
17:18:44.97 (103348478)|HEAP_ALLOCATE|[13]|Bytes:8
17:18:44.97 (103367136)|HEAP_ALLOCATE|[13]|Bytes:33
17:18:44.97 (103452671)|HEAP_ALLOCATE|[13]|Bytes:12
17:18:44.97 (103466927)|VARIABLE_SCOPE_BEGIN|[13]|act|Account|true|false
17:18:44.97 (103643739)|VARIABLE_ASSIGNMENT|[13]|act|{"Id":"0017Q00000XgjhOQAR","Active__c":false}|0x4518cac1
17:18:44.97 (103655609)|STATEMENT_EXECUTE|[16]
17:18:44.97 (103696095)|HEAP_ALLOCATE|[16]|Bytes:82
17:18:44.97 (103713095)|SYSTEM_METHOD_ENTRY|[1]|Test.Test()
17:18:44.97 (103720315)|STATEMENT_EXECUTE|[1]
17:18:44.97 (103731856)|SYSTEM_METHOD_EXIT|[1]|Test
17:18:44.97 (103749317)|METHOD_ENTRY|[16]||System.Test.startTest()
17:18:44.97 (105192374)|METHOD_EXIT|[16]||System.Test.startTest()
17:18:44.97 (105206884)|STATEMENT_EXECUTE|[17]
17:18:44.97 (105261126)|HEAP_ALLOCATE|[17]|Bytes:18
17:18:44.97 (105281681)|HEAP_ALLOCATE|[17]|Bytes:13
17:18:44.97 (105299260)|METHOD_ENTRY|[1]|01p7Q00000NmNOr|DataFactory.DataFactory()
17:18:44.97 (105310637)|STATEMENT_EXECUTE|[1]
17:18:44.97 (105315817)|STATEMENT_EXECUTE|[1]
17:18:44.97 (105932754)|SYSTEM_MODE_ENTER|false
17:18:44.97 (105956443)|HEAP_ALLOCATE|[17]|Bytes:5
17:18:44.97 (105969269)|SYSTEM_MODE_EXIT|false
17:18:44.97 (105994755)|METHOD_EXIT|[1]|DataFactory
17:18:44.97 (106028420)|METHOD_ENTRY|[17]|01p7Q00000NmNOr|DataFactory.createOrders(String, Integer)
17:18:44.97 (106136059)|VARIABLE_SCOPE_BEGIN|[11]|accountId|String|false|false
17:18:44.97 (106169009)|VARIABLE_ASSIGNMENT|[11]|accountId|"0017Q00000XgjhOQAR"
17:18:44.97 (106175591)|VARIABLE_SCOPE_BEGIN|[11]|ordsNumber|Integer|false|false
17:18:44.97 (106189398)|VARIABLE_ASSIGNMENT|[11]|ordsNumber|1
17:18:44.97 (106207118)|SYSTEM_MODE_ENTER|false
17:18:44.97 (106214960)|HEAP_ALLOCATE|[12]|Bytes:5
17:18:44.97 (106220934)|STATEMENT_EXECUTE|[11]
17:18:44.97 (106222802)|STATEMENT_EXECUTE|[12]
17:18:44.97 (106233921)|HEAP_ALLOCATE|[12]|Bytes:4
17:18:44.97 (106386909)|VARIABLE_SCOPE_BEGIN|[12]|ordsList|List<Order>|true|false
17:18:44.97 (106398909)|HEAP_ALLOCATE|[EXTERNAL]|Bytes:4
17:18:44.97 (106433657)|VARIABLE_ASSIGNMENT|[12]|ordsList|[]|0x173aef58
17:18:44.97 (106441285)|STATEMENT_EXECUTE|[13]
17:18:44.97 (106445098)|VARIABLE_SCOPE_BEGIN|[13]|i|Integer|false|false
17:18:44.97 (106454722)|HEAP_ALLOCATE|[13]|Bytes:4
17:18:44.97 (106474185)|VARIABLE_ASSIGNMENT|[13]|i|0
17:18:44.97 (106482536)|STATEMENT_EXECUTE|[13]
17:18:44.97 (106484231)|STATEMENT_EXECUTE|[14]
17:18:44.97 (106524530)|HEAP_ALLOCATE|[14]|Bytes:4
17:18:44.97 (106622235)|HEAP_ALLOCATE|[14]|Bytes:4
17:18:44.97 (107350424)|VARIABLE_ASSIGNMENT|[14]|this.AccountId|"0017Q00000XgjhOQAR"|0x30165739
17:18:44.97 (107380685)|METHOD_ENTRY|[14]||System.Test.getStandardPricebookId()
17:18:44.97 (110570809)|METHOD_EXIT|[14]||System.Test.getStandardPricebookId()
17:18:44.97 (110841446)|VARIABLE_ASSIGNMENT|[14]|this.Pricebook2Id|"01s7Q00000GDj3WQAT"|0x30165739
17:18:44.97 (110855288)|HEAP_ALLOCATE|[14]|Bytes:5
17:18:44.97 (110894898)|VARIABLE_ASSIGNMENT|[14]|this.Status|"Draft"|0x30165739
17:18:44.97 (110977037)|HEAP_ALLOCATE|[14]|Bytes:4
17:18:44.97 (111017327)|HEAP_ALLOCATE|[14]|Bytes:4
17:18:44.97 (111097822)|VARIABLE_ASSIGNMENT|[14]|this.EffectiveDate|"2022-10-15T00:00:00.000Z"|0x30165739
17:18:44.97 (111137062)|VARIABLE_SCOPE_BEGIN|[14]|ord|Order|true|false
17:18:44.97 (111179016)|VARIABLE_ASSIGNMENT|[14]|ord|{"AccountId":"0017Q00000XgjhOQAR","Pricebook2Id":"01s7Q00000GDj3WQAT","Status":"Draft","EffectiveDate":"2022-10-15T00:00:00.000Z"}|0x30165739
17:18:44.97 (111187071)|STATEMENT_EXECUTE|[15]
17:18:44.97 (111285468)|HEAP_ALLOCATE|[EXTERNAL]|Bytes:4
17:18:44.97 (111300734)|HEAP_ALLOCATE|[13]|Bytes:4
17:18:44.97 (111430938)|VARIABLE_ASSIGNMENT|[13]|i|1
17:18:44.97 (111443405)|STATEMENT_EXECUTE|[17]
17:18:44.97 (111451336)|SYSTEM_MODE_EXIT|false
17:18:44.97 (111466414)|METHOD_EXIT|[17]|01p7Q00000NmNOr|DataFactory.createOrders(String, Integer)
17:18:44.97 (111475340)|VARIABLE_SCOPE_BEGIN|[17]|orders|List<Order>|true|false
17:18:44.97 (111516091)|VARIABLE_ASSIGNMENT|[17]|orders|[{"AccountId":"0017Q00000XgjhOQAR","Pricebook2Id":"01s7Q00000GDj3WQAT","Status":"Draft","EffectiveDate":"2022-10-15T00:00:00.000Z"}]|0x173aef58
17:18:44.97 (111523041)|STATEMENT_EXECUTE|[18]
17:18:44.97 (111601984)|DML_BEGIN|[18]|Op:Insert|Type:Order|Rows:1
17:18:44.97 (111639162)|HEAP_ALLOCATE|[EXTERNAL]|Bytes:8
17:18:44.97 (146559442)|CODE_UNIT_STARTED|[EXTERNAL]|01q7Q000000cs5i|OrderTrigger on Order trigger event AfterInsert|__sfdc_trigger/OrderTrigger
17:18:44.97 (146631223)|HEAP_ALLOCATE|[EXTERNAL]|Bytes:8
17:18:44.97 (146852833)|HEAP_ALLOCATE|[EXTERNAL]|Bytes:4
17:18:44.97 (146916472)|VARIABLE_SCOPE_BEGIN|[1]|this|OrderTrigger|true|false
17:18:44.97 (147169769)|VARIABLE_ASSIGNMENT|[1]|this|{}|0x55836b6a
17:18:44.97 (147228829)|HEAP_ALLOCATE|[EXTERNAL]|Bytes:4
17:18:44.97 (147238717)|VARIABLE_SCOPE_BEGIN|[1]|this|OrderTrigger|true|false
17:18:44.97 (147269384)|VARIABLE_ASSIGNMENT|[1]|this|{}|0x55836b6a
17:18:44.97 (147277809)|STATEMENT_EXECUTE|[1]
17:18:44.97 (147303095)|STATEMENT_EXECUTE|[5]
17:18:44.97 (147304576)|STATEMENT_EXECUTE|[6]
17:18:44.97 (148513689)|HEAP_ALLOCATE|[6]|Bytes:5
17:18:44.97 (148568243)|METHOD_ENTRY|[1]|01p7Q00000Nlklx|OrderTriggerHandler.OrderTriggerHandler()
17:18:44.97 (148577346)|STATEMENT_EXECUTE|[1]
17:18:44.97 (148584445)|STATEMENT_EXECUTE|[1]
17:18:44.97 (149180064)|SYSTEM_MODE_ENTER|false
17:18:44.97 (149198653)|HEAP_ALLOCATE|[6]|Bytes:5
17:18:44.97 (149211751)|SYSTEM_MODE_EXIT|false
17:18:44.97 (149229265)|METHOD_EXIT|[1]|OrderTriggerHandler
17:18:44.97 (149259959)|METHOD_ENTRY|[6]|01p7Q00000Nlklx|OrderTriggerHandler.setAccountToActive(List<Order>)
17:18:44.97 (149353907)|VARIABLE_SCOPE_BEGIN|[17]|Orders|List<Order>|true|false
17:18:44.97 (150238996)|VARIABLE_ASSIGNMENT|[17]|Orders|[{"Status":"Draft","LastModifiedDate":"2022-09-15T15:18:44.000Z","IsDeleted":false,"AccountId":"0017Q00000XgjhOQAR","OrderNumber":"00100102","TotalAmount":0.00,"StatusCode":"Draft","IsReductionOrder":false,"SystemModstamp":"2022-09-15T15:18:44.000Z","OwnerId":"0057Q000006GxKbQAK","CreatedById":"0057Q000006GxKbQAK","CreatedDate":"2022-09-15T15:18:44.000Z","Pricebook2Id":"01s7Q00000GDj3WQAT","Id":"8017Q000000yOtNQAU","LastModifiedById":"0057Q000006GxKbQAK","EffectiveDate":"2022-10-15T00:00:00.000Z"}]|0x76d815ff
17:18:44.97 (150273031)|SYSTEM_MODE_ENTER|false
17:18:44.97 (150282236)|HEAP_ALLOCATE|[21]|Bytes:5
17:18:44.97 (150288824)|STATEMENT_EXECUTE|[17]
17:18:44.97 (150290735)|STATEMENT_EXECUTE|[21]
17:18:44.97 (150307107)|HEAP_ALLOCATE|[21]|Bytes:4
17:18:44.97 (150385928)|VARIABLE_SCOPE_BEGIN|[21]|setAccountIds|Set<Id>|true|false
17:18:44.97 (150451458)|VARIABLE_ASSIGNMENT|[21]|setAccountIds|[]|0xa6c59e3
17:18:44.97 (151544095)|HEAP_ALLOCATE|[24]|Bytes:5
17:18:44.97 (151576169)|VARIABLE_SCOPE_BEGIN|[24]|newOrder|Order|true|false
17:18:44.97 (152227847)|VARIABLE_ASSIGNMENT|[24]|newOrder|{"Status":"Draft","LastModifiedDate":"2022-09-15T15:18:44.000Z","IsDeleted":false,"AccountId":"0017Q00000XgjhOQAR","OrderNumber":"00100102","TotalAmount":0.00,"StatusCode":"Draft","IsReductionOrder":false,"SystemModstamp":"2022-09-15T15:18:44.000Z","OwnerId":"0057Q000006GxKbQAK","CreatedById":"0057Q000006GxKbQAK","CreatedDate":"2022-09-15T15:18:44.000Z","Pricebook2Id":"01s7Q00000GDj3WQAT","Id":"8017Q000000yOtNQAU","LastModifiedById":"0057Q000006GxKbQAK","EffectiveDate":"2022-10-15T00:00:00.000Z"}|0x570d9c7d
17:18:44.97 (152243160)|STATEMENT_EXECUTE|[24]
17:18:44.97 (152244930)|STATEMENT_EXECUTE|[25]
17:18:44.97 (152354371)|HEAP_ALLOCATE|[EXTERNAL]|Bytes:4
17:18:44.97 (152380350)|HEAP_ALLOCATE|[24]|Bytes:5
17:18:44.97 (152452316)|VARIABLE_ASSIGNMENT|[24]|newOrder|null|
17:18:44.97 (152458596)|STATEMENT_EXECUTE|[29]
17:18:44.97 (152462293)|HEAP_ALLOCATE|[29]|Bytes:67
17:18:44.97 (152478770)|HEAP_ALLOCATE|[29]|Bytes:4
17:18:44.97 (152488025)|HEAP_ALLOCATE|[29]|Bytes:7
17:18:44.97 (152521489)|HEAP_ALLOCATE|[29]|Bytes:8
17:18:44.97 (152531463)|HEAP_ALLOCATE|[29]|Bytes:8
17:18:44.97 (152910574)|SOQL_EXECUTE_BEGIN|[29]|Aggregations:1|SELECT Id, (SELECT Id FROM Orders) FROM Account WHERE Id = :tmpVar1
17:18:44.97 (171851348)|SOQL_EXECUTE_END|[29]|Rows:1
17:18:44.97 (171893516)|HEAP_ALLOCATE|[29]|Bytes:8
17:18:44.97 (171942572)|HEAP_ALLOCATE|[29]|Bytes:99
17:18:44.97 (171981592)|HEAP_ALLOCATE|[29]|Bytes:8
17:18:44.97 (172009578)|VARIABLE_SCOPE_BEGIN|[29]|listOfAccounts|List<Account>|true|false
17:18:44.97 (172216034)|VARIABLE_ASSIGNMENT|[29]|listOfAccounts|[{"Id":"0017Q00000XgjhOQAR","Orders":[{"AccountId":"0017Q00000XgjhOQAR","Id":"8017Q000000yOtNQAU"}]}]|0x57ee9e77
17:18:44.97 (172226423)|STATEMENT_EXECUTE|[30]
17:18:44.97 (172240060)|HEAP_ALLOCATE|[30]|Bytes:4
17:18:44.97 (172302681)|VARIABLE_SCOPE_BEGIN|[30]|listOfAccountsUpdate|List<Account>|true|false
17:18:44.97 (172314412)|HEAP_ALLOCATE|[EXTERNAL]|Bytes:4
17:18:44.97 (172574014)|VARIABLE_ASSIGNMENT|[30]|listOfAccountsUpdate|[]|0x5cfd6f95
17:18:44.97 (172748168)|HEAP_ALLOCATE|[33]|Bytes:5
17:18:44.97 (172773962)|HEAP_ALLOCATE|[33]|Bytes:12
17:18:44.97 (172786162)|VARIABLE_SCOPE_BEGIN|[33]|act|Account|true|false
17:18:44.97 (172822433)|VARIABLE_ASSIGNMENT|[33]|act|{"Id":"0017Q00000XgjhOQAR","Orders":[{"AccountId":"0017Q00000XgjhOQAR","Id":"8017Q000000yOtNQAU"}]}|0x24c83ee9
17:18:44.97 (172829760)|STATEMENT_EXECUTE|[33]
17:18:44.97 (172834849)|HEAP_ALLOCATE|[34]|Bytes:6
17:18:44.97 (172840115)|HEAP_ALLOCATE|[34]|Bytes:5
17:18:44.97 (172914645)|HEAP_ALLOCATE|[EXTERNAL]|Bytes:8
17:18:44.97 (172938046)|HEAP_ALLOCATE|[34]|Bytes:8
17:18:44.97 (172979719)|STATEMENT_EXECUTE|[34]
17:18:44.97 (172981783)|STATEMENT_EXECUTE|[35]
17:18:44.97 (173064117)|HEAP_ALLOCATE|[35]|Bytes:-4
17:18:44.97 (173121627)|VARIABLE_ASSIGNMENT|[35]|this.Active__c|true|0x24c83ee9
17:18:44.97 (173127947)|STATEMENT_EXECUTE|[36]
17:18:44.97 (173170826)|HEAP_ALLOCATE|[EXTERNAL]|Bytes:4
17:18:44.97 (173191854)|HEAP_ALLOCATE|[33]|Bytes:5
17:18:44.97 (173210447)|VARIABLE_ASSIGNMENT|[33]|act|null|
17:18:44.97 (173243755)|STATEMENT_EXECUTE|[39]
17:18:44.97 (173245499)|STATEMENT_EXECUTE|[40]
17:18:44.97 (173306003)|DML_BEGIN|[40]|Op:Update|Type:Account|Rows:1
17:18:44.97 (173347623)|HEAP_ALLOCATE|[EXTERNAL]|Bytes:8
17:18:44.97 (185584843)|CODE_UNIT_STARTED|[EXTERNAL]|DuplicateDetector
17:18:44.97 (185657614)|DUPLICATE_DETECTION_BEGIN
17:18:44.97 (185758336)|DUPLICATE_DETECTION_RULE_INVOCATION|DuplicateRuleId:0Bm7Q00000HCznx|DuplicateRuleName:Standard Account Duplicate Rule|DmlType:UPDATE
17:18:44.97 (185895098)|DUPLICATE_DETECTION_END
17:18:44.97 (185913201)|CODE_UNIT_FINISHED|DuplicateDetector
17:18:44.97 (211086296)|DML_END|[40]
17:18:44.97 (211186092)|HEAP_ALLOCATE|[EXTERNAL]|Bytes:8
17:18:44.97 (211224261)|SYSTEM_MODE_EXIT|false
17:18:44.97 (211263909)|METHOD_EXIT|[6]|01p7Q00000Nlklx|OrderTriggerHandler.setAccountToActive(List<Order>)
17:18:44.97 (211347960)|STATEMENT_EXECUTE|[8]
17:18:44.211 (211363084)|CUMULATIVE_LIMIT_USAGE
17:18:44.211 (211363084)|LIMIT_USAGE_FOR_NS|(default)|
  Number of SOQL queries: 1 out of 100
  Number of query rows: 1 out of 50000
  Number of SOSL queries: 0 out of 20
  Number of DML statements: 1 out of 150
  Number of Publish Immediate DML: 0 out of 150
  Number of DML rows: 1 out of 10000
  Maximum CPU time: 0 out of 10000
  Maximum heap size: 0 out of 6000000
  Number of callouts: 0 out of 100
  Number of Email Invocations: 0 out of 10
  Number of future calls: 0 out of 50
  Number of queueable jobs added to the queue: 0 out of 50
  Number of Mobile Apex push calls: 0 out of 10

17:18:44.211 (211363084)|TESTING_LIMITS
17:18:44.211 (211363084)|LIMIT_USAGE_FOR_NS|(default)|
  Number of SOQL queries: 1 out of 100
  Number of query rows: 2 out of 50000
  Number of SOSL queries: 0 out of 20
  Number of DML statements: 2 out of 150
  Number of Publish Immediate DML: 0 out of 150
  Number of DML rows: 2 out of 10000
  Maximum CPU time: 0 out of 10000
  Maximum heap size: 0 out of 6000000
  Number of callouts: 0 out of 100
  Number of Email Invocations: 0 out of 10
  Number of future calls: 0 out of 50
  Number of queueable jobs added to the queue: 0 out of 50
  Number of Mobile Apex push calls: 0 out of 10

17:18:44.211 (211363084)|CUMULATIVE_LIMIT_USAGE_END

17:18:44.97 (213329321)|CODE_UNIT_FINISHED|OrderTrigger on Order trigger event AfterInsert|__sfdc_trigger/OrderTrigger
17:18:44.97 (216654270)|DML_END|[18]
17:18:44.97 (216715742)|HEAP_ALLOCATE|[EXTERNAL]|Bytes:8
17:18:44.97 (216754476)|STATEMENT_EXECUTE|[19]
17:18:44.97 (216783071)|METHOD_ENTRY|[19]||System.Test.stopTest()
17:18:44.97 (217737571)|METHOD_EXIT|[19]||System.Test.stopTest()
17:18:44.97 (217750869)|STATEMENT_EXECUTE|[21]
17:18:44.97 (217811034)|VARIABLE_SCOPE_BEGIN|[21]|result|Boolean|false|false
17:18:44.97 (325052521)|VARIABLE_ASSIGNMENT|[21]|result|false
17:18:44.97 (325086202)|STATEMENT_EXECUTE|[22]
17:18:44.97 (325104714)|HEAP_ALLOCATE|[22]|Bytes:53
17:18:44.97 (326652540)|EXCEPTION_THROWN|[22]|System.AssertException: Assertion Failed: Active_c is set to true when adding an order, test ok: Expected: true, Actual: false
17:18:44.97 (327356608)|HEAP_ALLOCATE|[22]|Bytes:106
17:18:44.97 (327697111)|FATAL_ERROR|System.AssertException: Assertion Failed: Active_c is set to true when adding an order, test ok: Expected: true, Actual: false

Class.SetAccountToActiveTest.setAccountToActiveTest: line 22, column 1
17:18:44.97 (327752721)|FATAL_ERROR|System.AssertException: Assertion Failed: Active_c is set to true when adding an order, test ok: Expected: true, Actual: false

Class.SetAccountToActiveTest.setAccountToActiveTest: line 22, column 1
17:18:44.327 (327797054)|CUMULATIVE_LIMIT_USAGE
17:18:44.327 (327797054)|LIMIT_USAGE_FOR_NS|(default)|
  Number of SOQL queries: 1 out of 100
  Number of query rows: 1 out of 50000
  Number of SOSL queries: 0 out of 20
  Number of DML statements: 1 out of 150
  Number of Publish Immediate DML: 0 out of 150
  Number of DML rows: 1 out of 10000
  Maximum CPU time: 0 out of 10000
  Maximum heap size: 0 out of 6000000
  Number of callouts: 0 out of 100
  Number of Email Invocations: 0 out of 10
  Number of future calls: 0 out of 50
  Number of queueable jobs added to the queue: 0 out of 50
  Number of Mobile Apex push calls: 0 out of 10

17:18:44.327 (327797054)|TESTING_LIMITS
17:18:44.327 (327797054)|LIMIT_USAGE_FOR_NS|(default)|
  Number of SOQL queries: 1 out of 100
  Number of query rows: 2 out of 50000
  Number of SOSL queries: 0 out of 20
  Number of DML statements: 2 out of 150
  Number of Publish Immediate DML: 0 out of 150
  Number of DML rows: 2 out of 10000
  Maximum CPU time: 0 out of 10000
  Maximum heap size: 0 out of 6000000
  Number of callouts: 0 out of 100
  Number of Email Invocations: 0 out of 10
  Number of future calls: 0 out of 50
  Number of queueable jobs added to the queue: 0 out of 50
  Number of Mobile Apex push calls: 0 out of 10

17:18:44.327 (327797054)|CUMULATIVE_LIMIT_USAGE_END

17:18:44.97 (327886387)|CODE_UNIT_FINISHED|SetAccountToActiveTest.setAccountToActiveTest()
17:18:44.97 (327901873)|EXECUTION_FINISHED
17:18:44.436 (436791729)|USER_INFO|[EXTERNAL]|0057Q000006GxKb|p11@projetoc.com|(GMT+02:00) Central European Summer Time (Europe/Paris)|GMT+02:00
17:18:44.436 (436818810)|EXECUTION_STARTED
17:18:44.436 (436824078)|CODE_UNIT_STARTED|[EXTERNAL]|DuplicateDetector
17:18:44.436 (436842478)|DUPLICATE_DETECTION_BEGIN
17:18:44.436 (436904556)|DUPLICATE_DETECTION_RULE_INVOCATION|DuplicateRuleId:0Bm7Q00000HCznx|DuplicateRuleName:Standard Account Duplicate Rule|DmlType:UPDATE
17:18:44.436 (449968338)|DUPLICATE_DETECTION_END
17:18:44.436 (449991583)|CODE_UNIT_FINISHED|DuplicateDetector
17:18:44.436 (450013558)|EXECUTION_FINISHED
17:18:44.451 (451250529)|USER_INFO|[EXTERNAL]|0057Q000006GxKb|p11@projetoc.com|(GMT+02:00) Central European Summer Time (Europe/Paris)|GMT+02:00
17:18:44.451 (451284747)|EXECUTION_STARTED
17:18:44.451 (451289897)|CODE_UNIT_STARTED|[EXTERNAL]|DuplicateDetector
17:18:44.451 (451332175)|DUPLICATE_DETECTION_BEGIN
17:18:44.451 (451387993)|DUPLICATE_DETECTION_RULE_INVOCATION|DuplicateRuleId:0Bm7Q00000HCznx|DuplicateRuleName:Standard Account Duplicate Rule|DmlType:INSERT
17:18:44.451 (460980382)|DUPLICATE_DETECTION_END
17:18:44.451 (461000023)|CODE_UNIT_FINISHED|DuplicateDetector
17:18:44.451 (461014496)|EXECUTION_FINISHED
