55.0 APEX_CODE,FINEST;APEX_PROFILING,INFO;CALLOUT,INFO;DB,INFO;NBA,INFO;SYSTEM,DEBUG;VALIDATION,INFO;VISUALFORCE,FINER;WAVE,INFO;WORKFLOW,INFO
17:55:49.3 (3817795)|USER_INFO|[EXTERNAL]|0057Q000006GxKb|p11@projetoc.com|(GMT+02:00) Central European Summer Time (Europe/Paris)|GMT+02:00
17:55:49.3 (3948236)|EXECUTION_STARTED
17:55:49.3 (3974203)|CODE_UNIT_STARTED|[EXTERNAL]|01p7Q00000NmP2b|UpdateInactiveAccountsTest.makeData()
17:55:49.3 (4961939)|HEAP_ALLOCATE|[79]|Bytes:3
17:55:49.3 (5092649)|HEAP_ALLOCATE|[84]|Bytes:152
17:55:49.3 (5132481)|HEAP_ALLOCATE|[399]|Bytes:408
17:55:49.3 (5164200)|HEAP_ALLOCATE|[412]|Bytes:408
17:55:49.3 (5191735)|HEAP_ALLOCATE|[520]|Bytes:48
17:55:49.3 (5240725)|HEAP_ALLOCATE|[139]|Bytes:6
17:55:49.3 (5264451)|HEAP_ALLOCATE|[EXTERNAL]|Bytes:20
17:55:49.3 (5292367)|METHOD_ENTRY|[2]|01p7Q00000NmP2b|UpdateInactiveAccountsTest.UpdateInactiveAccountsTest()
17:55:49.3 (5301098)|STATEMENT_EXECUTE|[2]
17:55:49.3 (5316695)|STATEMENT_EXECUTE|[2]
17:55:49.3 (5368211)|HEAP_ALLOCATE|[52]|Bytes:5
17:55:49.3 (5430423)|HEAP_ALLOCATE|[58]|Bytes:5
17:55:49.3 (5443892)|HEAP_ALLOCATE|[66]|Bytes:7
17:55:49.3 (6152426)|SYSTEM_MODE_ENTER|false
17:55:49.3 (6190904)|HEAP_ALLOCATE|[EXTERNAL]|Bytes:5
17:55:49.3 (6205161)|SYSTEM_MODE_EXIT|false
17:55:49.3 (6220819)|METHOD_EXIT|[2]|UpdateInactiveAccountsTest
17:55:49.3 (6472338)|SYSTEM_MODE_ENTER|false
17:55:49.3 (6479443)|HEAP_ALLOCATE|[5]|Bytes:5
17:55:49.3 (6486680)|STATEMENT_EXECUTE|[4]
17:55:49.3 (6489638)|STATEMENT_EXECUTE|[5]
17:55:49.3 (6493244)|HEAP_ALLOCATE|[5]|Bytes:11
17:55:49.3 (7770605)|HEAP_ALLOCATE|[5]|Bytes:13
17:55:49.3 (7798748)|METHOD_ENTRY|[1]|01p7Q00000NmNOr|DataFactory.DataFactory()
17:55:49.3 (7805020)|STATEMENT_EXECUTE|[1]
17:55:49.3 (7810429)|STATEMENT_EXECUTE|[1]
17:55:49.3 (7818914)|HEAP_ALLOCATE|[5]|Bytes:5
17:55:49.3 (7828553)|METHOD_EXIT|[1]|DataFactory
17:55:49.3 (7867308)|METHOD_ENTRY|[5]|01p7Q00000NmNOr|DataFactory.createAccount(String)
17:55:49.3 (7962817)|VARIABLE_SCOPE_BEGIN|[3]|actName|String|false|false
17:55:49.3 (8697556)|VARIABLE_ASSIGNMENT|[3]|actName|"TestAccount"
17:55:49.3 (8751952)|HEAP_ALLOCATE|[5]|Bytes:5
17:55:49.3 (8757872)|STATEMENT_EXECUTE|[3]
17:55:49.3 (8760487)|STATEMENT_EXECUTE|[5]
17:55:49.3 (8793176)|HEAP_ALLOCATE|[5]|Bytes:4
17:55:49.3 (8909098)|VARIABLE_SCOPE_BEGIN|[5]|act|Account|true|false
17:55:49.3 (8942552)|VARIABLE_ASSIGNMENT|[5]|act|{}|0x4cbc917e
17:55:49.3 (8948174)|STATEMENT_EXECUTE|[6]
17:55:49.3 (10024082)|VARIABLE_ASSIGNMENT|[6]|this.Name|"TestAccount"|0x4cbc917e
17:55:49.3 (10040579)|STATEMENT_EXECUTE|[7]
17:55:49.3 (10143572)|VARIABLE_ASSIGNMENT|[7]|this.Active__c|false|0x4cbc917e
17:55:49.3 (10151921)|STATEMENT_EXECUTE|[8]
17:55:49.3 (10173405)|METHOD_EXIT|[5]|01p7Q00000NmNOr|DataFactory.createAccount(String)
17:55:49.3 (10186723)|VARIABLE_SCOPE_BEGIN|[5]|act|Account|true|false
17:55:49.3 (10208086)|VARIABLE_ASSIGNMENT|[5]|act|{"Name":"TestAccount","Active__c":false}|0x4cbc917e
17:55:49.3 (10214039)|STATEMENT_EXECUTE|[6]
17:55:49.3 (10267547)|HEAP_ALLOCATE|[6]|Bytes:8
17:55:49.3 (10302820)|DML_BEGIN|[6]|Op:Insert|Type:Account|Rows:1
17:55:49.3 (10362584)|HEAP_ALLOCATE|[EXTERNAL]|Bytes:8
17:55:49.3 (23902592)|CODE_UNIT_STARTED|[EXTERNAL]|DuplicateDetector
17:55:49.3 (23942643)|DUPLICATE_DETECTION_BEGIN
17:55:49.3 (24422006)|DUPLICATE_DETECTION_RULE_INVOCATION|DuplicateRuleId:0Bm7Q00000HCznx|DuplicateRuleName:Standard Account Duplicate Rule|DmlType:INSERT
17:55:49.3 (68648819)|DUPLICATE_DETECTION_MATCH_INVOCATION_DETAILS|EntityType:Account|ActionTaken:Allow_[Alert,Report]|DuplicateRecordIds:
17:55:49.3 (68678530)|DUPLICATE_DETECTION_MATCH_INVOCATION_SUMMARY|EntityType:Account|NumRecordsToBeSaved:1|NumRecordsToBeSavedWithDuplicates:0|NumDuplicateRecordsFound:0
17:55:49.3 (68887278)|DUPLICATE_DETECTION_END
17:55:49.3 (68921781)|CODE_UNIT_FINISHED|DuplicateDetector
17:55:49.3 (115254123)|DML_END|[6]
17:55:49.3 (115306131)|SYSTEM_MODE_EXIT|false
17:55:49.115 (115400761)|CUMULATIVE_LIMIT_USAGE
17:55:49.115 (115400761)|LIMIT_USAGE_FOR_NS|(default)|
  Number of SOQL queries: 0 out of 100
  Number of query rows: 0 out of 50000
  Number of SOSL queries: 0 out of 20
  Number of DML statements: 1 out of 150
  Number of Publish Immediate DML: 0 out of 150
  Number of DML rows: 1 out of 10000
  Maximum CPU time: 0 out of 10000
  Maximum heap size: 0 out of 6000000
  Number of callouts: 0 out of 100
  Number of Email Invocations: 0 out of 10
  Number of future calls: 0 out of 50
  Number of queueable jobs added to the queue: 0 out of 50
  Number of Mobile Apex push calls: 0 out of 10

17:55:49.115 (115400761)|CUMULATIVE_LIMIT_USAGE_END

17:55:49.3 (115545247)|CODE_UNIT_FINISHED|UpdateInactiveAccountsTest.makeData()
17:55:49.3 (115564124)|EXECUTION_FINISHED
17:55:49.127 (127969042)|USER_INFO|[EXTERNAL]|0057Q000006GxKb|p11@projetoc.com|(GMT+02:00) Central European Summer Time (Europe/Paris)|GMT+02:00
17:55:49.127 (128008531)|EXECUTION_STARTED
17:55:49.127 (128025569)|CODE_UNIT_STARTED|[EXTERNAL]|01p7Q00000NmP2b|UpdateInactiveAccountsTest.updateInactiveAccountTest()
17:55:49.127 (128320719)|HEAP_ALLOCATE|[79]|Bytes:3
17:55:49.127 (128376251)|HEAP_ALLOCATE|[84]|Bytes:152
17:55:49.127 (128403193)|HEAP_ALLOCATE|[399]|Bytes:408
17:55:49.127 (128426977)|HEAP_ALLOCATE|[412]|Bytes:408
17:55:49.127 (128452835)|HEAP_ALLOCATE|[520]|Bytes:48
17:55:49.127 (128495122)|HEAP_ALLOCATE|[139]|Bytes:6
17:55:49.127 (128517339)|HEAP_ALLOCATE|[EXTERNAL]|Bytes:20
17:55:49.127 (128535546)|METHOD_ENTRY|[2]|01p7Q00000NmP2b|UpdateInactiveAccountsTest.UpdateInactiveAccountsTest()
17:55:49.127 (128545194)|STATEMENT_EXECUTE|[2]
17:55:49.127 (128555554)|STATEMENT_EXECUTE|[2]
17:55:49.127 (129594064)|SYSTEM_MODE_ENTER|false
17:55:49.127 (129656608)|HEAP_ALLOCATE|[52]|Bytes:5
17:55:49.127 (129705456)|HEAP_ALLOCATE|[58]|Bytes:5
17:55:49.127 (129739213)|HEAP_ALLOCATE|[66]|Bytes:7
17:55:49.127 (129767919)|HEAP_ALLOCATE|[EXTERNAL]|Bytes:5
17:55:49.127 (129779409)|SYSTEM_MODE_EXIT|false
17:55:49.127 (129801044)|METHOD_EXIT|[2]|UpdateInactiveAccountsTest
17:55:49.127 (129897767)|SYSTEM_MODE_ENTER|false
17:55:49.127 (129921443)|HEAP_ALLOCATE|[11]|Bytes:5
17:55:49.127 (129934636)|STATEMENT_EXECUTE|[10]
17:55:49.127 (129941685)|STATEMENT_EXECUTE|[11]
17:55:49.127 (129956244)|HEAP_ALLOCATE|[11]|Bytes:30
17:55:49.127 (129985761)|HEAP_ALLOCATE|[11]|Bytes:4
17:55:49.127 (130410075)|SOQL_EXECUTE_BEGIN|[11]|Aggregations:0|SELECT Id FROM Account LIMIT 1
17:55:49.127 (138740209)|SOQL_EXECUTE_END|[11]|Rows:1
17:55:49.127 (138798153)|HEAP_ALLOCATE|[11]|Bytes:8
17:55:49.127 (138853336)|HEAP_ALLOCATE|[11]|Bytes:29
17:55:49.127 (139016336)|HEAP_ALLOCATE|[11]|Bytes:8
17:55:49.127 (139046022)|HEAP_ALLOCATE|[11]|Bytes:33
17:55:49.127 (139229365)|HEAP_ALLOCATE|[11]|Bytes:8
17:55:49.127 (139242864)|VARIABLE_SCOPE_BEGIN|[11]|act|Account|true|false
17:55:49.127 (139337831)|VARIABLE_ASSIGNMENT|[11]|act|{"Id":"0017Q00000Xgjz9QAB"}|0xf8a5710
17:55:49.127 (139352187)|STATEMENT_EXECUTE|[13]
17:55:49.127 (139418442)|HEAP_ALLOCATE|[13]|Bytes:82
17:55:49.127 (139455152)|SYSTEM_METHOD_ENTRY|[1]|Test.Test()
17:55:49.127 (139468210)|STATEMENT_EXECUTE|[1]
17:55:49.127 (139498220)|SYSTEM_METHOD_EXIT|[1]|Test
17:55:49.127 (139542005)|METHOD_ENTRY|[13]||System.Test.startTest()
17:55:49.127 (145949977)|METHOD_EXIT|[13]||System.Test.startTest()
17:55:49.127 (145973567)|STATEMENT_EXECUTE|[14]
17:55:49.127 (149962071)|HEAP_ALLOCATE|[14]|Bytes:57
17:55:49.127 (149991805)|HEAP_ALLOCATE|[14]|Bytes:7
17:55:49.127 (150037398)|METHOD_ENTRY|[1]|01p7Q00000Nlkm2|UpdateInactiveAccounts.UpdateInactiveAccounts()
17:55:49.127 (150063350)|STATEMENT_EXECUTE|[1]
17:55:49.127 (150074645)|STATEMENT_EXECUTE|[1]
17:55:49.127 (150087172)|METHOD_EXIT|[1]|UpdateInactiveAccounts
17:55:49.127 (150113995)|HEAP_ALLOCATE|[14]|Bytes:4
17:55:49.127 (150314231)|CONSTRUCTOR_ENTRY|[14]|01p7Q00000Nlkm2|<init>()|UpdateInactiveAccounts
17:55:49.127 (150376975)|VARIABLE_SCOPE_BEGIN|[1]|this|UpdateInactiveAccounts|true|false
17:55:49.127 (152725386)|VARIABLE_ASSIGNMENT|[1]|this|{}|0x631a15da
17:55:49.127 (152773797)|HEAP_ALLOCATE|[EXTERNAL]|Bytes:6
17:55:49.127 (153699799)|STATEMENT_EXECUTE|[1]
17:55:49.127 (153816067)|CONSTRUCTOR_EXIT|[14]|01p7Q00000Nlkm2|<init>()|UpdateInactiveAccounts
17:55:49.127 (153843416)|VARIABLE_SCOPE_BEGIN|[14]|uia|UpdateInactiveAccounts|true|false
17:55:49.127 (153918005)|VARIABLE_ASSIGNMENT|[14]|uia|{}|0x631a15da
17:55:49.127 (153931548)|STATEMENT_EXECUTE|[15]
17:55:49.127 (177220357)|STATEMENT_EXECUTE|[16]
17:55:49.127 (177272132)|METHOD_ENTRY|[16]||System.Test.stopTest()
17:55:49.127 (180962659)|CODE_UNIT_STARTED|[EXTERNAL]|01p7Q00000Nlkm2|UpdateInactiveAccounts
17:55:49.127 (182128128)|HEAP_ALLOCATE|[EXTERNAL]|Bytes:4
17:55:49.127 (185317481)|HEAP_ALLOCATE|[EXTERNAL]|Bytes:11
17:55:49.127 (185348217)|SYSTEM_METHOD_ENTRY|[15]|BatchableContextImpl.BatchableContextImpl()
17:55:49.127 (185354826)|STATEMENT_EXECUTE|[15]
17:55:49.127 (185370032)|SYSTEM_METHOD_EXIT|[15]|BatchableContextImpl
17:55:49.127 (185381980)|HEAP_ALLOCATE|[EXTERNAL]|Bytes:12
17:55:49.127 (185391881)|HEAP_ALLOCATE|[EXTERNAL]|Bytes:4
17:55:49.127 (185409287)|VARIABLE_SCOPE_BEGIN|[31]|this|Database.BatchableContextImpl|true|false
17:55:49.127 (185503858)|VARIABLE_ASSIGNMENT|[31]|this|{}|0x4124c716
17:55:49.127 (185511539)|VARIABLE_SCOPE_BEGIN|[31]|jobId|Id|false|false
17:55:49.127 (185761922)|VARIABLE_ASSIGNMENT|[31]|jobId|"7077Q00000pejCUQAY"
17:55:49.127 (185770402)|VARIABLE_SCOPE_BEGIN|[31]|childJobId|Id|false|false
17:55:49.127 (185780316)|VARIABLE_ASSIGNMENT|[31]|childJobId|null
17:55:49.127 (186178672)|HEAP_ALLOCATE|[EXTERNAL]|Bytes:4
17:55:49.127 (186196858)|HEAP_ALLOCATE|[EXTERNAL]|Bytes:12
17:55:49.127 (186239557)|VARIABLE_SCOPE_BEGIN|[5]|this|UpdateInactiveAccounts|true|false
17:55:49.127 (186321104)|VARIABLE_ASSIGNMENT|[5]|this|{}|0x197ebbba
17:55:49.127 (186332271)|VARIABLE_SCOPE_BEGIN|[5]|info|Database.BatchableContext|true|false
17:55:49.127 (186645450)|VARIABLE_ASSIGNMENT|[5]|info|{"jobId":"7077Q00000pejCUQAY"}|0x4124c716
17:55:49.127 (186688033)|STATEMENT_EXECUTE|[5]
17:55:49.127 (186698252)|STATEMENT_EXECUTE|[8]
17:55:49.127 (186710609)|HEAP_ALLOCATE|[8]|Bytes:129
17:55:49.127 (187318931)|EXCEPTION_THROWN|[8]|System.QueryException: unexpected token: 'FROM'
17:55:49.127 (187520000)|HEAP_ALLOCATE|[8]|Bytes:28
17:55:49.127 (187656361)|FATAL_ERROR|System.QueryException: unexpected token: 'FROM'

Class.UpdateInactiveAccounts.start: line 8, column 1
17:55:49.188 (188155352)|CUMULATIVE_LIMIT_USAGE
17:55:49.188 (188155352)|LIMIT_USAGE_FOR_NS|(default)|
  Number of SOQL queries: 0 out of 200
  Number of query rows: 0 out of 50000
  Number of SOSL queries: 0 out of 20
  Number of DML statements: 0 out of 150
  Number of Publish Immediate DML: 0 out of 150
  Number of DML rows: 0 out of 10000
  Maximum CPU time: 0 out of 60000
  Maximum heap size: 0 out of 12000000
  Number of callouts: 0 out of 100
  Number of Email Invocations: 0 out of 10
  Number of future calls: 0 out of 0
  Number of queueable jobs added to the queue: 0 out of 1
  Number of Mobile Apex push calls: 0 out of 10

17:55:49.188 (188155352)|CUMULATIVE_LIMIT_USAGE_END

17:55:49.127 (188204452)|CODE_UNIT_FINISHED|UpdateInactiveAccounts
17:55:49.127 (189288870)|HEAP_ALLOCATE|[19]|Bytes:28
17:55:49.127 (189316234)|METHOD_EXIT|[16]||System.Test.stopTest()
17:55:49.127 (189330417)|SYSTEM_MODE_EXIT|false
17:55:49.127 (189383868)|FATAL_ERROR|System.QueryException: unexpected token: 'FROM'

Class.UpdateInactiveAccounts.start: line 8, column 1
17:55:49.127 (189396521)|FATAL_ERROR|System.QueryException: unexpected token: 'FROM'

Class.UpdateInactiveAccounts.start: line 8, column 1
17:55:49.189 (189403597)|CUMULATIVE_LIMIT_USAGE
17:55:49.189 (189403597)|LIMIT_USAGE_FOR_NS|(default)|
  Number of SOQL queries: 1 out of 100
  Number of query rows: 1 out of 50000
  Number of SOSL queries: 0 out of 20
  Number of DML statements: 1 out of 150
  Number of Publish Immediate DML: 0 out of 150
  Number of DML rows: 1 out of 10000
  Maximum CPU time: 0 out of 10000
  Maximum heap size: 0 out of 6000000
  Number of callouts: 0 out of 100
  Number of Email Invocations: 0 out of 10
  Number of future calls: 0 out of 50
  Number of queueable jobs added to the queue: 0 out of 50
  Number of Mobile Apex push calls: 0 out of 10

17:55:49.189 (189403597)|TESTING_LIMITS
17:55:49.189 (189403597)|LIMIT_USAGE_FOR_NS|(default)|
  Number of SOQL queries: 0 out of 100
  Number of query rows: 0 out of 50000
  Number of SOSL queries: 0 out of 20
  Number of DML statements: 0 out of 150
  Number of Publish Immediate DML: 0 out of 150
  Number of DML rows: 0 out of 10000
  Maximum CPU time: 0 out of 10000
  Maximum heap size: 0 out of 6000000
  Number of callouts: 0 out of 100
  Number of Email Invocations: 0 out of 10
  Number of future calls: 0 out of 50
  Number of queueable jobs added to the queue: 0 out of 50
  Number of Mobile Apex push calls: 0 out of 10

17:55:49.189 (189403597)|CUMULATIVE_LIMIT_USAGE_END

17:55:49.127 (189497948)|CODE_UNIT_FINISHED|UpdateInactiveAccountsTest.updateInactiveAccountTest()
17:55:49.127 (189505264)|EXECUTION_FINISHED
17:55:49.276 (276836726)|USER_INFO|[EXTERNAL]|0057Q000006GxKb|p11@projetoc.com|(GMT+02:00) Central European Summer Time (Europe/Paris)|GMT+02:00
17:55:49.276 (276861779)|EXECUTION_STARTED
17:55:49.276 (276867739)|CODE_UNIT_STARTED|[EXTERNAL]|DuplicateDetector
17:55:49.276 (276882869)|DUPLICATE_DETECTION_BEGIN
17:55:49.276 (276936247)|DUPLICATE_DETECTION_RULE_INVOCATION|DuplicateRuleId:0Bm7Q00000HCznx|DuplicateRuleName:Standard Account Duplicate Rule|DmlType:INSERT
17:55:49.276 (288084797)|DUPLICATE_DETECTION_END
17:55:49.276 (288102006)|CODE_UNIT_FINISHED|DuplicateDetector
17:55:49.276 (288117263)|EXECUTION_FINISHED
