55.0 APEX_CODE,FINEST;APEX_PROFILING,INFO;CALLOUT,INFO;DB,INFO;NBA,INFO;SYSTEM,DEBUG;VALIDATION,INFO;VISUALFORCE,FINER;WAVE,INFO;WORKFLOW,INFO
17:34:57.3 (3773637)|USER_INFO|[EXTERNAL]|0057Q000006GxKb|p11@projetoc.com|(GMT+02:00) Central European Summer Time (Europe/Paris)|GMT+02:00
17:34:57.3 (3840334)|EXECUTION_STARTED
17:34:57.3 (3861627)|CODE_UNIT_STARTED|[EXTERNAL]|01p7Q00000NmPBp|SetAccountToActiveTest.makeData()
17:34:57.3 (4715937)|HEAP_ALLOCATE|[79]|Bytes:3
17:34:57.3 (4796291)|HEAP_ALLOCATE|[84]|Bytes:152
17:34:57.3 (4815992)|HEAP_ALLOCATE|[399]|Bytes:408
17:34:57.3 (4835780)|HEAP_ALLOCATE|[412]|Bytes:408
17:34:57.3 (4862436)|HEAP_ALLOCATE|[520]|Bytes:48
17:34:57.3 (4889137)|HEAP_ALLOCATE|[139]|Bytes:6
17:34:57.3 (4904418)|HEAP_ALLOCATE|[EXTERNAL]|Bytes:20
17:34:57.3 (4968353)|METHOD_ENTRY|[2]|01p7Q00000NmPBp|SetAccountToActiveTest.SetAccountToActiveTest()
17:34:57.3 (4976018)|STATEMENT_EXECUTE|[2]
17:34:57.3 (4982793)|STATEMENT_EXECUTE|[2]
17:34:57.3 (5001807)|METHOD_EXIT|[2]|SetAccountToActiveTest
17:34:57.3 (5054692)|HEAP_ALLOCATE|[52]|Bytes:5
17:34:57.3 (5080187)|HEAP_ALLOCATE|[58]|Bytes:5
17:34:57.3 (5087790)|HEAP_ALLOCATE|[66]|Bytes:7
17:34:57.3 (5131663)|STATEMENT_EXECUTE|[5]
17:34:57.3 (5133714)|STATEMENT_EXECUTE|[6]
17:34:57.3 (5136326)|HEAP_ALLOCATE|[6]|Bytes:11
17:34:57.3 (6414759)|HEAP_ALLOCATE|[6]|Bytes:13
17:34:57.3 (6451035)|METHOD_ENTRY|[1]|01p7Q00000NmNOr|DataFactory.DataFactory()
17:34:57.3 (6457523)|STATEMENT_EXECUTE|[1]
17:34:57.3 (6462161)|STATEMENT_EXECUTE|[1]
17:34:57.3 (6973878)|SYSTEM_MODE_ENTER|false
17:34:57.3 (6999048)|HEAP_ALLOCATE|[6]|Bytes:5
17:34:57.3 (7027257)|SYSTEM_MODE_EXIT|false
17:34:57.3 (7043846)|METHOD_EXIT|[1]|DataFactory
17:34:57.3 (7077914)|METHOD_ENTRY|[6]|01p7Q00000NmNOr|DataFactory.createAccount(String)
17:34:57.3 (7180206)|VARIABLE_SCOPE_BEGIN|[3]|actName|String|false|false
17:34:57.3 (7233948)|VARIABLE_ASSIGNMENT|[3]|actName|"TestAccount"
17:34:57.3 (7254949)|SYSTEM_MODE_ENTER|false
17:34:57.3 (7265058)|HEAP_ALLOCATE|[5]|Bytes:5
17:34:57.3 (7270409)|STATEMENT_EXECUTE|[3]
17:34:57.3 (7272232)|STATEMENT_EXECUTE|[5]
17:34:57.3 (7301017)|HEAP_ALLOCATE|[5]|Bytes:4
17:34:57.3 (7415065)|VARIABLE_SCOPE_BEGIN|[5]|act|Account|true|false
17:34:57.3 (7438387)|VARIABLE_ASSIGNMENT|[5]|act|{}|0x23439b6e
17:34:57.3 (7444073)|STATEMENT_EXECUTE|[6]
17:34:57.3 (8429425)|VARIABLE_ASSIGNMENT|[6]|this.Name|"TestAccount"|0x23439b6e
17:34:57.3 (8442898)|STATEMENT_EXECUTE|[7]
17:34:57.3 (8501567)|VARIABLE_ASSIGNMENT|[7]|this.Active__c|false|0x23439b6e
17:34:57.3 (8507992)|STATEMENT_EXECUTE|[8]
17:34:57.3 (8513314)|SYSTEM_MODE_EXIT|false
17:34:57.3 (8528753)|METHOD_EXIT|[6]|01p7Q00000NmNOr|DataFactory.createAccount(String)
17:34:57.3 (8548019)|VARIABLE_SCOPE_BEGIN|[6]|act|Account|true|false
17:34:57.3 (8574333)|VARIABLE_ASSIGNMENT|[6]|act|{"Name":"TestAccount","Active__c":false}|0x23439b6e
17:34:57.3 (8583029)|STATEMENT_EXECUTE|[7]
17:34:57.3 (8695784)|HEAP_ALLOCATE|[7]|Bytes:8
17:34:57.3 (8805880)|DML_BEGIN|[7]|Op:Insert|Type:Account|Rows:1
17:34:57.3 (8916437)|HEAP_ALLOCATE|[EXTERNAL]|Bytes:8
17:34:57.3 (23203183)|CODE_UNIT_STARTED|[EXTERNAL]|DuplicateDetector
17:34:57.3 (23244141)|DUPLICATE_DETECTION_BEGIN
17:34:57.3 (23816674)|DUPLICATE_DETECTION_RULE_INVOCATION|DuplicateRuleId:0Bm7Q00000HCznx|DuplicateRuleName:Standard Account Duplicate Rule|DmlType:INSERT
17:34:57.3 (66092443)|DUPLICATE_DETECTION_MATCH_INVOCATION_DETAILS|EntityType:Account|ActionTaken:Allow_[Alert,Report]|DuplicateRecordIds:
17:34:57.3 (66130692)|DUPLICATE_DETECTION_MATCH_INVOCATION_SUMMARY|EntityType:Account|NumRecordsToBeSaved:1|NumRecordsToBeSavedWithDuplicates:0|NumDuplicateRecordsFound:0
17:34:57.3 (66394086)|DUPLICATE_DETECTION_END
17:34:57.3 (66415298)|CODE_UNIT_FINISHED|DuplicateDetector
17:34:57.3 (106886642)|DML_END|[7]
17:34:57.106 (106955450)|CUMULATIVE_LIMIT_USAGE
17:34:57.106 (106955450)|LIMIT_USAGE_FOR_NS|(default)|
  Number of SOQL queries: 0 out of 100
  Number of query rows: 0 out of 50000
  Number of SOSL queries: 0 out of 20
  Number of DML statements: 1 out of 150
  Number of Publish Immediate DML: 0 out of 150
  Number of DML rows: 1 out of 10000
  Maximum CPU time: 0 out of 10000
  Maximum heap size: 0 out of 6000000
  Number of callouts: 0 out of 100
  Number of Email Invocations: 0 out of 10
  Number of future calls: 0 out of 50
  Number of queueable jobs added to the queue: 0 out of 50
  Number of Mobile Apex push calls: 0 out of 10

17:34:57.106 (106955450)|CUMULATIVE_LIMIT_USAGE_END

17:34:57.3 (107031830)|CODE_UNIT_FINISHED|SetAccountToActiveTest.makeData()
17:34:57.3 (107061953)|EXECUTION_FINISHED
17:34:57.114 (114200812)|USER_INFO|[EXTERNAL]|0057Q000006GxKb|p11@projetoc.com|(GMT+02:00) Central European Summer Time (Europe/Paris)|GMT+02:00
17:34:57.114 (114229692)|EXECUTION_STARTED
17:34:57.114 (114235649)|CODE_UNIT_STARTED|[EXTERNAL]|01p7Q00000NmPBp|SetAccountToActiveTest.setAccountToActiveTest()
17:34:57.114 (114426012)|HEAP_ALLOCATE|[79]|Bytes:3
17:34:57.114 (114485956)|HEAP_ALLOCATE|[84]|Bytes:152
17:34:57.114 (114509618)|HEAP_ALLOCATE|[399]|Bytes:408
17:34:57.114 (114538590)|HEAP_ALLOCATE|[412]|Bytes:408
17:34:57.114 (114565620)|HEAP_ALLOCATE|[520]|Bytes:48
17:34:57.114 (114596621)|HEAP_ALLOCATE|[139]|Bytes:6
17:34:57.114 (114614597)|HEAP_ALLOCATE|[EXTERNAL]|Bytes:20
17:34:57.114 (114630261)|METHOD_ENTRY|[2]|01p7Q00000NmPBp|SetAccountToActiveTest.SetAccountToActiveTest()
17:34:57.114 (114638438)|STATEMENT_EXECUTE|[2]
17:34:57.114 (114662920)|STATEMENT_EXECUTE|[2]
17:34:57.114 (114669446)|METHOD_EXIT|[2]|SetAccountToActiveTest
17:34:57.114 (114698945)|HEAP_ALLOCATE|[52]|Bytes:5
17:34:57.114 (114730659)|HEAP_ALLOCATE|[58]|Bytes:5
17:34:57.114 (114742370)|HEAP_ALLOCATE|[66]|Bytes:7
17:34:57.114 (114789432)|STATEMENT_EXECUTE|[11]
17:34:57.114 (114792137)|STATEMENT_EXECUTE|[13]
17:34:57.114 (114796366)|HEAP_ALLOCATE|[13]|Bytes:41
17:34:57.114 (114825117)|HEAP_ALLOCATE|[13]|Bytes:4
17:34:57.114 (115201731)|SOQL_EXECUTE_BEGIN|[13]|Aggregations:0|SELECT Id, Active__c FROM Account LIMIT 1
17:34:57.114 (120437564)|SOQL_EXECUTE_END|[13]|Rows:1
17:34:57.114 (120477242)|HEAP_ALLOCATE|[13]|Bytes:8
17:34:57.114 (120523777)|HEAP_ALLOCATE|[13]|Bytes:46
17:34:57.114 (120658788)|HEAP_ALLOCATE|[13]|Bytes:8
17:34:57.114 (120680476)|HEAP_ALLOCATE|[13]|Bytes:33
17:34:57.114 (120779883)|HEAP_ALLOCATE|[13]|Bytes:12
17:34:57.114 (120796971)|VARIABLE_SCOPE_BEGIN|[13]|act|Account|true|false
17:34:57.114 (120879333)|VARIABLE_ASSIGNMENT|[13]|act|{"Id":"0017Q00000XgjoLQAR","Active__c":false}|0x5dccbbc4
17:34:57.114 (120890591)|STATEMENT_EXECUTE|[16]
17:34:57.114 (120945101)|HEAP_ALLOCATE|[16]|Bytes:82
17:34:57.114 (120968400)|SYSTEM_METHOD_ENTRY|[1]|Test.Test()
17:34:57.114 (120973879)|STATEMENT_EXECUTE|[1]
17:34:57.114 (120987526)|SYSTEM_METHOD_EXIT|[1]|Test
17:34:57.114 (121005671)|METHOD_ENTRY|[16]||System.Test.startTest()
17:34:57.114 (123274889)|METHOD_EXIT|[16]||System.Test.startTest()
17:34:57.114 (123286965)|STATEMENT_EXECUTE|[17]
17:34:57.114 (123344585)|HEAP_ALLOCATE|[17]|Bytes:18
17:34:57.114 (123364197)|HEAP_ALLOCATE|[17]|Bytes:13
17:34:57.114 (123375070)|METHOD_ENTRY|[1]|01p7Q00000NmNOr|DataFactory.DataFactory()
17:34:57.114 (123379956)|STATEMENT_EXECUTE|[1]
17:34:57.114 (123383430)|STATEMENT_EXECUTE|[1]
17:34:57.114 (123874086)|SYSTEM_MODE_ENTER|false
17:34:57.114 (123899382)|HEAP_ALLOCATE|[17]|Bytes:5
17:34:57.114 (123910289)|SYSTEM_MODE_EXIT|false
17:34:57.114 (123925169)|METHOD_EXIT|[1]|DataFactory
17:34:57.114 (123956160)|METHOD_ENTRY|[17]|01p7Q00000NmNOr|DataFactory.createOrders(String, Integer)
17:34:57.114 (124058521)|VARIABLE_SCOPE_BEGIN|[11]|accountId|String|false|false
17:34:57.114 (124077511)|VARIABLE_ASSIGNMENT|[11]|accountId|"0017Q00000XgjoLQAR"
17:34:57.114 (124085136)|VARIABLE_SCOPE_BEGIN|[11]|ordsNumber|Integer|false|false
17:34:57.114 (124094558)|VARIABLE_ASSIGNMENT|[11]|ordsNumber|1
17:34:57.114 (124113435)|SYSTEM_MODE_ENTER|false
17:34:57.114 (124121358)|HEAP_ALLOCATE|[12]|Bytes:5
17:34:57.114 (124126752)|STATEMENT_EXECUTE|[11]
17:34:57.114 (124128911)|STATEMENT_EXECUTE|[12]
17:34:57.114 (124141202)|HEAP_ALLOCATE|[12]|Bytes:4
17:34:57.114 (124231677)|VARIABLE_SCOPE_BEGIN|[12]|ordsList|List<Order>|true|false
17:34:57.114 (124242714)|HEAP_ALLOCATE|[EXTERNAL]|Bytes:4
17:34:57.114 (124259196)|VARIABLE_ASSIGNMENT|[12]|ordsList|[]|0x7549eaa4
17:34:57.114 (124266268)|STATEMENT_EXECUTE|[13]
17:34:57.114 (124270100)|VARIABLE_SCOPE_BEGIN|[13]|i|Integer|false|false
17:34:57.114 (124277193)|HEAP_ALLOCATE|[13]|Bytes:4
17:34:57.114 (124283634)|VARIABLE_ASSIGNMENT|[13]|i|0
17:34:57.114 (124292641)|STATEMENT_EXECUTE|[13]
17:34:57.114 (124294294)|STATEMENT_EXECUTE|[14]
17:34:57.114 (124324456)|HEAP_ALLOCATE|[14]|Bytes:4
17:34:57.114 (124419219)|HEAP_ALLOCATE|[14]|Bytes:4
17:34:57.114 (125300740)|VARIABLE_ASSIGNMENT|[14]|this.AccountId|"0017Q00000XgjoLQAR"|0x614e462e
17:34:57.114 (125326929)|METHOD_ENTRY|[14]||System.Test.getStandardPricebookId()
17:34:57.114 (126681993)|METHOD_EXIT|[14]||System.Test.getStandardPricebookId()
17:34:57.114 (126782769)|VARIABLE_ASSIGNMENT|[14]|this.Pricebook2Id|"01s7Q00000GDj3WQAT"|0x614e462e
17:34:57.114 (126792444)|HEAP_ALLOCATE|[14]|Bytes:5
17:34:57.114 (126815400)|VARIABLE_ASSIGNMENT|[14]|this.Status|"Draft"|0x614e462e
17:34:57.114 (126873536)|HEAP_ALLOCATE|[14]|Bytes:4
17:34:57.114 (126897044)|HEAP_ALLOCATE|[14]|Bytes:4
17:34:57.114 (126934159)|VARIABLE_ASSIGNMENT|[14]|this.EffectiveDate|"2022-10-15T00:00:00.000Z"|0x614e462e
17:34:57.114 (126969033)|VARIABLE_SCOPE_BEGIN|[14]|ord|Order|true|false
17:34:57.114 (126998205)|VARIABLE_ASSIGNMENT|[14]|ord|{"AccountId":"0017Q00000XgjoLQAR","Pricebook2Id":"01s7Q00000GDj3WQAT","Status":"Draft","EffectiveDate":"2022-10-15T00:00:00.000Z"}|0x614e462e
17:34:57.114 (127005210)|STATEMENT_EXECUTE|[15]
17:34:57.114 (127060787)|HEAP_ALLOCATE|[EXTERNAL]|Bytes:4
17:34:57.114 (127071148)|HEAP_ALLOCATE|[13]|Bytes:4
17:34:57.114 (127079944)|VARIABLE_ASSIGNMENT|[13]|i|1
17:34:57.114 (127089368)|STATEMENT_EXECUTE|[17]
17:34:57.114 (127095695)|SYSTEM_MODE_EXIT|false
17:34:57.114 (127105355)|METHOD_EXIT|[17]|01p7Q00000NmNOr|DataFactory.createOrders(String, Integer)
17:34:57.114 (127112342)|VARIABLE_SCOPE_BEGIN|[17]|orders|List<Order>|true|false
17:34:57.114 (127140676)|VARIABLE_ASSIGNMENT|[17]|orders|[{"AccountId":"0017Q00000XgjoLQAR","Pricebook2Id":"01s7Q00000GDj3WQAT","Status":"Draft","EffectiveDate":"2022-10-15T00:00:00.000Z"}]|0x7549eaa4
17:34:57.114 (127146858)|STATEMENT_EXECUTE|[18]
17:34:57.114 (127216199)|DML_BEGIN|[18]|Op:Insert|Type:Order|Rows:1
17:34:57.114 (127254626)|HEAP_ALLOCATE|[EXTERNAL]|Bytes:8
17:34:57.114 (157227957)|CODE_UNIT_STARTED|[EXTERNAL]|01q7Q000000cs5i|OrderTrigger on Order trigger event AfterInsert|__sfdc_trigger/OrderTrigger
17:34:57.114 (157356801)|HEAP_ALLOCATE|[EXTERNAL]|Bytes:8
17:34:57.114 (157728937)|HEAP_ALLOCATE|[EXTERNAL]|Bytes:4
17:34:57.114 (157755470)|VARIABLE_SCOPE_BEGIN|[1]|this|OrderTrigger|true|false
17:34:57.114 (157881715)|VARIABLE_ASSIGNMENT|[1]|this|{}|0x723ed4b5
17:34:57.114 (157961052)|HEAP_ALLOCATE|[EXTERNAL]|Bytes:4
17:34:57.114 (157971015)|VARIABLE_SCOPE_BEGIN|[1]|this|OrderTrigger|true|false
17:34:57.114 (157985570)|VARIABLE_ASSIGNMENT|[1]|this|{}|0x723ed4b5
17:34:57.114 (157994337)|STATEMENT_EXECUTE|[1]
17:34:57.114 (158021665)|STATEMENT_EXECUTE|[5]
17:34:57.114 (158024889)|STATEMENT_EXECUTE|[6]
17:34:57.114 (159244463)|HEAP_ALLOCATE|[6]|Bytes:5
17:34:57.114 (159304581)|METHOD_ENTRY|[1]|01p7Q00000Nlklx|OrderTriggerHandler.OrderTriggerHandler()
17:34:57.114 (159312087)|STATEMENT_EXECUTE|[1]
17:34:57.114 (159317584)|STATEMENT_EXECUTE|[1]
17:34:57.114 (160025326)|SYSTEM_MODE_ENTER|false
17:34:57.114 (160046765)|HEAP_ALLOCATE|[6]|Bytes:5
17:34:57.114 (160057863)|SYSTEM_MODE_EXIT|false
17:34:57.114 (160073647)|METHOD_EXIT|[1]|OrderTriggerHandler
17:34:57.114 (160106619)|METHOD_ENTRY|[6]|01p7Q00000Nlklx|OrderTriggerHandler.setAccountToActive(List<Order>)
17:34:57.114 (160145437)|VARIABLE_SCOPE_BEGIN|[17]|Orders|List<Order>|true|false
17:34:57.114 (161178495)|VARIABLE_ASSIGNMENT|[17]|Orders|[{"Status":"Draft","LastModifiedDate":"2022-09-15T15:34:57.000Z","IsDeleted":false,"AccountId":"0017Q00000XgjoLQAR","OrderNumber":"00100103","TotalAmount":0.00,"StatusCode":"Draft","IsReductionOrder":false,"SystemModstamp":"2022-09-15T15:34:57.000Z","OwnerId":"0057Q000006GxKbQAK","CreatedById":"0057Q000006GxKbQAK","CreatedDate":"2022-09-15T15:34:57.000Z","Pricebook2Id":"01s7Q00000GDj3WQAT","Id":"8017Q000000yOu6QAE","LastModifiedById":"0057Q000006GxKbQAK","EffectiveDate":"2022-10-15T00:00:00.000Z"}]|0x347968dc
17:34:57.114 (161215743)|SYSTEM_MODE_ENTER|false
17:34:57.114 (161224586)|HEAP_ALLOCATE|[21]|Bytes:5
17:34:57.114 (161230760)|STATEMENT_EXECUTE|[17]
17:34:57.114 (161232346)|STATEMENT_EXECUTE|[21]
17:34:57.114 (161251959)|HEAP_ALLOCATE|[21]|Bytes:4
17:34:57.114 (161312698)|VARIABLE_SCOPE_BEGIN|[21]|setAccountIds|Set<Id>|true|false
17:34:57.114 (161349249)|VARIABLE_ASSIGNMENT|[21]|setAccountIds|[]|0x6c008ecb
17:34:57.114 (161546509)|HEAP_ALLOCATE|[24]|Bytes:5
17:34:57.114 (161605442)|VARIABLE_SCOPE_BEGIN|[24]|newOrder|Order|true|false
17:34:57.114 (162251967)|VARIABLE_ASSIGNMENT|[24]|newOrder|{"Status":"Draft","LastModifiedDate":"2022-09-15T15:34:57.000Z","IsDeleted":false,"AccountId":"0017Q00000XgjoLQAR","OrderNumber":"00100103","TotalAmount":0.00,"StatusCode":"Draft","IsReductionOrder":false,"SystemModstamp":"2022-09-15T15:34:57.000Z","OwnerId":"0057Q000006GxKbQAK","CreatedById":"0057Q000006GxKbQAK","CreatedDate":"2022-09-15T15:34:57.000Z","Pricebook2Id":"01s7Q00000GDj3WQAT","Id":"8017Q000000yOu6QAE","LastModifiedById":"0057Q000006GxKbQAK","EffectiveDate":"2022-10-15T00:00:00.000Z"}|0x5e95d2bd
17:34:57.114 (162269027)|STATEMENT_EXECUTE|[24]
17:34:57.114 (162270948)|STATEMENT_EXECUTE|[25]
17:34:57.114 (162355765)|HEAP_ALLOCATE|[EXTERNAL]|Bytes:4
17:34:57.114 (162376878)|HEAP_ALLOCATE|[24]|Bytes:5
17:34:57.114 (162392231)|VARIABLE_ASSIGNMENT|[24]|newOrder|null|
17:34:57.114 (162398110)|STATEMENT_EXECUTE|[29]
17:34:57.114 (162401901)|HEAP_ALLOCATE|[29]|Bytes:78
17:34:57.114 (162419333)|HEAP_ALLOCATE|[29]|Bytes:4
17:34:57.114 (162427197)|HEAP_ALLOCATE|[29]|Bytes:7
17:34:57.114 (162459445)|HEAP_ALLOCATE|[29]|Bytes:8
17:34:57.114 (162467296)|HEAP_ALLOCATE|[29]|Bytes:8
17:34:57.114 (162919921)|SOQL_EXECUTE_BEGIN|[29]|Aggregations:1|SELECT Id, Active__c, (SELECT Id FROM Orders) FROM Account WHERE Id = :tmpVar1
17:34:57.114 (171271910)|SOQL_EXECUTE_END|[29]|Rows:1
17:34:57.114 (171311789)|HEAP_ALLOCATE|[29]|Bytes:8
17:34:57.114 (171359000)|HEAP_ALLOCATE|[29]|Bytes:116
17:34:57.114 (171398666)|HEAP_ALLOCATE|[29]|Bytes:8
17:34:57.114 (171420402)|VARIABLE_SCOPE_BEGIN|[29]|listOfAccounts|List<Account>|true|false
17:34:57.114 (171461240)|VARIABLE_ASSIGNMENT|[29]|listOfAccounts|[{"Id":"0017Q00000XgjoLQAR","Active__c":false,"Orders":[{"AccountId":"0017Q00000XgjoLQAR","Id":"8017Q000000yOu6QAE"}]}]|0x551c4b7b
17:34:57.114 (171468963)|STATEMENT_EXECUTE|[30]
17:34:57.114 (171480173)|HEAP_ALLOCATE|[30]|Bytes:4
17:34:57.114 (171520455)|VARIABLE_SCOPE_BEGIN|[30]|listOfAccountsToUpdate|List<Account>|true|false
17:34:57.114 (171529636)|HEAP_ALLOCATE|[EXTERNAL]|Bytes:4
17:34:57.114 (171536622)|VARIABLE_ASSIGNMENT|[30]|listOfAccountsToUpdate|[]|0x5ec5c85
17:34:57.114 (171664399)|HEAP_ALLOCATE|[33]|Bytes:5
17:34:57.114 (171685162)|HEAP_ALLOCATE|[33]|Bytes:16
17:34:57.114 (171695696)|VARIABLE_SCOPE_BEGIN|[33]|act|Account|true|false
17:34:57.114 (171718366)|VARIABLE_ASSIGNMENT|[33]|act|{"Id":"0017Q00000XgjoLQAR","Active__c":false,"Orders":[{"AccountId":"0017Q00000XgjoLQAR","Id":"8017Q000000yOu6QAE"}]}|0x3d6956bc
17:34:57.114 (171725691)|STATEMENT_EXECUTE|[33]
17:34:57.114 (171731576)|HEAP_ALLOCATE|[34]|Bytes:6
17:34:57.114 (171736312)|HEAP_ALLOCATE|[34]|Bytes:5
17:34:57.114 (171795307)|HEAP_ALLOCATE|[EXTERNAL]|Bytes:8
17:34:57.114 (171816103)|HEAP_ALLOCATE|[34]|Bytes:8
17:34:57.114 (171847305)|STATEMENT_EXECUTE|[34]
17:34:57.114 (171849106)|STATEMENT_EXECUTE|[35]
17:34:57.114 (171937117)|VARIABLE_ASSIGNMENT|[35]|this.Active__c|true|0x3d6956bc
17:34:57.114 (171944317)|STATEMENT_EXECUTE|[36]
17:34:57.114 (171976600)|HEAP_ALLOCATE|[EXTERNAL]|Bytes:4
17:34:57.114 (171995791)|HEAP_ALLOCATE|[33]|Bytes:5
17:34:57.114 (172009992)|VARIABLE_ASSIGNMENT|[33]|act|null|
17:34:57.114 (172029683)|STATEMENT_EXECUTE|[39]
17:34:57.114 (172031581)|STATEMENT_EXECUTE|[40]
17:34:57.114 (172093881)|DML_BEGIN|[40]|Op:Update|Type:Account|Rows:1
17:34:57.114 (172131396)|HEAP_ALLOCATE|[EXTERNAL]|Bytes:8
17:34:57.114 (179625820)|CODE_UNIT_STARTED|[EXTERNAL]|DuplicateDetector
17:34:57.114 (179651513)|DUPLICATE_DETECTION_BEGIN
17:34:57.114 (179699200)|DUPLICATE_DETECTION_RULE_INVOCATION|DuplicateRuleId:0Bm7Q00000HCznx|DuplicateRuleName:Standard Account Duplicate Rule|DmlType:UPDATE
17:34:57.114 (179769716)|DUPLICATE_DETECTION_END
17:34:57.114 (179780949)|CODE_UNIT_FINISHED|DuplicateDetector
17:34:57.114 (202623721)|DML_END|[40]
17:34:57.114 (202760370)|HEAP_ALLOCATE|[EXTERNAL]|Bytes:8
17:34:57.114 (202803337)|SYSTEM_MODE_EXIT|false
17:34:57.114 (202832777)|METHOD_EXIT|[6]|01p7Q00000Nlklx|OrderTriggerHandler.setAccountToActive(List<Order>)
17:34:57.114 (202899830)|STATEMENT_EXECUTE|[8]
17:34:57.202 (202920728)|CUMULATIVE_LIMIT_USAGE
17:34:57.202 (202920728)|LIMIT_USAGE_FOR_NS|(default)|
  Number of SOQL queries: 1 out of 100
  Number of query rows: 1 out of 50000
  Number of SOSL queries: 0 out of 20
  Number of DML statements: 1 out of 150
  Number of Publish Immediate DML: 0 out of 150
  Number of DML rows: 1 out of 10000
  Maximum CPU time: 0 out of 10000
  Maximum heap size: 0 out of 6000000
  Number of callouts: 0 out of 100
  Number of Email Invocations: 0 out of 10
  Number of future calls: 0 out of 50
  Number of queueable jobs added to the queue: 0 out of 50
  Number of Mobile Apex push calls: 0 out of 10

17:34:57.202 (202920728)|TESTING_LIMITS
17:34:57.202 (202920728)|LIMIT_USAGE_FOR_NS|(default)|
  Number of SOQL queries: 1 out of 100
  Number of query rows: 2 out of 50000
  Number of SOSL queries: 0 out of 20
  Number of DML statements: 2 out of 150
  Number of Publish Immediate DML: 0 out of 150
  Number of DML rows: 2 out of 10000
  Maximum CPU time: 0 out of 10000
  Maximum heap size: 0 out of 6000000
  Number of callouts: 0 out of 100
  Number of Email Invocations: 0 out of 10
  Number of future calls: 0 out of 50
  Number of queueable jobs added to the queue: 0 out of 50
  Number of Mobile Apex push calls: 0 out of 10

17:34:57.202 (202920728)|CUMULATIVE_LIMIT_USAGE_END

17:34:57.114 (204763941)|CODE_UNIT_FINISHED|OrderTrigger on Order trigger event AfterInsert|__sfdc_trigger/OrderTrigger
17:34:57.114 (206170453)|DML_END|[18]
17:34:57.114 (206217046)|HEAP_ALLOCATE|[EXTERNAL]|Bytes:8
17:34:57.114 (206238829)|STATEMENT_EXECUTE|[19]
17:34:57.114 (206263047)|METHOD_ENTRY|[19]||System.Test.stopTest()
17:34:57.114 (206819148)|METHOD_EXIT|[19]||System.Test.stopTest()
17:34:57.114 (206831537)|STATEMENT_EXECUTE|[21]
17:34:57.114 (206900917)|VARIABLE_SCOPE_BEGIN|[21]|result|Boolean|false|false
17:34:57.114 (206922955)|VARIABLE_ASSIGNMENT|[21]|result|false
17:34:57.114 (206928458)|STATEMENT_EXECUTE|[22]
17:34:57.114 (206938790)|HEAP_ALLOCATE|[22]|Bytes:53
17:34:57.114 (207103532)|EXCEPTION_THROWN|[22]|System.AssertException: Assertion Failed: Active_c is set to true when adding an order, test ok: Expected: true, Actual: false
17:34:57.114 (207299220)|HEAP_ALLOCATE|[22]|Bytes:106
17:34:57.114 (207560917)|FATAL_ERROR|System.AssertException: Assertion Failed: Active_c is set to true when adding an order, test ok: Expected: true, Actual: false

Class.SetAccountToActiveTest.setAccountToActiveTest: line 22, column 1
17:34:57.114 (207599200)|FATAL_ERROR|System.AssertException: Assertion Failed: Active_c is set to true when adding an order, test ok: Expected: true, Actual: false

Class.SetAccountToActiveTest.setAccountToActiveTest: line 22, column 1
17:34:57.207 (207641247)|CUMULATIVE_LIMIT_USAGE
17:34:57.207 (207641247)|LIMIT_USAGE_FOR_NS|(default)|
  Number of SOQL queries: 1 out of 100
  Number of query rows: 1 out of 50000
  Number of SOSL queries: 0 out of 20
  Number of DML statements: 1 out of 150
  Number of Publish Immediate DML: 0 out of 150
  Number of DML rows: 1 out of 10000
  Maximum CPU time: 0 out of 10000
  Maximum heap size: 0 out of 6000000
  Number of callouts: 0 out of 100
  Number of Email Invocations: 0 out of 10
  Number of future calls: 0 out of 50
  Number of queueable jobs added to the queue: 0 out of 50
  Number of Mobile Apex push calls: 0 out of 10

17:34:57.207 (207641247)|TESTING_LIMITS
17:34:57.207 (207641247)|LIMIT_USAGE_FOR_NS|(default)|
  Number of SOQL queries: 1 out of 100
  Number of query rows: 2 out of 50000
  Number of SOSL queries: 0 out of 20
  Number of DML statements: 2 out of 150
  Number of Publish Immediate DML: 0 out of 150
  Number of DML rows: 2 out of 10000
  Maximum CPU time: 0 out of 10000
  Maximum heap size: 0 out of 6000000
  Number of callouts: 0 out of 100
  Number of Email Invocations: 0 out of 10
  Number of future calls: 0 out of 50
  Number of queueable jobs added to the queue: 0 out of 50
  Number of Mobile Apex push calls: 0 out of 10

17:34:57.207 (207641247)|CUMULATIVE_LIMIT_USAGE_END

17:34:57.114 (207701199)|CODE_UNIT_FINISHED|SetAccountToActiveTest.setAccountToActiveTest()
17:34:57.114 (207722787)|EXECUTION_FINISHED
17:34:57.296 (296845380)|USER_INFO|[EXTERNAL]|0057Q000006GxKb|p11@projetoc.com|(GMT+02:00) Central European Summer Time (Europe/Paris)|GMT+02:00
17:34:57.296 (296909978)|EXECUTION_STARTED
17:34:57.296 (296915229)|CODE_UNIT_STARTED|[EXTERNAL]|DuplicateDetector
17:34:57.296 (296930532)|DUPLICATE_DETECTION_BEGIN
17:34:57.296 (296982700)|DUPLICATE_DETECTION_RULE_INVOCATION|DuplicateRuleId:0Bm7Q00000HCznx|DuplicateRuleName:Standard Account Duplicate Rule|DmlType:INSERT
17:34:57.296 (315070203)|DUPLICATE_DETECTION_END
17:34:57.296 (315107559)|CODE_UNIT_FINISHED|DuplicateDetector
17:34:57.296 (315127415)|EXECUTION_FINISHED
17:34:57.316 (316159196)|USER_INFO|[EXTERNAL]|0057Q000006GxKb|p11@projetoc.com|(GMT+02:00) Central European Summer Time (Europe/Paris)|GMT+02:00
17:34:57.316 (316181409)|EXECUTION_STARTED
17:34:57.316 (316185068)|CODE_UNIT_STARTED|[EXTERNAL]|DuplicateDetector
17:34:57.316 (316197611)|DUPLICATE_DETECTION_BEGIN
17:34:57.316 (316249617)|DUPLICATE_DETECTION_RULE_INVOCATION|DuplicateRuleId:0Bm7Q00000HCznx|DuplicateRuleName:Standard Account Duplicate Rule|DmlType:UPDATE
17:34:57.316 (324111022)|DUPLICATE_DETECTION_END
17:34:57.316 (324128688)|CODE_UNIT_FINISHED|DuplicateDetector
17:34:57.316 (324140639)|EXECUTION_FINISHED
