55.0 APEX_CODE,FINEST;APEX_PROFILING,INFO;CALLOUT,INFO;DB,INFO;NBA,INFO;SYSTEM,DEBUG;VALIDATION,INFO;VISUALFORCE,FINER;WAVE,INFO;WORKFLOW,INFO
17:55:22.4 (4529743)|USER_INFO|[EXTERNAL]|0057Q000006GxKb|p11@projetoc.com|(GMT+02:00) Central European Summer Time (Europe/Paris)|GMT+02:00
17:55:22.4 (4656781)|EXECUTION_STARTED
17:55:22.4 (4692902)|CODE_UNIT_STARTED|[EXTERNAL]|01p7Q00000NmP2b|UpdateInactiveAccountsTest.makeData()
17:55:22.4 (5839982)|HEAP_ALLOCATE|[79]|Bytes:3
17:55:22.4 (5926003)|HEAP_ALLOCATE|[84]|Bytes:152
17:55:22.4 (5992480)|HEAP_ALLOCATE|[399]|Bytes:408
17:55:22.4 (6016410)|HEAP_ALLOCATE|[412]|Bytes:408
17:55:22.4 (6038685)|HEAP_ALLOCATE|[520]|Bytes:48
17:55:22.4 (6074823)|HEAP_ALLOCATE|[139]|Bytes:6
17:55:22.4 (6093916)|HEAP_ALLOCATE|[EXTERNAL]|Bytes:20
17:55:22.4 (6127727)|METHOD_ENTRY|[2]|01p7Q00000NmP2b|UpdateInactiveAccountsTest.UpdateInactiveAccountsTest()
17:55:22.4 (6164779)|STATEMENT_EXECUTE|[2]
17:55:22.4 (6175931)|STATEMENT_EXECUTE|[2]
17:55:22.4 (6208914)|HEAP_ALLOCATE|[52]|Bytes:5
17:55:22.4 (6252597)|HEAP_ALLOCATE|[58]|Bytes:5
17:55:22.4 (6263454)|HEAP_ALLOCATE|[66]|Bytes:7
17:55:22.4 (6839662)|SYSTEM_MODE_ENTER|false
17:55:22.4 (6868250)|HEAP_ALLOCATE|[EXTERNAL]|Bytes:5
17:55:22.4 (6882215)|SYSTEM_MODE_EXIT|false
17:55:22.4 (6903008)|METHOD_EXIT|[2]|UpdateInactiveAccountsTest
17:55:22.4 (6979712)|SYSTEM_MODE_ENTER|false
17:55:22.4 (6985468)|HEAP_ALLOCATE|[5]|Bytes:5
17:55:22.4 (6992054)|STATEMENT_EXECUTE|[4]
17:55:22.4 (6995885)|STATEMENT_EXECUTE|[5]
17:55:22.4 (6999644)|HEAP_ALLOCATE|[5]|Bytes:11
17:55:22.4 (8444940)|HEAP_ALLOCATE|[5]|Bytes:13
17:55:22.4 (8477278)|METHOD_ENTRY|[1]|01p7Q00000NmNOr|DataFactory.DataFactory()
17:55:22.4 (8486133)|STATEMENT_EXECUTE|[1]
17:55:22.4 (8491557)|STATEMENT_EXECUTE|[1]
17:55:22.4 (8500138)|HEAP_ALLOCATE|[5]|Bytes:5
17:55:22.4 (8510545)|METHOD_EXIT|[1]|DataFactory
17:55:22.4 (8557301)|METHOD_ENTRY|[5]|01p7Q00000NmNOr|DataFactory.createAccount(String)
17:55:22.4 (8673649)|VARIABLE_SCOPE_BEGIN|[3]|actName|String|false|false
17:55:22.4 (8799791)|VARIABLE_ASSIGNMENT|[3]|actName|"TestAccount"
17:55:22.4 (8820239)|HEAP_ALLOCATE|[5]|Bytes:5
17:55:22.4 (8827922)|STATEMENT_EXECUTE|[3]
17:55:22.4 (8830261)|STATEMENT_EXECUTE|[5]
17:55:22.4 (8858438)|HEAP_ALLOCATE|[5]|Bytes:4
17:55:22.4 (8986759)|VARIABLE_SCOPE_BEGIN|[5]|act|Account|true|false
17:55:22.4 (9021036)|VARIABLE_ASSIGNMENT|[5]|act|{}|0x3b055a22
17:55:22.4 (9028788)|STATEMENT_EXECUTE|[6]
17:55:22.4 (10023687)|VARIABLE_ASSIGNMENT|[6]|this.Name|"TestAccount"|0x3b055a22
17:55:22.4 (10040993)|STATEMENT_EXECUTE|[7]
17:55:22.4 (10106713)|VARIABLE_ASSIGNMENT|[7]|this.Active__c|false|0x3b055a22
17:55:22.4 (10113728)|STATEMENT_EXECUTE|[8]
17:55:22.4 (10133291)|METHOD_EXIT|[5]|01p7Q00000NmNOr|DataFactory.createAccount(String)
17:55:22.4 (10147685)|VARIABLE_SCOPE_BEGIN|[5]|act|Account|true|false
17:55:22.4 (10171119)|VARIABLE_ASSIGNMENT|[5]|act|{"Name":"TestAccount","Active__c":false}|0x3b055a22
17:55:22.4 (10177567)|STATEMENT_EXECUTE|[6]
17:55:22.4 (10250061)|HEAP_ALLOCATE|[6]|Bytes:8
17:55:22.4 (10314999)|DML_BEGIN|[6]|Op:Insert|Type:Account|Rows:1
17:55:22.4 (10361800)|HEAP_ALLOCATE|[EXTERNAL]|Bytes:8
17:55:22.4 (24908318)|CODE_UNIT_STARTED|[EXTERNAL]|DuplicateDetector
17:55:22.4 (24946764)|DUPLICATE_DETECTION_BEGIN
17:55:22.4 (25522500)|DUPLICATE_DETECTION_RULE_INVOCATION|DuplicateRuleId:0Bm7Q00000HCznx|DuplicateRuleName:Standard Account Duplicate Rule|DmlType:INSERT
17:55:22.4 (66898113)|DUPLICATE_DETECTION_MATCH_INVOCATION_DETAILS|EntityType:Account|ActionTaken:Allow_[Alert,Report]|DuplicateRecordIds:
17:55:22.4 (66919534)|DUPLICATE_DETECTION_MATCH_INVOCATION_SUMMARY|EntityType:Account|NumRecordsToBeSaved:1|NumRecordsToBeSavedWithDuplicates:0|NumDuplicateRecordsFound:0
17:55:22.4 (67071152)|DUPLICATE_DETECTION_END
17:55:22.4 (67087857)|CODE_UNIT_FINISHED|DuplicateDetector
17:55:22.4 (105895090)|DML_END|[6]
17:55:22.4 (105939359)|SYSTEM_MODE_EXIT|false
17:55:22.105 (105974669)|CUMULATIVE_LIMIT_USAGE
17:55:22.105 (105974669)|LIMIT_USAGE_FOR_NS|(default)|
  Number of SOQL queries: 0 out of 100
  Number of query rows: 0 out of 50000
  Number of SOSL queries: 0 out of 20
  Number of DML statements: 1 out of 150
  Number of Publish Immediate DML: 0 out of 150
  Number of DML rows: 1 out of 10000
  Maximum CPU time: 0 out of 10000
  Maximum heap size: 0 out of 6000000
  Number of callouts: 0 out of 100
  Number of Email Invocations: 0 out of 10
  Number of future calls: 0 out of 50
  Number of queueable jobs added to the queue: 0 out of 50
  Number of Mobile Apex push calls: 0 out of 10

17:55:22.105 (105974669)|CUMULATIVE_LIMIT_USAGE_END

17:55:22.4 (106053446)|CODE_UNIT_FINISHED|UpdateInactiveAccountsTest.makeData()
17:55:22.4 (106068263)|EXECUTION_FINISHED
17:55:22.117 (117737581)|USER_INFO|[EXTERNAL]|0057Q000006GxKb|p11@projetoc.com|(GMT+02:00) Central European Summer Time (Europe/Paris)|GMT+02:00
17:55:22.117 (117767879)|EXECUTION_STARTED
17:55:22.117 (117778776)|CODE_UNIT_STARTED|[EXTERNAL]|01p7Q00000NmP2b|UpdateInactiveAccountsTest.updateInactiveAccountTest()
17:55:22.117 (117988460)|HEAP_ALLOCATE|[79]|Bytes:3
17:55:22.117 (118040157)|HEAP_ALLOCATE|[84]|Bytes:152
17:55:22.117 (118061354)|HEAP_ALLOCATE|[399]|Bytes:408
17:55:22.117 (118082934)|HEAP_ALLOCATE|[412]|Bytes:408
17:55:22.117 (118100748)|HEAP_ALLOCATE|[520]|Bytes:48
17:55:22.117 (118128940)|HEAP_ALLOCATE|[139]|Bytes:6
17:55:22.117 (118146301)|HEAP_ALLOCATE|[EXTERNAL]|Bytes:20
17:55:22.117 (118160283)|METHOD_ENTRY|[2]|01p7Q00000NmP2b|UpdateInactiveAccountsTest.UpdateInactiveAccountsTest()
17:55:22.117 (118170050)|STATEMENT_EXECUTE|[2]
17:55:22.117 (118176786)|STATEMENT_EXECUTE|[2]
17:55:22.117 (118637157)|SYSTEM_MODE_ENTER|false
17:55:22.117 (118686342)|HEAP_ALLOCATE|[52]|Bytes:5
17:55:22.117 (118717918)|HEAP_ALLOCATE|[58]|Bytes:5
17:55:22.117 (118728420)|HEAP_ALLOCATE|[66]|Bytes:7
17:55:22.117 (118742942)|HEAP_ALLOCATE|[EXTERNAL]|Bytes:5
17:55:22.117 (118752916)|SYSTEM_MODE_EXIT|false
17:55:22.117 (118763189)|METHOD_EXIT|[2]|UpdateInactiveAccountsTest
17:55:22.117 (118810928)|SYSTEM_MODE_ENTER|false
17:55:22.117 (118816688)|HEAP_ALLOCATE|[11]|Bytes:5
17:55:22.117 (118823756)|STATEMENT_EXECUTE|[10]
17:55:22.117 (118826313)|STATEMENT_EXECUTE|[11]
17:55:22.117 (118829071)|HEAP_ALLOCATE|[11]|Bytes:30
17:55:22.117 (118869959)|HEAP_ALLOCATE|[11]|Bytes:4
17:55:22.117 (119204641)|SOQL_EXECUTE_BEGIN|[11]|Aggregations:0|SELECT Id FROM Account LIMIT 1
17:55:22.117 (124324059)|SOQL_EXECUTE_END|[11]|Rows:1
17:55:22.117 (124360337)|HEAP_ALLOCATE|[11]|Bytes:8
17:55:22.117 (124396532)|HEAP_ALLOCATE|[11]|Bytes:29
17:55:22.117 (124514456)|HEAP_ALLOCATE|[11]|Bytes:8
17:55:22.117 (124531753)|HEAP_ALLOCATE|[11]|Bytes:33
17:55:22.117 (124610665)|HEAP_ALLOCATE|[11]|Bytes:8
17:55:22.117 (124621630)|VARIABLE_SCOPE_BEGIN|[11]|act|Account|true|false
17:55:22.117 (124692073)|VARIABLE_ASSIGNMENT|[11]|act|{"Id":"0017Q00000XgjyuQAB"}|0x6494dcb8
17:55:22.117 (124700949)|STATEMENT_EXECUTE|[13]
17:55:22.117 (124738245)|HEAP_ALLOCATE|[13]|Bytes:82
17:55:22.117 (124752436)|SYSTEM_METHOD_ENTRY|[1]|Test.Test()
17:55:22.117 (124757469)|STATEMENT_EXECUTE|[1]
17:55:22.117 (124767680)|SYSTEM_METHOD_EXIT|[1]|Test
17:55:22.117 (124791639)|METHOD_ENTRY|[13]||System.Test.startTest()
17:55:22.117 (126212010)|METHOD_EXIT|[13]||System.Test.startTest()
17:55:22.117 (126225384)|STATEMENT_EXECUTE|[14]
17:55:22.117 (127685849)|HEAP_ALLOCATE|[14]|Bytes:57
17:55:22.117 (127712899)|HEAP_ALLOCATE|[14]|Bytes:7
17:55:22.117 (127745467)|METHOD_ENTRY|[1]|01p7Q00000Nlkm2|UpdateInactiveAccounts.UpdateInactiveAccounts()
17:55:22.117 (127754072)|STATEMENT_EXECUTE|[1]
17:55:22.117 (127762911)|STATEMENT_EXECUTE|[1]
17:55:22.117 (127779927)|METHOD_EXIT|[1]|UpdateInactiveAccounts
17:55:22.117 (127816600)|HEAP_ALLOCATE|[14]|Bytes:4
17:55:22.117 (127845047)|CONSTRUCTOR_ENTRY|[14]|01p7Q00000Nlkm2|<init>()|UpdateInactiveAccounts
17:55:22.117 (127926722)|VARIABLE_SCOPE_BEGIN|[1]|this|UpdateInactiveAccounts|true|false
17:55:22.117 (128049096)|VARIABLE_ASSIGNMENT|[1]|this|{}|0x122fe971
17:55:22.117 (128070840)|HEAP_ALLOCATE|[EXTERNAL]|Bytes:6
17:55:22.117 (128890838)|STATEMENT_EXECUTE|[1]
17:55:22.117 (128902176)|CONSTRUCTOR_EXIT|[14]|01p7Q00000Nlkm2|<init>()|UpdateInactiveAccounts
17:55:22.117 (128914391)|VARIABLE_SCOPE_BEGIN|[14]|uia|UpdateInactiveAccounts|true|false
17:55:22.117 (128945050)|VARIABLE_ASSIGNMENT|[14]|uia|{}|0x122fe971
17:55:22.117 (128951372)|STATEMENT_EXECUTE|[15]
17:55:22.117 (149717731)|STATEMENT_EXECUTE|[16]
17:55:22.117 (149747554)|METHOD_ENTRY|[16]||System.Test.stopTest()
17:55:22.117 (153526119)|CODE_UNIT_STARTED|[EXTERNAL]|01p7Q00000Nlkm2|UpdateInactiveAccounts
17:55:22.117 (154639588)|HEAP_ALLOCATE|[EXTERNAL]|Bytes:4
17:55:22.117 (157945186)|HEAP_ALLOCATE|[EXTERNAL]|Bytes:11
17:55:22.117 (157975406)|SYSTEM_METHOD_ENTRY|[15]|BatchableContextImpl.BatchableContextImpl()
17:55:22.117 (157983392)|STATEMENT_EXECUTE|[15]
17:55:22.117 (157998261)|SYSTEM_METHOD_EXIT|[15]|BatchableContextImpl
17:55:22.117 (158008404)|HEAP_ALLOCATE|[EXTERNAL]|Bytes:12
17:55:22.117 (158014146)|HEAP_ALLOCATE|[EXTERNAL]|Bytes:4
17:55:22.117 (158032303)|VARIABLE_SCOPE_BEGIN|[31]|this|Database.BatchableContextImpl|true|false
17:55:22.117 (158121158)|VARIABLE_ASSIGNMENT|[31]|this|{}|0x142ba462
17:55:22.117 (158134837)|VARIABLE_SCOPE_BEGIN|[31]|jobId|Id|false|false
17:55:22.117 (158418085)|VARIABLE_ASSIGNMENT|[31]|jobId|"7077Q00000pejgJQAQ"
17:55:22.117 (158428102)|VARIABLE_SCOPE_BEGIN|[31]|childJobId|Id|false|false
17:55:22.117 (158439060)|VARIABLE_ASSIGNMENT|[31]|childJobId|null
17:55:22.117 (158767645)|HEAP_ALLOCATE|[EXTERNAL]|Bytes:4
17:55:22.117 (158775885)|HEAP_ALLOCATE|[EXTERNAL]|Bytes:12
17:55:22.117 (158784402)|VARIABLE_SCOPE_BEGIN|[5]|this|UpdateInactiveAccounts|true|false
17:55:22.117 (158806822)|VARIABLE_ASSIGNMENT|[5]|this|{}|0x77f50994
17:55:22.117 (158814180)|VARIABLE_SCOPE_BEGIN|[5]|info|Database.BatchableContext|true|false
17:55:22.117 (158949259)|VARIABLE_ASSIGNMENT|[5]|info|{"jobId":"7077Q00000pejgJQAQ"}|0x142ba462
17:55:22.117 (158969277)|STATEMENT_EXECUTE|[5]
17:55:22.117 (158972059)|STATEMENT_EXECUTE|[8]
17:55:22.117 (158977335)|HEAP_ALLOCATE|[8]|Bytes:129
17:55:22.117 (159410968)|EXCEPTION_THROWN|[8]|System.QueryException: unexpected token: 'FROM'
17:55:22.117 (159613768)|HEAP_ALLOCATE|[8]|Bytes:28
17:55:22.117 (159711352)|FATAL_ERROR|System.QueryException: unexpected token: 'FROM'

Class.UpdateInactiveAccounts.start: line 8, column 1
17:55:22.160 (160030358)|CUMULATIVE_LIMIT_USAGE
17:55:22.160 (160030358)|LIMIT_USAGE_FOR_NS|(default)|
  Number of SOQL queries: 0 out of 200
  Number of query rows: 0 out of 50000
  Number of SOSL queries: 0 out of 20
  Number of DML statements: 0 out of 150
  Number of Publish Immediate DML: 0 out of 150
  Number of DML rows: 0 out of 10000
  Maximum CPU time: 0 out of 60000
  Maximum heap size: 0 out of 12000000
  Number of callouts: 0 out of 100
  Number of Email Invocations: 0 out of 10
  Number of future calls: 0 out of 0
  Number of queueable jobs added to the queue: 0 out of 1
  Number of Mobile Apex push calls: 0 out of 10

17:55:22.160 (160030358)|CUMULATIVE_LIMIT_USAGE_END

17:55:22.117 (160088726)|CODE_UNIT_FINISHED|UpdateInactiveAccounts
17:55:22.117 (161214935)|HEAP_ALLOCATE|[19]|Bytes:28
17:55:22.117 (161242767)|METHOD_EXIT|[16]||System.Test.stopTest()
17:55:22.117 (161257654)|SYSTEM_MODE_EXIT|false
17:55:22.117 (161333763)|FATAL_ERROR|System.QueryException: unexpected token: 'FROM'

Class.UpdateInactiveAccounts.start: line 8, column 1
17:55:22.117 (161345985)|FATAL_ERROR|System.QueryException: unexpected token: 'FROM'

Class.UpdateInactiveAccounts.start: line 8, column 1
17:55:22.161 (161352598)|CUMULATIVE_LIMIT_USAGE
17:55:22.161 (161352598)|LIMIT_USAGE_FOR_NS|(default)|
  Number of SOQL queries: 1 out of 100
  Number of query rows: 1 out of 50000
  Number of SOSL queries: 0 out of 20
  Number of DML statements: 1 out of 150
  Number of Publish Immediate DML: 0 out of 150
  Number of DML rows: 1 out of 10000
  Maximum CPU time: 0 out of 10000
  Maximum heap size: 0 out of 6000000
  Number of callouts: 0 out of 100
  Number of Email Invocations: 0 out of 10
  Number of future calls: 0 out of 50
  Number of queueable jobs added to the queue: 0 out of 50
  Number of Mobile Apex push calls: 0 out of 10

17:55:22.161 (161352598)|TESTING_LIMITS
17:55:22.161 (161352598)|LIMIT_USAGE_FOR_NS|(default)|
  Number of SOQL queries: 0 out of 100
  Number of query rows: 0 out of 50000
  Number of SOSL queries: 0 out of 20
  Number of DML statements: 0 out of 150
  Number of Publish Immediate DML: 0 out of 150
  Number of DML rows: 0 out of 10000
  Maximum CPU time: 0 out of 10000
  Maximum heap size: 0 out of 6000000
  Number of callouts: 0 out of 100
  Number of Email Invocations: 0 out of 10
  Number of future calls: 0 out of 50
  Number of queueable jobs added to the queue: 0 out of 50
  Number of Mobile Apex push calls: 0 out of 10

17:55:22.161 (161352598)|CUMULATIVE_LIMIT_USAGE_END

17:55:22.117 (161388752)|CODE_UNIT_FINISHED|UpdateInactiveAccountsTest.updateInactiveAccountTest()
17:55:22.117 (161395640)|EXECUTION_FINISHED
17:55:22.283 (283428556)|USER_INFO|[EXTERNAL]|0057Q000006GxKb|p11@projetoc.com|(GMT+02:00) Central European Summer Time (Europe/Paris)|GMT+02:00
17:55:22.283 (283483422)|EXECUTION_STARTED
17:55:22.283 (283492900)|CODE_UNIT_STARTED|[EXTERNAL]|DuplicateDetector
17:55:22.283 (283513497)|DUPLICATE_DETECTION_BEGIN
17:55:22.283 (283657296)|DUPLICATE_DETECTION_RULE_INVOCATION|DuplicateRuleId:0Bm7Q00000HCznx|DuplicateRuleName:Standard Account Duplicate Rule|DmlType:INSERT
17:55:22.283 (296401997)|DUPLICATE_DETECTION_END
17:55:22.283 (296436575)|CODE_UNIT_FINISHED|DuplicateDetector
17:55:22.283 (296469653)|EXECUTION_FINISHED
