55.0 APEX_CODE,FINEST;APEX_PROFILING,INFO;CALLOUT,INFO;DB,INFO;NBA,INFO;SYSTEM,DEBUG;VALIDATION,INFO;VISUALFORCE,FINER;WAVE,INFO;WORKFLOW,INFO
18:12:08.4 (4435695)|USER_INFO|[EXTERNAL]|0057Q000006GxKb|p11@projetoc.com|(GMT+02:00) Central European Summer Time (Europe/Paris)|GMT+02:00
18:12:08.4 (4551734)|EXECUTION_STARTED
18:12:08.4 (4570789)|CODE_UNIT_STARTED|[EXTERNAL]|01p7Q00000NmNbd|OrderTriggerHandlerTest.makeData()
18:12:08.4 (5519494)|HEAP_ALLOCATE|[79]|Bytes:3
18:12:08.4 (5632511)|HEAP_ALLOCATE|[84]|Bytes:152
18:12:08.4 (5650351)|HEAP_ALLOCATE|[399]|Bytes:408
18:12:08.4 (5668801)|HEAP_ALLOCATE|[412]|Bytes:408
18:12:08.4 (5684233)|HEAP_ALLOCATE|[520]|Bytes:48
18:12:08.4 (5715770)|HEAP_ALLOCATE|[139]|Bytes:6
18:12:08.4 (5732412)|HEAP_ALLOCATE|[EXTERNAL]|Bytes:47
18:12:08.4 (5794830)|METHOD_ENTRY|[2]|01p7Q00000NmNbd|OrderTriggerHandlerTest.OrderTriggerHandlerTest()
18:12:08.4 (5804133)|STATEMENT_EXECUTE|[2]
18:12:08.4 (5818801)|STATEMENT_EXECUTE|[2]
18:12:08.4 (5847592)|HEAP_ALLOCATE|[52]|Bytes:5
18:12:08.4 (5888529)|HEAP_ALLOCATE|[58]|Bytes:5
18:12:08.4 (5896919)|HEAP_ALLOCATE|[66]|Bytes:7
18:12:08.4 (6488520)|SYSTEM_MODE_ENTER|false
18:12:08.4 (6543148)|HEAP_ALLOCATE|[EXTERNAL]|Bytes:5
18:12:08.4 (6558547)|SYSTEM_MODE_EXIT|false
18:12:08.4 (6589977)|METHOD_EXIT|[2]|OrderTriggerHandlerTest
18:12:08.4 (6649461)|SYSTEM_MODE_ENTER|false
18:12:08.4 (6654517)|HEAP_ALLOCATE|[6]|Bytes:5
18:12:08.4 (6659242)|STATEMENT_EXECUTE|[5]
18:12:08.4 (6661257)|STATEMENT_EXECUTE|[6]
18:12:08.4 (6666735)|HEAP_ALLOCATE|[6]|Bytes:11
18:12:08.4 (8067128)|HEAP_ALLOCATE|[6]|Bytes:13
18:12:08.4 (8128046)|METHOD_ENTRY|[1]|01p7Q00000NmNOr|DataFactory.DataFactory()
18:12:08.4 (8134764)|STATEMENT_EXECUTE|[1]
18:12:08.4 (8140433)|STATEMENT_EXECUTE|[1]
18:12:08.4 (8148727)|HEAP_ALLOCATE|[6]|Bytes:5
18:12:08.4 (8158637)|METHOD_EXIT|[1]|DataFactory
18:12:08.4 (8226289)|METHOD_ENTRY|[6]|01p7Q00000NmNOr|DataFactory.createAccount(String)
18:12:08.4 (8355076)|VARIABLE_SCOPE_BEGIN|[3]|actName|String|false|false
18:12:08.4 (8434489)|VARIABLE_ASSIGNMENT|[3]|actName|"TestAccount"
18:12:08.4 (8480007)|HEAP_ALLOCATE|[5]|Bytes:5
18:12:08.4 (8486581)|STATEMENT_EXECUTE|[3]
18:12:08.4 (8488539)|STATEMENT_EXECUTE|[5]
18:12:08.4 (8518985)|HEAP_ALLOCATE|[5]|Bytes:4
18:12:08.4 (8636228)|VARIABLE_SCOPE_BEGIN|[5]|act|Account|true|false
18:12:08.4 (8672652)|VARIABLE_ASSIGNMENT|[5]|act|{}|0x476fb65b
18:12:08.4 (8680589)|STATEMENT_EXECUTE|[6]
18:12:08.4 (9645539)|VARIABLE_ASSIGNMENT|[6]|this.Name|"TestAccount"|0x476fb65b
18:12:08.4 (9658846)|STATEMENT_EXECUTE|[7]
18:12:08.4 (9719375)|VARIABLE_ASSIGNMENT|[7]|this.Active__c|true|0x476fb65b
18:12:08.4 (9726353)|STATEMENT_EXECUTE|[8]
18:12:08.4 (9770789)|METHOD_EXIT|[6]|01p7Q00000NmNOr|DataFactory.createAccount(String)
18:12:08.4 (9791471)|VARIABLE_SCOPE_BEGIN|[6]|act|Account|true|false
18:12:08.4 (9810845)|VARIABLE_ASSIGNMENT|[6]|act|{"Name":"TestAccount","Active__c":true}|0x476fb65b
18:12:08.4 (9816573)|STATEMENT_EXECUTE|[7]
18:12:08.4 (9856348)|HEAP_ALLOCATE|[7]|Bytes:8
18:12:08.4 (9891352)|DML_BEGIN|[7]|Op:Insert|Type:Account|Rows:1
18:12:08.4 (9931928)|HEAP_ALLOCATE|[EXTERNAL]|Bytes:8
18:12:08.4 (22661979)|CODE_UNIT_STARTED|[EXTERNAL]|DuplicateDetector
18:12:08.4 (22703194)|DUPLICATE_DETECTION_BEGIN
18:12:08.4 (23247583)|DUPLICATE_DETECTION_RULE_INVOCATION|DuplicateRuleId:0Bm7Q00000HCznx|DuplicateRuleName:Standard Account Duplicate Rule|DmlType:INSERT
18:12:08.4 (70199084)|DUPLICATE_DETECTION_MATCH_INVOCATION_DETAILS|EntityType:Account|ActionTaken:Allow_[Alert,Report]|DuplicateRecordIds:
18:12:08.4 (70255442)|DUPLICATE_DETECTION_MATCH_INVOCATION_SUMMARY|EntityType:Account|NumRecordsToBeSaved:1|NumRecordsToBeSavedWithDuplicates:0|NumDuplicateRecordsFound:0
18:12:08.4 (70460223)|DUPLICATE_DETECTION_END
18:12:08.4 (70474988)|CODE_UNIT_FINISHED|DuplicateDetector
18:12:08.4 (102561128)|DML_END|[7]
18:12:08.4 (102596778)|SYSTEM_MODE_EXIT|false
18:12:08.102 (102693555)|CUMULATIVE_LIMIT_USAGE
18:12:08.102 (102693555)|LIMIT_USAGE_FOR_NS|(default)|
  Number of SOQL queries: 0 out of 100
  Number of query rows: 0 out of 50000
  Number of SOSL queries: 0 out of 20
  Number of DML statements: 1 out of 150
  Number of Publish Immediate DML: 0 out of 150
  Number of DML rows: 1 out of 10000
  Maximum CPU time: 0 out of 10000
  Maximum heap size: 0 out of 6000000
  Number of callouts: 0 out of 100
  Number of Email Invocations: 0 out of 10
  Number of future calls: 0 out of 50
  Number of queueable jobs added to the queue: 0 out of 50
  Number of Mobile Apex push calls: 0 out of 10

18:12:08.102 (102693555)|CUMULATIVE_LIMIT_USAGE_END

18:12:08.4 (102798273)|CODE_UNIT_FINISHED|OrderTriggerHandlerTest.makeData()
18:12:08.4 (102824178)|EXECUTION_FINISHED
18:12:08.116 (116534550)|USER_INFO|[EXTERNAL]|0057Q000006GxKb|p11@projetoc.com|(GMT+02:00) Central European Summer Time (Europe/Paris)|GMT+02:00
18:12:08.116 (116558662)|EXECUTION_STARTED
18:12:08.116 (116568880)|CODE_UNIT_STARTED|[EXTERNAL]|01p7Q00000NmNbd|OrderTriggerHandlerTest.accountOrdersCheckTest()
18:12:08.116 (116767831)|HEAP_ALLOCATE|[79]|Bytes:3
18:12:08.116 (116807111)|HEAP_ALLOCATE|[84]|Bytes:152
18:12:08.116 (116823445)|HEAP_ALLOCATE|[399]|Bytes:408
18:12:08.116 (116841057)|HEAP_ALLOCATE|[412]|Bytes:408
18:12:08.116 (116857195)|HEAP_ALLOCATE|[520]|Bytes:48
18:12:08.116 (116883106)|HEAP_ALLOCATE|[139]|Bytes:6
18:12:08.116 (116898912)|HEAP_ALLOCATE|[EXTERNAL]|Bytes:47
18:12:08.116 (116911343)|METHOD_ENTRY|[2]|01p7Q00000NmNbd|OrderTriggerHandlerTest.OrderTriggerHandlerTest()
18:12:08.116 (116917930)|STATEMENT_EXECUTE|[2]
18:12:08.116 (116924432)|STATEMENT_EXECUTE|[2]
18:12:08.116 (117415268)|SYSTEM_MODE_ENTER|false
18:12:08.116 (117456357)|HEAP_ALLOCATE|[52]|Bytes:5
18:12:08.116 (117485706)|HEAP_ALLOCATE|[58]|Bytes:5
18:12:08.116 (117495465)|HEAP_ALLOCATE|[66]|Bytes:7
18:12:08.116 (117511929)|HEAP_ALLOCATE|[EXTERNAL]|Bytes:5
18:12:08.116 (117519841)|SYSTEM_MODE_EXIT|false
18:12:08.116 (117529987)|METHOD_EXIT|[2]|OrderTriggerHandlerTest
18:12:08.116 (117571143)|SYSTEM_MODE_ENTER|false
18:12:08.116 (117576772)|HEAP_ALLOCATE|[29]|Bytes:5
18:12:08.116 (117582081)|STATEMENT_EXECUTE|[27]
18:12:08.116 (117584374)|STATEMENT_EXECUTE|[29]
18:12:08.116 (117587863)|HEAP_ALLOCATE|[29]|Bytes:41
18:12:08.116 (117604744)|HEAP_ALLOCATE|[29]|Bytes:4
18:12:08.116 (117905679)|SOQL_EXECUTE_BEGIN|[29]|Aggregations:0|SELECT Id, Active__c FROM Account LIMIT 1
18:12:08.116 (122447835)|SOQL_EXECUTE_END|[29]|Rows:1
18:12:08.116 (122479334)|HEAP_ALLOCATE|[29]|Bytes:8
18:12:08.116 (122514448)|HEAP_ALLOCATE|[29]|Bytes:46
18:12:08.116 (122600602)|HEAP_ALLOCATE|[29]|Bytes:8
18:12:08.116 (122616110)|HEAP_ALLOCATE|[29]|Bytes:33
18:12:08.116 (122714749)|HEAP_ALLOCATE|[29]|Bytes:12
18:12:08.116 (122730366)|VARIABLE_SCOPE_BEGIN|[29]|act|Account|true|false
18:12:08.116 (122809889)|VARIABLE_ASSIGNMENT|[29]|act|{"Id":"0017Q00000XgezVQAR","Active__c":true}|0x294ba068
18:12:08.116 (122819169)|STATEMENT_EXECUTE|[30]
18:12:08.116 (122877170)|HEAP_ALLOCATE|[30]|Bytes:18
18:12:08.116 (122896763)|HEAP_ALLOCATE|[30]|Bytes:13
18:12:08.116 (122910344)|METHOD_ENTRY|[1]|01p7Q00000NmNOr|DataFactory.DataFactory()
18:12:08.116 (122916751)|STATEMENT_EXECUTE|[1]
18:12:08.116 (122920702)|STATEMENT_EXECUTE|[1]
18:12:08.116 (122931514)|HEAP_ALLOCATE|[30]|Bytes:5
18:12:08.116 (122941646)|METHOD_EXIT|[1]|DataFactory
18:12:08.116 (122973052)|METHOD_ENTRY|[30]|01p7Q00000NmNOr|DataFactory.createOrders(String, Integer)
18:12:08.116 (123096710)|VARIABLE_SCOPE_BEGIN|[25]|accountId|String|false|false
18:12:08.116 (123124503)|VARIABLE_ASSIGNMENT|[25]|accountId|"0017Q00000XgezVQAR"
18:12:08.116 (123131305)|VARIABLE_SCOPE_BEGIN|[25]|ordsNumber|Integer|false|false
18:12:08.116 (123141106)|VARIABLE_ASSIGNMENT|[25]|ordsNumber|1
18:12:08.116 (123163558)|HEAP_ALLOCATE|[26]|Bytes:5
18:12:08.116 (123168508)|STATEMENT_EXECUTE|[25]
18:12:08.116 (123170545)|STATEMENT_EXECUTE|[26]
18:12:08.116 (123180271)|HEAP_ALLOCATE|[26]|Bytes:4
18:12:08.116 (123380328)|VARIABLE_SCOPE_BEGIN|[26]|ordsList|List<Order>|true|false
18:12:08.116 (123392768)|HEAP_ALLOCATE|[EXTERNAL]|Bytes:4
18:12:08.116 (123419262)|VARIABLE_ASSIGNMENT|[26]|ordsList|[]|0x19a2e97f
18:12:08.116 (123428417)|STATEMENT_EXECUTE|[27]
18:12:08.116 (123432046)|VARIABLE_SCOPE_BEGIN|[27]|i|Integer|false|false
18:12:08.116 (123439358)|HEAP_ALLOCATE|[27]|Bytes:4
18:12:08.116 (123445796)|VARIABLE_ASSIGNMENT|[27]|i|0
18:12:08.116 (123454787)|STATEMENT_EXECUTE|[27]
18:12:08.116 (123456546)|STATEMENT_EXECUTE|[28]
18:12:08.116 (123489714)|HEAP_ALLOCATE|[28]|Bytes:4
18:12:08.116 (123582526)|HEAP_ALLOCATE|[28]|Bytes:4
18:12:08.116 (124200062)|VARIABLE_ASSIGNMENT|[28]|this.AccountId|"0017Q00000XgezVQAR"|0x44126232
18:12:08.116 (124276918)|HEAP_ALLOCATE|[28]|Bytes:82
18:12:08.116 (124293193)|SYSTEM_METHOD_ENTRY|[1]|Test.Test()
18:12:08.116 (124297486)|STATEMENT_EXECUTE|[1]
18:12:08.116 (124306057)|SYSTEM_METHOD_EXIT|[1]|Test
18:12:08.116 (124322048)|METHOD_ENTRY|[28]||System.Test.getStandardPricebookId()
18:12:08.116 (125782873)|METHOD_EXIT|[28]||System.Test.getStandardPricebookId()
18:12:08.116 (125885947)|VARIABLE_ASSIGNMENT|[28]|this.Pricebook2Id|"01s7Q00000GDj3WQAT"|0x44126232
18:12:08.116 (125899288)|HEAP_ALLOCATE|[28]|Bytes:5
18:12:08.116 (125922376)|VARIABLE_ASSIGNMENT|[28]|this.Status|"Draft"|0x44126232
18:12:08.116 (125963731)|HEAP_ALLOCATE|[28]|Bytes:4
18:12:08.116 (125992608)|HEAP_ALLOCATE|[28]|Bytes:4
18:12:08.116 (126070125)|VARIABLE_ASSIGNMENT|[28]|this.EffectiveDate|"2022-10-14T00:00:00.000Z"|0x44126232
18:12:08.116 (126131842)|VARIABLE_SCOPE_BEGIN|[28]|ord|Order|true|false
18:12:08.116 (126171037)|VARIABLE_ASSIGNMENT|[28]|ord|{"AccountId":"0017Q00000XgezVQAR","Pricebook2Id":"01s7Q00000GDj3WQAT","Status":"Draft","EffectiveDate":"2022-10-14T00:00:00.000Z"}|0x44126232
18:12:08.116 (126178496)|STATEMENT_EXECUTE|[29]
18:12:08.116 (126242788)|HEAP_ALLOCATE|[EXTERNAL]|Bytes:4
18:12:08.116 (126255164)|HEAP_ALLOCATE|[27]|Bytes:4
18:12:08.116 (126264731)|VARIABLE_ASSIGNMENT|[27]|i|1
18:12:08.116 (126277239)|STATEMENT_EXECUTE|[31]
18:12:08.116 (126291908)|METHOD_EXIT|[30]|01p7Q00000NmNOr|DataFactory.createOrders(String, Integer)
18:12:08.116 (126301510)|VARIABLE_SCOPE_BEGIN|[30]|order|List<Order>|true|false
18:12:08.116 (126992681)|VARIABLE_ASSIGNMENT|[30]|order|[{"AccountId":"0017Q00000XgezVQAR","Pricebook2Id":"01s7Q00000GDj3WQAT","Status":"Draft","EffectiveDate":"2022-10-14T00:00:00.000Z"}]|0x19a2e97f
18:12:08.116 (127000816)|STATEMENT_EXECUTE|[31]
18:12:08.116 (127088007)|DML_BEGIN|[31]|Op:Insert|Type:Order|Rows:1
18:12:08.116 (127143296)|HEAP_ALLOCATE|[EXTERNAL]|Bytes:8
18:12:08.116 (159070718)|CODE_UNIT_STARTED|[EXTERNAL]|01q7Q000000cs5i|OrderTrigger on Order trigger event AfterInsert|__sfdc_trigger/OrderTrigger
18:12:08.116 (159176956)|HEAP_ALLOCATE|[EXTERNAL]|Bytes:8
18:12:08.116 (159416257)|HEAP_ALLOCATE|[EXTERNAL]|Bytes:4
18:12:08.116 (159435342)|VARIABLE_SCOPE_BEGIN|[1]|this|OrderTrigger|true|false
18:12:08.116 (159521324)|VARIABLE_ASSIGNMENT|[1]|this|{}|0x6751f71a
18:12:08.116 (159626524)|HEAP_ALLOCATE|[EXTERNAL]|Bytes:4
18:12:08.116 (159638467)|VARIABLE_SCOPE_BEGIN|[1]|this|OrderTrigger|true|false
18:12:08.116 (159659273)|VARIABLE_ASSIGNMENT|[1]|this|{}|0x6751f71a
18:12:08.116 (159671352)|STATEMENT_EXECUTE|[1]
18:12:08.116 (159701819)|STATEMENT_EXECUTE|[5]
18:12:08.116 (159704219)|STATEMENT_EXECUTE|[6]
18:12:08.116 (161234919)|HEAP_ALLOCATE|[6]|Bytes:5
18:12:08.116 (161299313)|METHOD_ENTRY|[1]|01p7Q00000Nlklx|OrderTriggerHandler.OrderTriggerHandler()
18:12:08.116 (161308122)|STATEMENT_EXECUTE|[1]
18:12:08.116 (161313889)|STATEMENT_EXECUTE|[1]
18:12:08.116 (161907916)|SYSTEM_MODE_ENTER|false
18:12:08.116 (161930248)|HEAP_ALLOCATE|[6]|Bytes:5
18:12:08.116 (161944431)|SYSTEM_MODE_EXIT|false
18:12:08.116 (161963552)|METHOD_EXIT|[1]|OrderTriggerHandler
18:12:08.116 (162003142)|METHOD_ENTRY|[6]|01p7Q00000Nlklx|OrderTriggerHandler.setAccountToActive(List<Order>)
18:12:08.116 (162048387)|VARIABLE_SCOPE_BEGIN|[18]|Orders|List<Order>|true|false
18:12:08.116 (164086340)|VARIABLE_ASSIGNMENT|[18]|Orders|[{"Status":"Draft","LastModifiedDate":"2022-09-14T16:12:09.000Z","IsDeleted":false,"AccountId":"0017Q00000XgezVQAR","OrderNumber":"00100102","TotalAmount":0.00,"StatusCode":"Draft","IsReductionOrder":false,"SystemModstamp":"2022-09-14T16:12:09.000Z","OwnerId":"0057Q000006GxKbQAK","CreatedById":"0057Q000006GxKbQAK","CreatedDate":"2022-09-14T16:12:09.000Z","Pricebook2Id":"01s7Q00000GDj3WQAT","Id":"8017Q000000yOcUQAU","LastModifiedById":"0057Q000006GxKbQAK","EffectiveDate":"2022-10-14T00:00:00.000Z"}]|0x72840d3d
18:12:08.116 (164136708)|SYSTEM_MODE_ENTER|false
18:12:08.116 (164149788)|HEAP_ALLOCATE|[22]|Bytes:5
18:12:08.116 (164158249)|STATEMENT_EXECUTE|[18]
18:12:08.116 (164160471)|STATEMENT_EXECUTE|[22]
18:12:08.116 (164178826)|HEAP_ALLOCATE|[22]|Bytes:4
18:12:08.116 (164277454)|VARIABLE_SCOPE_BEGIN|[22]|setAccountIds|Set<Id>|true|false
18:12:08.116 (164310463)|VARIABLE_ASSIGNMENT|[22]|setAccountIds|[]|0x414417be
18:12:08.116 (164486353)|HEAP_ALLOCATE|[25]|Bytes:5
18:12:08.116 (164531833)|VARIABLE_SCOPE_BEGIN|[25]|newOrder|Order|true|false
18:12:08.116 (165077584)|VARIABLE_ASSIGNMENT|[25]|newOrder|{"Status":"Draft","LastModifiedDate":"2022-09-14T16:12:09.000Z","IsDeleted":false,"AccountId":"0017Q00000XgezVQAR","OrderNumber":"00100102","TotalAmount":0.00,"StatusCode":"Draft","IsReductionOrder":false,"SystemModstamp":"2022-09-14T16:12:09.000Z","OwnerId":"0057Q000006GxKbQAK","CreatedById":"0057Q000006GxKbQAK","CreatedDate":"2022-09-14T16:12:09.000Z","Pricebook2Id":"01s7Q00000GDj3WQAT","Id":"8017Q000000yOcUQAU","LastModifiedById":"0057Q000006GxKbQAK","EffectiveDate":"2022-10-14T00:00:00.000Z"}|0x43957b15
18:12:08.116 (165095186)|STATEMENT_EXECUTE|[25]
18:12:08.116 (165097260)|STATEMENT_EXECUTE|[26]
18:12:08.116 (165177904)|HEAP_ALLOCATE|[EXTERNAL]|Bytes:4
18:12:08.116 (165202736)|HEAP_ALLOCATE|[25]|Bytes:5
18:12:08.116 (165218810)|VARIABLE_ASSIGNMENT|[25]|newOrder|null|
18:12:08.116 (165224603)|STATEMENT_EXECUTE|[30]
18:12:08.116 (165228975)|HEAP_ALLOCATE|[30]|Bytes:67
18:12:08.116 (165243615)|HEAP_ALLOCATE|[30]|Bytes:4
18:12:08.116 (165251603)|HEAP_ALLOCATE|[30]|Bytes:7
18:12:08.116 (165286292)|HEAP_ALLOCATE|[30]|Bytes:8
18:12:08.116 (165294609)|HEAP_ALLOCATE|[30]|Bytes:8
18:12:08.116 (165668211)|SOQL_EXECUTE_BEGIN|[30]|Aggregations:1|SELECT Id, (SELECT Id FROM Orders) FROM Account WHERE Id = :tmpVar1
18:12:08.116 (173066863)|SOQL_EXECUTE_END|[30]|Rows:1
18:12:08.116 (173107797)|HEAP_ALLOCATE|[30]|Bytes:8
18:12:08.116 (173163478)|HEAP_ALLOCATE|[30]|Bytes:99
18:12:08.116 (173205615)|HEAP_ALLOCATE|[30]|Bytes:8
18:12:08.116 (173226870)|VARIABLE_SCOPE_BEGIN|[30]|listOfAccounts|List<Account>|true|false
18:12:08.116 (173280663)|VARIABLE_ASSIGNMENT|[30]|listOfAccounts|[{"Id":"0017Q00000XgezVQAR","Orders":[{"AccountId":"0017Q00000XgezVQAR","Id":"8017Q000000yOcUQAU"}]}]|0x56cae206
18:12:08.116 (173292116)|STATEMENT_EXECUTE|[31]
18:12:08.116 (173302369)|HEAP_ALLOCATE|[31]|Bytes:4
18:12:08.116 (173346181)|VARIABLE_SCOPE_BEGIN|[31]|listOfAccountsUpdate|List<Account>|true|false
18:12:08.116 (173361194)|HEAP_ALLOCATE|[EXTERNAL]|Bytes:4
18:12:08.116 (173370249)|VARIABLE_ASSIGNMENT|[31]|listOfAccountsUpdate|[]|0x71e6df54
18:12:08.116 (173508536)|HEAP_ALLOCATE|[34]|Bytes:5
18:12:08.116 (173528198)|HEAP_ALLOCATE|[34]|Bytes:12
18:12:08.116 (173538326)|VARIABLE_SCOPE_BEGIN|[34]|act|Account|true|false
18:12:08.116 (173559975)|VARIABLE_ASSIGNMENT|[34]|act|{"Id":"0017Q00000XgezVQAR","Orders":[{"AccountId":"0017Q00000XgezVQAR","Id":"8017Q000000yOcUQAU"}]}|0x5eb724a9
18:12:08.116 (173566684)|STATEMENT_EXECUTE|[34]
18:12:08.116 (173571887)|HEAP_ALLOCATE|[35]|Bytes:6
18:12:08.116 (173580771)|HEAP_ALLOCATE|[35]|Bytes:5
18:12:08.116 (173635458)|HEAP_ALLOCATE|[EXTERNAL]|Bytes:8
18:12:08.116 (173656627)|HEAP_ALLOCATE|[35]|Bytes:8
18:12:08.116 (173689563)|STATEMENT_EXECUTE|[35]
18:12:08.116 (173691482)|STATEMENT_EXECUTE|[36]
18:12:08.116 (173773474)|HEAP_ALLOCATE|[36]|Bytes:-4
18:12:08.116 (173810253)|VARIABLE_ASSIGNMENT|[36]|this.Active__c|true|0x5eb724a9
18:12:08.116 (173816973)|STATEMENT_EXECUTE|[37]
18:12:08.116 (173856074)|HEAP_ALLOCATE|[EXTERNAL]|Bytes:4
18:12:08.116 (173876582)|HEAP_ALLOCATE|[34]|Bytes:5
18:12:08.116 (173890000)|VARIABLE_ASSIGNMENT|[34]|act|null|
18:12:08.116 (173909090)|STATEMENT_EXECUTE|[40]
18:12:08.116 (173910766)|STATEMENT_EXECUTE|[41]
18:12:08.116 (173968980)|DML_BEGIN|[41]|Op:Update|Type:Account|Rows:1
18:12:08.116 (174005309)|HEAP_ALLOCATE|[EXTERNAL]|Bytes:8
18:12:08.116 (180416511)|CODE_UNIT_STARTED|[EXTERNAL]|DuplicateDetector
18:12:08.116 (180441095)|DUPLICATE_DETECTION_BEGIN
18:12:08.116 (180489387)|DUPLICATE_DETECTION_RULE_INVOCATION|DuplicateRuleId:0Bm7Q00000HCznx|DuplicateRuleName:Standard Account Duplicate Rule|DmlType:UPDATE
18:12:08.116 (180550267)|DUPLICATE_DETECTION_END
18:12:08.116 (180558232)|CODE_UNIT_FINISHED|DuplicateDetector
18:12:08.116 (194047699)|DML_END|[41]
18:12:08.116 (194130166)|HEAP_ALLOCATE|[EXTERNAL]|Bytes:8
18:12:08.116 (194177309)|SYSTEM_MODE_EXIT|false
18:12:08.116 (194198628)|METHOD_EXIT|[6]|01p7Q00000Nlklx|OrderTriggerHandler.setAccountToActive(List<Order>)
18:12:08.116 (194228511)|STATEMENT_EXECUTE|[8]
18:12:08.194 (194246701)|CUMULATIVE_LIMIT_USAGE
18:12:08.194 (194246701)|LIMIT_USAGE_FOR_NS|(default)|
  Number of SOQL queries: 2 out of 100
  Number of query rows: 3 out of 50000
  Number of SOSL queries: 0 out of 20
  Number of DML statements: 3 out of 150
  Number of Publish Immediate DML: 0 out of 150
  Number of DML rows: 3 out of 10000
  Maximum CPU time: 0 out of 10000
  Maximum heap size: 0 out of 6000000
  Number of callouts: 0 out of 100
  Number of Email Invocations: 0 out of 10
  Number of future calls: 0 out of 50
  Number of queueable jobs added to the queue: 0 out of 50
  Number of Mobile Apex push calls: 0 out of 10

18:12:08.194 (194246701)|CUMULATIVE_LIMIT_USAGE_END

18:12:08.116 (195861909)|CODE_UNIT_FINISHED|OrderTrigger on Order trigger event AfterInsert|__sfdc_trigger/OrderTrigger
18:12:08.116 (197965225)|DML_END|[31]
18:12:08.116 (198005276)|HEAP_ALLOCATE|[EXTERNAL]|Bytes:8
18:12:08.116 (198026529)|STATEMENT_EXECUTE|[33]
18:12:08.116 (198037608)|HEAP_ALLOCATE|[33]|Bytes:47
18:12:08.116 (198067459)|HEAP_ALLOCATE|[33]|Bytes:4
18:12:08.116 (198464707)|SOQL_EXECUTE_BEGIN|[33]|Aggregations:0|SELECT Id FROM Order WHERE AccountId = :tmpVar1
18:12:08.116 (202817447)|SOQL_EXECUTE_END|[33]|Rows:1
18:12:08.116 (202849691)|HEAP_ALLOCATE|[33]|Bytes:8
18:12:08.116 (202882323)|HEAP_ALLOCATE|[33]|Bytes:29
18:12:08.116 (202926716)|HEAP_ALLOCATE|[33]|Bytes:8
18:12:08.116 (202946569)|HEAP_ALLOCATE|[33]|Bytes:31
18:12:08.116 (202971119)|HEAP_ALLOCATE|[33]|Bytes:8
18:12:08.116 (202982625)|VARIABLE_SCOPE_BEGIN|[33]|ord|Order|true|false
18:12:08.116 (203020344)|VARIABLE_ASSIGNMENT|[33]|ord|{"Id":"8017Q000000yOcUQAU"}|0x1e881175
18:12:08.116 (203028705)|STATEMENT_EXECUTE|[35]
18:12:08.116 (203053204)|METHOD_ENTRY|[35]||System.Test.startTest()
18:12:08.116 (204771907)|METHOD_EXIT|[35]||System.Test.startTest()
18:12:08.116 (204785250)|STATEMENT_EXECUTE|[36]
18:12:08.116 (204846564)|HEAP_ALLOCATE|[36]|Bytes:8
18:12:08.116 (204857999)|HEAP_ALLOCATE|[36]|Bytes:8
18:12:08.116 (204876359)|DML_BEGIN|[36]|Op:Delete|Type:Order|Rows:1
18:12:08.116 (204909973)|HEAP_ALLOCATE|[EXTERNAL]|Bytes:8
18:12:08.116 (385462774)|CODE_UNIT_STARTED|[EXTERNAL]|01q7Q000000cs5i|OrderTrigger on Order trigger event AfterDelete|__sfdc_trigger/OrderTrigger
18:12:08.116 (385538472)|HEAP_ALLOCATE|[EXTERNAL]|Bytes:8
18:12:08.116 (385714405)|HEAP_ALLOCATE|[EXTERNAL]|Bytes:4
18:12:08.116 (385729121)|VARIABLE_SCOPE_BEGIN|[1]|this|OrderTrigger|true|false
18:12:08.116 (385768969)|VARIABLE_ASSIGNMENT|[1]|this|{}|0xbbedf16
18:12:08.116 (385807161)|HEAP_ALLOCATE|[EXTERNAL]|Bytes:4
18:12:08.116 (385814212)|VARIABLE_SCOPE_BEGIN|[1]|this|OrderTrigger|true|false
18:12:08.116 (385826539)|VARIABLE_ASSIGNMENT|[1]|this|{}|0xbbedf16
18:12:08.116 (385835357)|STATEMENT_EXECUTE|[1]
18:12:08.116 (385850933)|STATEMENT_EXECUTE|[5]
18:12:08.116 (385856886)|STATEMENT_EXECUTE|[8]
18:12:08.116 (385858518)|STATEMENT_EXECUTE|[9]
18:12:08.116 (385898138)|METHOD_ENTRY|[9]|01p7Q00000Nlklx|OrderTriggerHandler.accountOrdersCheck(List<Order>)
18:12:08.116 (385938633)|VARIABLE_SCOPE_BEGIN|[45]|Orders|List<Order>|true|false
18:12:08.116 (385948070)|VARIABLE_ASSIGNMENT|[45]|Orders|null|
18:12:08.116 (386458051)|SYSTEM_MODE_ENTER|false
18:12:08.116 (386480879)|HEAP_ALLOCATE|[49]|Bytes:5
18:12:08.116 (386489158)|STATEMENT_EXECUTE|[45]
18:12:08.116 (386491140)|STATEMENT_EXECUTE|[49]
18:12:08.116 (386510782)|HEAP_ALLOCATE|[49]|Bytes:4
18:12:08.116 (386565637)|VARIABLE_SCOPE_BEGIN|[49]|setAccountIds|Set<Id>|true|false
18:12:08.116 (386602047)|VARIABLE_ASSIGNMENT|[49]|setAccountIds|[]|0x7f20aaa5
18:12:08.116 (386694438)|HEAP_ALLOCATE|[52]|Bytes:41
18:12:08.116 (386718034)|SYSTEM_MODE_EXIT|false
18:12:08.116 (386735041)|METHOD_EXIT|[9]|01p7Q00000Nlklx|OrderTriggerHandler.accountOrdersCheck(List<Order>)
18:12:08.116 (387066540)|FATAL_ERROR|System.NullPointerException: Attempt to de-reference a null object

Class.OrderTriggerHandler.accountOrdersCheck: line 52, column 1
Trigger.OrderTrigger: line 9, column 1
18:12:08.116 (387091406)|FATAL_ERROR|System.NullPointerException: Attempt to de-reference a null object

Class.OrderTriggerHandler.accountOrdersCheck: line 52, column 1
Trigger.OrderTrigger: line 9, column 1
18:12:08.387 (387186629)|CUMULATIVE_LIMIT_USAGE
18:12:08.387 (387186629)|LIMIT_USAGE_FOR_NS|(default)|
  Number of SOQL queries: 3 out of 100
  Number of query rows: 4 out of 50000
  Number of SOSL queries: 0 out of 20
  Number of DML statements: 3 out of 150
  Number of Publish Immediate DML: 0 out of 150
  Number of DML rows: 3 out of 10000
  Maximum CPU time: 0 out of 10000
  Maximum heap size: 0 out of 6000000
  Number of callouts: 0 out of 100
  Number of Email Invocations: 0 out of 10
  Number of future calls: 0 out of 50
  Number of queueable jobs added to the queue: 0 out of 50
  Number of Mobile Apex push calls: 0 out of 10

18:12:08.387 (387186629)|TESTING_LIMITS
18:12:08.387 (387186629)|LIMIT_USAGE_FOR_NS|(default)|
  Number of SOQL queries: 0 out of 100
  Number of query rows: 0 out of 50000
  Number of SOSL queries: 0 out of 20
  Number of DML statements: 1 out of 150
  Number of Publish Immediate DML: 0 out of 150
  Number of DML rows: 1 out of 10000
  Maximum CPU time: 0 out of 10000
  Maximum heap size: 0 out of 6000000
  Number of callouts: 0 out of 100
  Number of Email Invocations: 0 out of 10
  Number of future calls: 0 out of 50
  Number of queueable jobs added to the queue: 0 out of 50
  Number of Mobile Apex push calls: 0 out of 10

18:12:08.387 (387186629)|CUMULATIVE_LIMIT_USAGE_END

18:12:08.116 (388617899)|CODE_UNIT_FINISHED|OrderTrigger on Order trigger event AfterDelete|__sfdc_trigger/OrderTrigger
18:12:08.116 (392084277)|DML_END|[36]
18:12:08.116 (392439416)|EXCEPTION_THROWN|[36]|System.DmlException: Delete failed. First exception on row 0 with id 8017Q000000yOcUQAU; first error: CANNOT_INSERT_UPDATE_ACTIVATE_ENTITY, OrderTrigger: execution of AfterDelete

caused by: System.NullPointerException: Attempt to de-reference a null object

Class.OrderTriggerHandler.accountOrdersCheck: line 52, column 1
Trigger.OrderTrigger: line 9, column 1: []
18:12:08.116 (393253083)|HEAP_ALLOCATE|[36]|Bytes:348
18:12:08.116 (393289618)|SYSTEM_MODE_EXIT|false
18:12:08.116 (393424384)|FATAL_ERROR|System.DmlException: Delete failed. First exception on row 0 with id 8017Q000000yOcUQAU; first error: CANNOT_INSERT_UPDATE_ACTIVATE_ENTITY, OrderTrigger: execution of AfterDelete

caused by: System.NullPointerException: Attempt to de-reference a null object

Class.OrderTriggerHandler.accountOrdersCheck: line 52, column 1
Trigger.OrderTrigger: line 9, column 1: []

Class.OrderTriggerHandlerTest.accountOrdersCheckTest: line 36, column 1
18:12:08.116 (393442556)|FATAL_ERROR|System.DmlException: Delete failed. First exception on row 0 with id 8017Q000000yOcUQAU; first error: CANNOT_INSERT_UPDATE_ACTIVATE_ENTITY, OrderTrigger: execution of AfterDelete

caused by: System.NullPointerException: Attempt to de-reference a null object

Class.OrderTriggerHandler.accountOrdersCheck: line 52, column 1
Trigger.OrderTrigger: line 9, column 1: []

Class.OrderTriggerHandlerTest.accountOrdersCheckTest: line 36, column 1
18:12:08.393 (393455503)|CUMULATIVE_LIMIT_USAGE
18:12:08.393 (393455503)|LIMIT_USAGE_FOR_NS|(default)|
  Number of SOQL queries: 3 out of 100
  Number of query rows: 4 out of 50000
  Number of SOSL queries: 0 out of 20
  Number of DML statements: 3 out of 150
  Number of Publish Immediate DML: 0 out of 150
  Number of DML rows: 3 out of 10000
  Maximum CPU time: 0 out of 10000
  Maximum heap size: 0 out of 6000000
  Number of callouts: 0 out of 100
  Number of Email Invocations: 0 out of 10
  Number of future calls: 0 out of 50
  Number of queueable jobs added to the queue: 0 out of 50
  Number of Mobile Apex push calls: 0 out of 10

18:12:08.393 (393455503)|TESTING_LIMITS
18:12:08.393 (393455503)|LIMIT_USAGE_FOR_NS|(default)|
  Number of SOQL queries: 0 out of 100
  Number of query rows: 0 out of 50000
  Number of SOSL queries: 0 out of 20
  Number of DML statements: 1 out of 150
  Number of Publish Immediate DML: 0 out of 150
  Number of DML rows: 1 out of 10000
  Maximum CPU time: 0 out of 10000
  Maximum heap size: 0 out of 6000000
  Number of callouts: 0 out of 100
  Number of Email Invocations: 0 out of 10
  Number of future calls: 0 out of 50
  Number of queueable jobs added to the queue: 0 out of 50
  Number of Mobile Apex push calls: 0 out of 10

18:12:08.393 (393455503)|CUMULATIVE_LIMIT_USAGE_END

18:12:08.116 (393509322)|CODE_UNIT_FINISHED|OrderTriggerHandlerTest.accountOrdersCheckTest()
18:12:08.116 (393517101)|EXECUTION_FINISHED
18:12:08.476 (476847887)|USER_INFO|[EXTERNAL]|0057Q000006GxKb|p11@projetoc.com|(GMT+02:00) Central European Summer Time (Europe/Paris)|GMT+02:00
18:12:08.476 (476874549)|EXECUTION_STARTED
18:12:08.476 (476879087)|CODE_UNIT_STARTED|[EXTERNAL]|DuplicateDetector
18:12:08.476 (476894291)|DUPLICATE_DETECTION_BEGIN
18:12:08.476 (476948891)|DUPLICATE_DETECTION_RULE_INVOCATION|DuplicateRuleId:0Bm7Q00000HCznx|DuplicateRuleName:Standard Account Duplicate Rule|DmlType:UPDATE
18:12:08.476 (488845251)|DUPLICATE_DETECTION_END
18:12:08.476 (488866205)|CODE_UNIT_FINISHED|DuplicateDetector
18:12:08.476 (488881137)|EXECUTION_FINISHED
18:12:08.489 (489813069)|USER_INFO|[EXTERNAL]|0057Q000006GxKb|p11@projetoc.com|(GMT+02:00) Central European Summer Time (Europe/Paris)|GMT+02:00
18:12:08.489 (489835530)|EXECUTION_STARTED
18:12:08.489 (489839086)|CODE_UNIT_STARTED|[EXTERNAL]|DuplicateDetector
18:12:08.489 (489851002)|DUPLICATE_DETECTION_BEGIN
18:12:08.489 (489903599)|DUPLICATE_DETECTION_RULE_INVOCATION|DuplicateRuleId:0Bm7Q00000HCznx|DuplicateRuleName:Standard Account Duplicate Rule|DmlType:INSERT
18:12:08.489 (499038481)|DUPLICATE_DETECTION_END
18:12:08.489 (499062989)|CODE_UNIT_FINISHED|DuplicateDetector
18:12:08.489 (499077982)|EXECUTION_FINISHED
