55.0 APEX_CODE,FINEST;APEX_PROFILING,INFO;CALLOUT,INFO;DB,INFO;NBA,INFO;SYSTEM,DEBUG;VALIDATION,INFO;VISUALFORCE,FINER;WAVE,INFO;WORKFLOW,INFO
17:19:04.2 (2245607)|USER_INFO|[EXTERNAL]|0057Q000006GxKb|p11@projetoc.com|(GMT+02:00) Central European Summer Time (Europe/Paris)|GMT+02:00
17:19:04.2 (2360346)|EXECUTION_STARTED
17:19:04.2 (2383634)|CODE_UNIT_STARTED|[EXTERNAL]|01p7Q00000NmPBp|SetAccountToActiveTest.makeData()
17:19:04.2 (3289642)|HEAP_ALLOCATE|[79]|Bytes:3
17:19:04.2 (3367212)|HEAP_ALLOCATE|[84]|Bytes:152
17:19:04.2 (3384557)|HEAP_ALLOCATE|[399]|Bytes:408
17:19:04.2 (3404854)|HEAP_ALLOCATE|[412]|Bytes:408
17:19:04.2 (3422761)|HEAP_ALLOCATE|[520]|Bytes:48
17:19:04.2 (3448946)|HEAP_ALLOCATE|[139]|Bytes:6
17:19:04.2 (3464075)|HEAP_ALLOCATE|[EXTERNAL]|Bytes:20
17:19:04.2 (3485720)|METHOD_ENTRY|[2]|01p7Q00000NmPBp|SetAccountToActiveTest.SetAccountToActiveTest()
17:19:04.2 (3496422)|STATEMENT_EXECUTE|[2]
17:19:04.2 (3508193)|STATEMENT_EXECUTE|[2]
17:19:04.2 (3513721)|METHOD_EXIT|[2]|SetAccountToActiveTest
17:19:04.2 (3548455)|HEAP_ALLOCATE|[52]|Bytes:5
17:19:04.2 (3575067)|HEAP_ALLOCATE|[58]|Bytes:5
17:19:04.2 (3583544)|HEAP_ALLOCATE|[66]|Bytes:7
17:19:04.2 (3636121)|STATEMENT_EXECUTE|[5]
17:19:04.2 (3638037)|STATEMENT_EXECUTE|[6]
17:19:04.2 (3640962)|HEAP_ALLOCATE|[6]|Bytes:11
17:19:04.2 (5214129)|HEAP_ALLOCATE|[6]|Bytes:13
17:19:04.2 (5252118)|METHOD_ENTRY|[1]|01p7Q00000NmNOr|DataFactory.DataFactory()
17:19:04.2 (5259454)|STATEMENT_EXECUTE|[1]
17:19:04.2 (5264830)|STATEMENT_EXECUTE|[1]
17:19:04.2 (5854457)|SYSTEM_MODE_ENTER|false
17:19:04.2 (5875715)|HEAP_ALLOCATE|[6]|Bytes:5
17:19:04.2 (5887838)|SYSTEM_MODE_EXIT|false
17:19:04.2 (5901515)|METHOD_EXIT|[1]|DataFactory
17:19:04.2 (5947150)|METHOD_ENTRY|[6]|01p7Q00000NmNOr|DataFactory.createAccount(String)
17:19:04.2 (6074999)|VARIABLE_SCOPE_BEGIN|[3]|actName|String|false|false
17:19:04.2 (6163002)|VARIABLE_ASSIGNMENT|[3]|actName|"TestAccount"
17:19:04.2 (6187842)|SYSTEM_MODE_ENTER|false
17:19:04.2 (6196877)|HEAP_ALLOCATE|[5]|Bytes:5
17:19:04.2 (6202838)|STATEMENT_EXECUTE|[3]
17:19:04.2 (6204696)|STATEMENT_EXECUTE|[5]
17:19:04.2 (6234345)|HEAP_ALLOCATE|[5]|Bytes:4
17:19:04.2 (6348621)|VARIABLE_SCOPE_BEGIN|[5]|act|Account|true|false
17:19:04.2 (6376731)|VARIABLE_ASSIGNMENT|[5]|act|{}|0x18f6b68
17:19:04.2 (6382917)|STATEMENT_EXECUTE|[6]
17:19:04.2 (7506927)|VARIABLE_ASSIGNMENT|[6]|this.Name|"TestAccount"|0x18f6b68
17:19:04.2 (7520500)|STATEMENT_EXECUTE|[7]
17:19:04.2 (7583348)|VARIABLE_ASSIGNMENT|[7]|this.Active__c|false|0x18f6b68
17:19:04.2 (7589866)|STATEMENT_EXECUTE|[8]
17:19:04.2 (7594992)|SYSTEM_MODE_EXIT|false
17:19:04.2 (7616250)|METHOD_EXIT|[6]|01p7Q00000NmNOr|DataFactory.createAccount(String)
17:19:04.2 (7627809)|VARIABLE_SCOPE_BEGIN|[6]|act|Account|true|false
17:19:04.2 (7647103)|VARIABLE_ASSIGNMENT|[6]|act|{"Name":"TestAccount","Active__c":false}|0x18f6b68
17:19:04.2 (7652973)|STATEMENT_EXECUTE|[7]
17:19:04.2 (7714311)|HEAP_ALLOCATE|[7]|Bytes:8
17:19:04.2 (7749754)|DML_BEGIN|[7]|Op:Insert|Type:Account|Rows:1
17:19:04.2 (7795397)|HEAP_ALLOCATE|[EXTERNAL]|Bytes:8
17:19:04.2 (24062052)|CODE_UNIT_STARTED|[EXTERNAL]|DuplicateDetector
17:19:04.2 (24103759)|DUPLICATE_DETECTION_BEGIN
17:19:04.2 (24651661)|DUPLICATE_DETECTION_RULE_INVOCATION|DuplicateRuleId:0Bm7Q00000HCznx|DuplicateRuleName:Standard Account Duplicate Rule|DmlType:INSERT
17:19:04.2 (47679111)|DUPLICATE_DETECTION_MATCH_INVOCATION_DETAILS|EntityType:Account|ActionTaken:Allow_[Alert,Report]|DuplicateRecordIds:
17:19:04.2 (47702742)|DUPLICATE_DETECTION_MATCH_INVOCATION_SUMMARY|EntityType:Account|NumRecordsToBeSaved:1|NumRecordsToBeSavedWithDuplicates:0|NumDuplicateRecordsFound:0
17:19:04.2 (47843332)|DUPLICATE_DETECTION_END
17:19:04.2 (47862240)|CODE_UNIT_FINISHED|DuplicateDetector
17:19:04.2 (84171996)|DML_END|[7]
17:19:04.84 (84213265)|CUMULATIVE_LIMIT_USAGE
17:19:04.84 (84213265)|LIMIT_USAGE_FOR_NS|(default)|
  Number of SOQL queries: 0 out of 100
  Number of query rows: 0 out of 50000
  Number of SOSL queries: 0 out of 20
  Number of DML statements: 1 out of 150
  Number of Publish Immediate DML: 0 out of 150
  Number of DML rows: 1 out of 10000
  Maximum CPU time: 0 out of 10000
  Maximum heap size: 0 out of 6000000
  Number of callouts: 0 out of 100
  Number of Email Invocations: 0 out of 10
  Number of future calls: 0 out of 50
  Number of queueable jobs added to the queue: 0 out of 50
  Number of Mobile Apex push calls: 0 out of 10

17:19:04.84 (84213265)|CUMULATIVE_LIMIT_USAGE_END

17:19:04.2 (84287056)|CODE_UNIT_FINISHED|SetAccountToActiveTest.makeData()
17:19:04.2 (84303125)|EXECUTION_FINISHED
17:19:04.92 (92604294)|USER_INFO|[EXTERNAL]|0057Q000006GxKb|p11@projetoc.com|(GMT+02:00) Central European Summer Time (Europe/Paris)|GMT+02:00
17:19:04.92 (92626668)|EXECUTION_STARTED
17:19:04.92 (92631296)|CODE_UNIT_STARTED|[EXTERNAL]|01p7Q00000NmPBp|SetAccountToActiveTest.setAccountToActiveTest()
17:19:04.92 (92766639)|HEAP_ALLOCATE|[79]|Bytes:3
17:19:04.92 (92796307)|HEAP_ALLOCATE|[84]|Bytes:152
17:19:04.92 (92812009)|HEAP_ALLOCATE|[399]|Bytes:408
17:19:04.92 (92831072)|HEAP_ALLOCATE|[412]|Bytes:408
17:19:04.92 (92847136)|HEAP_ALLOCATE|[520]|Bytes:48
17:19:04.92 (92868980)|HEAP_ALLOCATE|[139]|Bytes:6
17:19:04.92 (92882023)|HEAP_ALLOCATE|[EXTERNAL]|Bytes:20
17:19:04.92 (92893484)|METHOD_ENTRY|[2]|01p7Q00000NmPBp|SetAccountToActiveTest.SetAccountToActiveTest()
17:19:04.92 (92899704)|STATEMENT_EXECUTE|[2]
17:19:04.92 (92905059)|STATEMENT_EXECUTE|[2]
17:19:04.92 (92908689)|METHOD_EXIT|[2]|SetAccountToActiveTest
17:19:04.92 (92927016)|HEAP_ALLOCATE|[52]|Bytes:5
17:19:04.92 (92945478)|HEAP_ALLOCATE|[58]|Bytes:5
17:19:04.92 (92952865)|HEAP_ALLOCATE|[66]|Bytes:7
17:19:04.92 (92993922)|STATEMENT_EXECUTE|[11]
17:19:04.92 (92995868)|STATEMENT_EXECUTE|[13]
17:19:04.92 (92998521)|HEAP_ALLOCATE|[13]|Bytes:41
17:19:04.92 (93012705)|HEAP_ALLOCATE|[13]|Bytes:4
17:19:04.92 (93292450)|SOQL_EXECUTE_BEGIN|[13]|Aggregations:0|SELECT Id, Active__c FROM Account LIMIT 1
17:19:04.92 (99328655)|SOQL_EXECUTE_END|[13]|Rows:1
17:19:04.92 (99363347)|HEAP_ALLOCATE|[13]|Bytes:8
17:19:04.92 (99399197)|HEAP_ALLOCATE|[13]|Bytes:46
17:19:04.92 (100210979)|HEAP_ALLOCATE|[13]|Bytes:8
17:19:04.92 (100241314)|HEAP_ALLOCATE|[13]|Bytes:33
17:19:04.92 (100318240)|HEAP_ALLOCATE|[13]|Bytes:12
17:19:04.92 (100328683)|VARIABLE_SCOPE_BEGIN|[13]|act|Account|true|false
17:19:04.92 (100393216)|VARIABLE_ASSIGNMENT|[13]|act|{"Id":"0017Q00000XgjgbQAB","Active__c":false}|0x68108573
17:19:04.92 (100402085)|STATEMENT_EXECUTE|[16]
17:19:04.92 (100441918)|HEAP_ALLOCATE|[16]|Bytes:82
17:19:04.92 (100456999)|SYSTEM_METHOD_ENTRY|[1]|Test.Test()
17:19:04.92 (100460857)|STATEMENT_EXECUTE|[1]
17:19:04.92 (100471554)|SYSTEM_METHOD_EXIT|[1]|Test
17:19:04.92 (100495951)|METHOD_ENTRY|[16]||System.Test.startTest()
17:19:04.92 (101954157)|METHOD_EXIT|[16]||System.Test.startTest()
17:19:04.92 (101967367)|STATEMENT_EXECUTE|[17]
17:19:04.92 (102025921)|HEAP_ALLOCATE|[17]|Bytes:18
17:19:04.92 (102045026)|HEAP_ALLOCATE|[17]|Bytes:13
17:19:04.92 (102055888)|METHOD_ENTRY|[1]|01p7Q00000NmNOr|DataFactory.DataFactory()
17:19:04.92 (102061143)|STATEMENT_EXECUTE|[1]
17:19:04.92 (102064529)|STATEMENT_EXECUTE|[1]
17:19:04.92 (102560601)|SYSTEM_MODE_ENTER|false
17:19:04.92 (102578690)|HEAP_ALLOCATE|[17]|Bytes:5
17:19:04.92 (102588119)|SYSTEM_MODE_EXIT|false
17:19:04.92 (102600398)|METHOD_EXIT|[1]|DataFactory
17:19:04.92 (102630930)|METHOD_ENTRY|[17]|01p7Q00000NmNOr|DataFactory.createOrders(String, Integer)
17:19:04.92 (102732580)|VARIABLE_SCOPE_BEGIN|[11]|accountId|String|false|false
17:19:04.92 (102750913)|VARIABLE_ASSIGNMENT|[11]|accountId|"0017Q00000XgjgbQAB"
17:19:04.92 (102756856)|VARIABLE_SCOPE_BEGIN|[11]|ordsNumber|Integer|false|false
17:19:04.92 (102766577)|VARIABLE_ASSIGNMENT|[11]|ordsNumber|1
17:19:04.92 (102785684)|SYSTEM_MODE_ENTER|false
17:19:04.92 (102793049)|HEAP_ALLOCATE|[12]|Bytes:5
17:19:04.92 (102798461)|STATEMENT_EXECUTE|[11]
17:19:04.92 (102800328)|STATEMENT_EXECUTE|[12]
17:19:04.92 (102810916)|HEAP_ALLOCATE|[12]|Bytes:4
17:19:04.92 (102917792)|VARIABLE_SCOPE_BEGIN|[12]|ordsList|List<Order>|true|false
17:19:04.92 (102928456)|HEAP_ALLOCATE|[EXTERNAL]|Bytes:4
17:19:04.92 (102944018)|VARIABLE_ASSIGNMENT|[12]|ordsList|[]|0x413899e8
17:19:04.92 (102950655)|STATEMENT_EXECUTE|[13]
17:19:04.92 (102953942)|VARIABLE_SCOPE_BEGIN|[13]|i|Integer|false|false
17:19:04.92 (102960540)|HEAP_ALLOCATE|[13]|Bytes:4
17:19:04.92 (102967605)|VARIABLE_ASSIGNMENT|[13]|i|0
17:19:04.92 (102974803)|STATEMENT_EXECUTE|[13]
17:19:04.92 (102976407)|STATEMENT_EXECUTE|[14]
17:19:04.92 (103012737)|HEAP_ALLOCATE|[14]|Bytes:4
17:19:04.92 (103098137)|HEAP_ALLOCATE|[14]|Bytes:4
17:19:04.92 (103909611)|VARIABLE_ASSIGNMENT|[14]|this.AccountId|"0017Q00000XgjgbQAB"|0x3020a960
17:19:04.92 (103934889)|METHOD_ENTRY|[14]||System.Test.getStandardPricebookId()
17:19:04.92 (105133379)|METHOD_EXIT|[14]||System.Test.getStandardPricebookId()
17:19:04.92 (105222048)|VARIABLE_ASSIGNMENT|[14]|this.Pricebook2Id|"01s7Q00000GDj3WQAT"|0x3020a960
17:19:04.92 (105231485)|HEAP_ALLOCATE|[14]|Bytes:5
17:19:04.92 (105274830)|VARIABLE_ASSIGNMENT|[14]|this.Status|"Draft"|0x3020a960
17:19:04.92 (105319747)|HEAP_ALLOCATE|[14]|Bytes:4
17:19:04.92 (105346573)|HEAP_ALLOCATE|[14]|Bytes:4
17:19:04.92 (105385422)|VARIABLE_ASSIGNMENT|[14]|this.EffectiveDate|"2022-10-15T00:00:00.000Z"|0x3020a960
17:19:04.92 (105415293)|VARIABLE_SCOPE_BEGIN|[14]|ord|Order|true|false
17:19:04.92 (105441319)|VARIABLE_ASSIGNMENT|[14]|ord|{"AccountId":"0017Q00000XgjgbQAB","Pricebook2Id":"01s7Q00000GDj3WQAT","Status":"Draft","EffectiveDate":"2022-10-15T00:00:00.000Z"}|0x3020a960
17:19:04.92 (105464876)|STATEMENT_EXECUTE|[15]
17:19:04.92 (105512996)|HEAP_ALLOCATE|[EXTERNAL]|Bytes:4
17:19:04.92 (105525958)|HEAP_ALLOCATE|[13]|Bytes:4
17:19:04.92 (105537532)|VARIABLE_ASSIGNMENT|[13]|i|1
17:19:04.92 (105544276)|STATEMENT_EXECUTE|[17]
17:19:04.92 (105549483)|SYSTEM_MODE_EXIT|false
17:19:04.92 (105559608)|METHOD_EXIT|[17]|01p7Q00000NmNOr|DataFactory.createOrders(String, Integer)
17:19:04.92 (105566319)|VARIABLE_SCOPE_BEGIN|[17]|orders|List<Order>|true|false
17:19:04.92 (105593057)|VARIABLE_ASSIGNMENT|[17]|orders|[{"AccountId":"0017Q00000XgjgbQAB","Pricebook2Id":"01s7Q00000GDj3WQAT","Status":"Draft","EffectiveDate":"2022-10-15T00:00:00.000Z"}]|0x413899e8
17:19:04.92 (105598680)|STATEMENT_EXECUTE|[18]
17:19:04.92 (105667056)|DML_BEGIN|[18]|Op:Insert|Type:Order|Rows:1
17:19:04.92 (105699974)|HEAP_ALLOCATE|[EXTERNAL]|Bytes:8
17:19:04.92 (137422446)|CODE_UNIT_STARTED|[EXTERNAL]|01q7Q000000cs5i|OrderTrigger on Order trigger event AfterInsert|__sfdc_trigger/OrderTrigger
17:19:04.92 (137482401)|HEAP_ALLOCATE|[EXTERNAL]|Bytes:8
17:19:04.92 (137660771)|HEAP_ALLOCATE|[EXTERNAL]|Bytes:4
17:19:04.92 (137676112)|VARIABLE_SCOPE_BEGIN|[1]|this|OrderTrigger|true|false
17:19:04.92 (137730602)|VARIABLE_ASSIGNMENT|[1]|this|{}|0x36543cba
17:19:04.92 (137776211)|HEAP_ALLOCATE|[EXTERNAL]|Bytes:4
17:19:04.92 (137784797)|VARIABLE_SCOPE_BEGIN|[1]|this|OrderTrigger|true|false
17:19:04.92 (137798820)|VARIABLE_ASSIGNMENT|[1]|this|{}|0x36543cba
17:19:04.92 (137807873)|STATEMENT_EXECUTE|[1]
17:19:04.92 (137828333)|STATEMENT_EXECUTE|[5]
17:19:04.92 (137830045)|STATEMENT_EXECUTE|[6]
17:19:04.92 (141067643)|HEAP_ALLOCATE|[6]|Bytes:5
17:19:04.92 (141132045)|METHOD_ENTRY|[1]|01p7Q00000Nlklx|OrderTriggerHandler.OrderTriggerHandler()
17:19:04.92 (141139740)|STATEMENT_EXECUTE|[1]
17:19:04.92 (141145711)|STATEMENT_EXECUTE|[1]
17:19:04.92 (141696720)|SYSTEM_MODE_ENTER|false
17:19:04.92 (141728791)|HEAP_ALLOCATE|[6]|Bytes:5
17:19:04.92 (141741534)|SYSTEM_MODE_EXIT|false
17:19:04.92 (141756858)|METHOD_EXIT|[1]|OrderTriggerHandler
17:19:04.92 (141794393)|METHOD_ENTRY|[6]|01p7Q00000Nlklx|OrderTriggerHandler.setAccountToActive(List<Order>)
17:19:04.92 (141844607)|VARIABLE_SCOPE_BEGIN|[17]|Orders|List<Order>|true|false
17:19:04.92 (142732801)|VARIABLE_ASSIGNMENT|[17]|Orders|[{"Status":"Draft","LastModifiedDate":"2022-09-15T15:19:04.000Z","IsDeleted":false,"AccountId":"0017Q00000XgjgbQAB","OrderNumber":"00100102","TotalAmount":0.00,"StatusCode":"Draft","IsReductionOrder":false,"SystemModstamp":"2022-09-15T15:19:04.000Z","OwnerId":"0057Q000006GxKbQAK","CreatedById":"0057Q000006GxKbQAK","CreatedDate":"2022-09-15T15:19:04.000Z","Pricebook2Id":"01s7Q00000GDj3WQAT","Id":"8017Q000000yOtSQAU","LastModifiedById":"0057Q000006GxKbQAK","EffectiveDate":"2022-10-15T00:00:00.000Z"}]|0x1fffff97
17:19:04.92 (142771596)|SYSTEM_MODE_ENTER|false
17:19:04.92 (142782785)|HEAP_ALLOCATE|[21]|Bytes:5
17:19:04.92 (142792995)|STATEMENT_EXECUTE|[17]
17:19:04.92 (142794865)|STATEMENT_EXECUTE|[21]
17:19:04.92 (142814167)|HEAP_ALLOCATE|[21]|Bytes:4
17:19:04.92 (142905595)|VARIABLE_SCOPE_BEGIN|[21]|setAccountIds|Set<Id>|true|false
17:19:04.92 (142940605)|VARIABLE_ASSIGNMENT|[21]|setAccountIds|[]|0x5224d90f
17:19:04.92 (143129477)|HEAP_ALLOCATE|[24]|Bytes:5
17:19:04.92 (143160048)|VARIABLE_SCOPE_BEGIN|[24]|newOrder|Order|true|false
17:19:04.92 (143914996)|VARIABLE_ASSIGNMENT|[24]|newOrder|{"Status":"Draft","LastModifiedDate":"2022-09-15T15:19:04.000Z","IsDeleted":false,"AccountId":"0017Q00000XgjgbQAB","OrderNumber":"00100102","TotalAmount":0.00,"StatusCode":"Draft","IsReductionOrder":false,"SystemModstamp":"2022-09-15T15:19:04.000Z","OwnerId":"0057Q000006GxKbQAK","CreatedById":"0057Q000006GxKbQAK","CreatedDate":"2022-09-15T15:19:04.000Z","Pricebook2Id":"01s7Q00000GDj3WQAT","Id":"8017Q000000yOtSQAU","LastModifiedById":"0057Q000006GxKbQAK","EffectiveDate":"2022-10-15T00:00:00.000Z"}|0x3cabc5da
17:19:04.92 (143933541)|STATEMENT_EXECUTE|[24]
17:19:04.92 (143935666)|STATEMENT_EXECUTE|[25]
17:19:04.92 (144020722)|HEAP_ALLOCATE|[EXTERNAL]|Bytes:4
17:19:04.92 (144050268)|HEAP_ALLOCATE|[24]|Bytes:5
17:19:04.92 (144068623)|VARIABLE_ASSIGNMENT|[24]|newOrder|null|
17:19:04.92 (144074334)|STATEMENT_EXECUTE|[29]
17:19:04.92 (144078961)|HEAP_ALLOCATE|[29]|Bytes:67
17:19:04.92 (144097813)|HEAP_ALLOCATE|[29]|Bytes:4
17:19:04.92 (144105997)|HEAP_ALLOCATE|[29]|Bytes:7
17:19:04.92 (144140008)|HEAP_ALLOCATE|[29]|Bytes:8
17:19:04.92 (144151299)|HEAP_ALLOCATE|[29]|Bytes:8
17:19:04.92 (144545980)|SOQL_EXECUTE_BEGIN|[29]|Aggregations:1|SELECT Id, (SELECT Id FROM Orders) FROM Account WHERE Id = :tmpVar1
17:19:04.92 (153984225)|SOQL_EXECUTE_END|[29]|Rows:1
17:19:04.92 (154032679)|HEAP_ALLOCATE|[29]|Bytes:8
17:19:04.92 (154080010)|HEAP_ALLOCATE|[29]|Bytes:99
17:19:04.92 (154123076)|HEAP_ALLOCATE|[29]|Bytes:8
17:19:04.92 (154147954)|VARIABLE_SCOPE_BEGIN|[29]|listOfAccounts|List<Account>|true|false
17:19:04.92 (154195174)|VARIABLE_ASSIGNMENT|[29]|listOfAccounts|[{"Id":"0017Q00000XgjgbQAB","Orders":[{"AccountId":"0017Q00000XgjgbQAB","Id":"8017Q000000yOtSQAU"}]}]|0xd1f655e
17:19:04.92 (154203785)|STATEMENT_EXECUTE|[30]
17:19:04.92 (154214401)|HEAP_ALLOCATE|[30]|Bytes:4
17:19:04.92 (154261551)|VARIABLE_SCOPE_BEGIN|[30]|listOfAccountsUpdate|List<Account>|true|false
17:19:04.92 (154271275)|HEAP_ALLOCATE|[EXTERNAL]|Bytes:4
17:19:04.92 (154278768)|VARIABLE_ASSIGNMENT|[30]|listOfAccountsUpdate|[]|0x543c7880
17:19:04.92 (154403896)|HEAP_ALLOCATE|[33]|Bytes:5
17:19:04.92 (154425778)|HEAP_ALLOCATE|[33]|Bytes:12
17:19:04.92 (154434947)|VARIABLE_SCOPE_BEGIN|[33]|act|Account|true|false
17:19:04.92 (154455564)|VARIABLE_ASSIGNMENT|[33]|act|{"Id":"0017Q00000XgjgbQAB","Orders":[{"AccountId":"0017Q00000XgjgbQAB","Id":"8017Q000000yOtSQAU"}]}|0x2c4bf545
17:19:04.92 (154462634)|STATEMENT_EXECUTE|[33]
17:19:04.92 (154468252)|HEAP_ALLOCATE|[34]|Bytes:6
17:19:04.92 (154473476)|HEAP_ALLOCATE|[34]|Bytes:5
17:19:04.92 (154561128)|HEAP_ALLOCATE|[EXTERNAL]|Bytes:8
17:19:04.92 (154583345)|HEAP_ALLOCATE|[34]|Bytes:8
17:19:04.92 (154622677)|STATEMENT_EXECUTE|[34]
17:19:04.92 (154624595)|STATEMENT_EXECUTE|[35]
17:19:04.92 (154684181)|HEAP_ALLOCATE|[35]|Bytes:-4
17:19:04.92 (154736403)|VARIABLE_ASSIGNMENT|[35]|this.Active__c|true|0x2c4bf545
17:19:04.92 (154742877)|STATEMENT_EXECUTE|[36]
17:19:04.92 (154777500)|HEAP_ALLOCATE|[EXTERNAL]|Bytes:4
17:19:04.92 (154796835)|HEAP_ALLOCATE|[33]|Bytes:5
17:19:04.92 (154811684)|VARIABLE_ASSIGNMENT|[33]|act|null|
17:19:04.92 (154830660)|STATEMENT_EXECUTE|[39]
17:19:04.92 (154832483)|STATEMENT_EXECUTE|[40]
17:19:04.92 (154900666)|DML_BEGIN|[40]|Op:Update|Type:Account|Rows:1
17:19:04.92 (154976127)|HEAP_ALLOCATE|[EXTERNAL]|Bytes:8
17:19:04.92 (161399083)|CODE_UNIT_STARTED|[EXTERNAL]|DuplicateDetector
17:19:04.92 (161424120)|DUPLICATE_DETECTION_BEGIN
17:19:04.92 (161471945)|DUPLICATE_DETECTION_RULE_INVOCATION|DuplicateRuleId:0Bm7Q00000HCznx|DuplicateRuleName:Standard Account Duplicate Rule|DmlType:UPDATE
17:19:04.92 (161545959)|DUPLICATE_DETECTION_END
17:19:04.92 (161557212)|CODE_UNIT_FINISHED|DuplicateDetector
17:19:04.92 (180274798)|DML_END|[40]
17:19:04.92 (180355991)|HEAP_ALLOCATE|[EXTERNAL]|Bytes:8
17:19:04.92 (180390151)|SYSTEM_MODE_EXIT|false
17:19:04.92 (180412687)|METHOD_EXIT|[6]|01p7Q00000Nlklx|OrderTriggerHandler.setAccountToActive(List<Order>)
17:19:04.92 (180448194)|STATEMENT_EXECUTE|[8]
17:19:04.180 (180461102)|CUMULATIVE_LIMIT_USAGE
17:19:04.180 (180461102)|LIMIT_USAGE_FOR_NS|(default)|
  Number of SOQL queries: 1 out of 100
  Number of query rows: 1 out of 50000
  Number of SOSL queries: 0 out of 20
  Number of DML statements: 1 out of 150
  Number of Publish Immediate DML: 0 out of 150
  Number of DML rows: 1 out of 10000
  Maximum CPU time: 0 out of 10000
  Maximum heap size: 0 out of 6000000
  Number of callouts: 0 out of 100
  Number of Email Invocations: 0 out of 10
  Number of future calls: 0 out of 50
  Number of queueable jobs added to the queue: 0 out of 50
  Number of Mobile Apex push calls: 0 out of 10

17:19:04.180 (180461102)|TESTING_LIMITS
17:19:04.180 (180461102)|LIMIT_USAGE_FOR_NS|(default)|
  Number of SOQL queries: 1 out of 100
  Number of query rows: 2 out of 50000
  Number of SOSL queries: 0 out of 20
  Number of DML statements: 2 out of 150
  Number of Publish Immediate DML: 0 out of 150
  Number of DML rows: 2 out of 10000
  Maximum CPU time: 0 out of 10000
  Maximum heap size: 0 out of 6000000
  Number of callouts: 0 out of 100
  Number of Email Invocations: 0 out of 10
  Number of future calls: 0 out of 50
  Number of queueable jobs added to the queue: 0 out of 50
  Number of Mobile Apex push calls: 0 out of 10

17:19:04.180 (180461102)|CUMULATIVE_LIMIT_USAGE_END

17:19:04.92 (181869757)|CODE_UNIT_FINISHED|OrderTrigger on Order trigger event AfterInsert|__sfdc_trigger/OrderTrigger
17:19:04.92 (183453367)|DML_END|[18]
17:19:04.92 (183501482)|HEAP_ALLOCATE|[EXTERNAL]|Bytes:8
17:19:04.92 (183523774)|STATEMENT_EXECUTE|[19]
17:19:04.92 (183541661)|METHOD_ENTRY|[19]||System.Test.stopTest()
17:19:04.92 (184125687)|METHOD_EXIT|[19]||System.Test.stopTest()
17:19:04.92 (184137625)|STATEMENT_EXECUTE|[21]
17:19:04.92 (184190749)|VARIABLE_SCOPE_BEGIN|[21]|result|Boolean|false|false
17:19:04.92 (184212587)|VARIABLE_ASSIGNMENT|[21]|result|false
17:19:04.92 (184218244)|STATEMENT_EXECUTE|[22]
17:19:04.92 (184227240)|HEAP_ALLOCATE|[22]|Bytes:53
17:19:04.92 (184603220)|EXCEPTION_THROWN|[22]|System.AssertException: Assertion Failed: Active_c is set to true when adding an order, test ok: Expected: true, Actual: false
17:19:04.92 (184751337)|HEAP_ALLOCATE|[22]|Bytes:106
17:19:04.92 (184887331)|FATAL_ERROR|System.AssertException: Assertion Failed: Active_c is set to true when adding an order, test ok: Expected: true, Actual: false

Class.SetAccountToActiveTest.setAccountToActiveTest: line 22, column 1
17:19:04.92 (184906924)|FATAL_ERROR|System.AssertException: Assertion Failed: Active_c is set to true when adding an order, test ok: Expected: true, Actual: false

Class.SetAccountToActiveTest.setAccountToActiveTest: line 22, column 1
17:19:04.184 (184956242)|CUMULATIVE_LIMIT_USAGE
17:19:04.184 (184956242)|LIMIT_USAGE_FOR_NS|(default)|
  Number of SOQL queries: 1 out of 100
  Number of query rows: 1 out of 50000
  Number of SOSL queries: 0 out of 20
  Number of DML statements: 1 out of 150
  Number of Publish Immediate DML: 0 out of 150
  Number of DML rows: 1 out of 10000
  Maximum CPU time: 0 out of 10000
  Maximum heap size: 0 out of 6000000
  Number of callouts: 0 out of 100
  Number of Email Invocations: 0 out of 10
  Number of future calls: 0 out of 50
  Number of queueable jobs added to the queue: 0 out of 50
  Number of Mobile Apex push calls: 0 out of 10

17:19:04.184 (184956242)|TESTING_LIMITS
17:19:04.184 (184956242)|LIMIT_USAGE_FOR_NS|(default)|
  Number of SOQL queries: 1 out of 100
  Number of query rows: 2 out of 50000
  Number of SOSL queries: 0 out of 20
  Number of DML statements: 2 out of 150
  Number of Publish Immediate DML: 0 out of 150
  Number of DML rows: 2 out of 10000
  Maximum CPU time: 0 out of 10000
  Maximum heap size: 0 out of 6000000
  Number of callouts: 0 out of 100
  Number of Email Invocations: 0 out of 10
  Number of future calls: 0 out of 50
  Number of queueable jobs added to the queue: 0 out of 50
  Number of Mobile Apex push calls: 0 out of 10

17:19:04.184 (184956242)|CUMULATIVE_LIMIT_USAGE_END

17:19:04.92 (185007808)|CODE_UNIT_FINISHED|SetAccountToActiveTest.setAccountToActiveTest()
17:19:04.92 (185016288)|EXECUTION_FINISHED
17:19:04.278 (278016185)|USER_INFO|[EXTERNAL]|0057Q000006GxKb|p11@projetoc.com|(GMT+02:00) Central European Summer Time (Europe/Paris)|GMT+02:00
17:19:04.278 (278047001)|EXECUTION_STARTED
17:19:04.278 (278051833)|CODE_UNIT_STARTED|[EXTERNAL]|DuplicateDetector
17:19:04.278 (278065810)|DUPLICATE_DETECTION_BEGIN
17:19:04.278 (278117415)|DUPLICATE_DETECTION_RULE_INVOCATION|DuplicateRuleId:0Bm7Q00000HCznx|DuplicateRuleName:Standard Account Duplicate Rule|DmlType:INSERT
17:19:04.278 (288832479)|DUPLICATE_DETECTION_END
17:19:04.278 (288855798)|CODE_UNIT_FINISHED|DuplicateDetector
17:19:04.278 (288874485)|EXECUTION_FINISHED
17:19:04.289 (289904191)|USER_INFO|[EXTERNAL]|0057Q000006GxKb|p11@projetoc.com|(GMT+02:00) Central European Summer Time (Europe/Paris)|GMT+02:00
17:19:04.289 (289928229)|EXECUTION_STARTED
17:19:04.289 (289933450)|CODE_UNIT_STARTED|[EXTERNAL]|DuplicateDetector
17:19:04.289 (289948126)|DUPLICATE_DETECTION_BEGIN
17:19:04.289 (290012378)|DUPLICATE_DETECTION_RULE_INVOCATION|DuplicateRuleId:0Bm7Q00000HCznx|DuplicateRuleName:Standard Account Duplicate Rule|DmlType:UPDATE
17:19:04.289 (297952848)|DUPLICATE_DETECTION_END
17:19:04.289 (298003325)|CODE_UNIT_FINISHED|DuplicateDetector
17:19:04.289 (298019003)|EXECUTION_FINISHED
