55.0 APEX_CODE,FINEST;APEX_PROFILING,INFO;CALLOUT,INFO;DB,INFO;NBA,INFO;SYSTEM,DEBUG;VALIDATION,INFO;VISUALFORCE,FINER;WAVE,INFO;WORKFLOW,INFO
17:35:19.4 (4429538)|USER_INFO|[EXTERNAL]|0057Q000006GxKb|p11@projetoc.com|(GMT+02:00) Central European Summer Time (Europe/Paris)|GMT+02:00
17:35:19.4 (4613757)|EXECUTION_STARTED
17:35:19.4 (4664808)|CODE_UNIT_STARTED|[EXTERNAL]|01p7Q00000NmPBp|SetAccountToActiveTest.makeData()
17:35:19.4 (6033018)|HEAP_ALLOCATE|[79]|Bytes:3
17:35:19.4 (6381749)|HEAP_ALLOCATE|[84]|Bytes:152
17:35:19.4 (6484205)|HEAP_ALLOCATE|[399]|Bytes:408
17:35:19.4 (6592327)|HEAP_ALLOCATE|[412]|Bytes:408
17:35:19.4 (6682636)|HEAP_ALLOCATE|[520]|Bytes:48
17:35:19.4 (6725662)|HEAP_ALLOCATE|[139]|Bytes:6
17:35:19.4 (6770985)|HEAP_ALLOCATE|[EXTERNAL]|Bytes:20
17:35:19.4 (6924324)|METHOD_ENTRY|[2]|01p7Q00000NmPBp|SetAccountToActiveTest.SetAccountToActiveTest()
17:35:19.4 (7042268)|STATEMENT_EXECUTE|[2]
17:35:19.4 (7118687)|STATEMENT_EXECUTE|[2]
17:35:19.4 (7224518)|METHOD_EXIT|[2]|SetAccountToActiveTest
17:35:19.4 (7318233)|HEAP_ALLOCATE|[52]|Bytes:5
17:35:19.4 (7420734)|HEAP_ALLOCATE|[58]|Bytes:5
17:35:19.4 (7436870)|HEAP_ALLOCATE|[66]|Bytes:7
17:35:19.4 (7582186)|STATEMENT_EXECUTE|[5]
17:35:19.4 (7587685)|STATEMENT_EXECUTE|[6]
17:35:19.4 (7591717)|HEAP_ALLOCATE|[6]|Bytes:11
17:35:19.4 (8851204)|HEAP_ALLOCATE|[6]|Bytes:13
17:35:19.4 (8952700)|METHOD_ENTRY|[1]|01p7Q00000NmNOr|DataFactory.DataFactory()
17:35:19.4 (8969109)|STATEMENT_EXECUTE|[1]
17:35:19.4 (9089343)|STATEMENT_EXECUTE|[1]
17:35:19.4 (9922715)|SYSTEM_MODE_ENTER|false
17:35:19.4 (10091065)|HEAP_ALLOCATE|[6]|Bytes:5
17:35:19.4 (10116009)|SYSTEM_MODE_EXIT|false
17:35:19.4 (10228760)|METHOD_EXIT|[1]|DataFactory
17:35:19.4 (10398564)|METHOD_ENTRY|[6]|01p7Q00000NmNOr|DataFactory.createAccount(String)
17:35:19.4 (10721037)|VARIABLE_SCOPE_BEGIN|[3]|actName|String|false|false
17:35:19.4 (10978611)|VARIABLE_ASSIGNMENT|[3]|actName|"TestAccount"
17:35:19.4 (11037180)|SYSTEM_MODE_ENTER|false
17:35:19.4 (11057783)|HEAP_ALLOCATE|[5]|Bytes:5
17:35:19.4 (11069174)|STATEMENT_EXECUTE|[3]
17:35:19.4 (11073851)|STATEMENT_EXECUTE|[5]
17:35:19.4 (11121109)|HEAP_ALLOCATE|[5]|Bytes:4
17:35:19.4 (11304104)|VARIABLE_SCOPE_BEGIN|[5]|act|Account|true|false
17:35:19.4 (11424839)|VARIABLE_ASSIGNMENT|[5]|act|{}|0x34251017
17:35:19.4 (11441794)|STATEMENT_EXECUTE|[6]
17:35:19.4 (12650850)|VARIABLE_ASSIGNMENT|[6]|this.Name|"TestAccount"|0x34251017
17:35:19.4 (12678564)|STATEMENT_EXECUTE|[7]
17:35:19.4 (12772918)|VARIABLE_ASSIGNMENT|[7]|this.Active__c|false|0x34251017
17:35:19.4 (12787403)|STATEMENT_EXECUTE|[8]
17:35:19.4 (12801034)|SYSTEM_MODE_EXIT|false
17:35:19.4 (12899440)|METHOD_EXIT|[6]|01p7Q00000NmNOr|DataFactory.createAccount(String)
17:35:19.4 (12935946)|VARIABLE_SCOPE_BEGIN|[6]|act|Account|true|false
17:35:19.4 (12986918)|VARIABLE_ASSIGNMENT|[6]|act|{"Name":"TestAccount","Active__c":false}|0x34251017
17:35:19.4 (12997280)|STATEMENT_EXECUTE|[7]
17:35:19.4 (13103663)|HEAP_ALLOCATE|[7]|Bytes:8
17:35:19.4 (13146497)|DML_BEGIN|[7]|Op:Insert|Type:Account|Rows:1
17:35:19.4 (13229789)|HEAP_ALLOCATE|[EXTERNAL]|Bytes:8
17:35:19.4 (27890064)|CODE_UNIT_STARTED|[EXTERNAL]|DuplicateDetector
17:35:19.4 (28034578)|DUPLICATE_DETECTION_BEGIN
17:35:19.4 (28680633)|DUPLICATE_DETECTION_RULE_INVOCATION|DuplicateRuleId:0Bm7Q00000HCznx|DuplicateRuleName:Standard Account Duplicate Rule|DmlType:INSERT
17:35:19.4 (73652123)|DUPLICATE_DETECTION_MATCH_INVOCATION_DETAILS|EntityType:Account|ActionTaken:Allow_[Alert,Report]|DuplicateRecordIds:
17:35:19.4 (73697614)|DUPLICATE_DETECTION_MATCH_INVOCATION_SUMMARY|EntityType:Account|NumRecordsToBeSaved:1|NumRecordsToBeSavedWithDuplicates:0|NumDuplicateRecordsFound:0
17:35:19.4 (73936714)|DUPLICATE_DETECTION_END
17:35:19.4 (73987945)|CODE_UNIT_FINISHED|DuplicateDetector
17:35:19.4 (140199838)|DML_END|[7]
17:35:19.140 (140381765)|CUMULATIVE_LIMIT_USAGE
17:35:19.140 (140381765)|LIMIT_USAGE_FOR_NS|(default)|
  Number of SOQL queries: 0 out of 100
  Number of query rows: 0 out of 50000
  Number of SOSL queries: 0 out of 20
  Number of DML statements: 1 out of 150
  Number of Publish Immediate DML: 0 out of 150
  Number of DML rows: 1 out of 10000
  Maximum CPU time: 0 out of 10000
  Maximum heap size: 0 out of 6000000
  Number of callouts: 0 out of 100
  Number of Email Invocations: 0 out of 10
  Number of future calls: 0 out of 50
  Number of queueable jobs added to the queue: 0 out of 50
  Number of Mobile Apex push calls: 0 out of 10

17:35:19.140 (140381765)|CUMULATIVE_LIMIT_USAGE_END

17:35:19.4 (140580079)|CODE_UNIT_FINISHED|SetAccountToActiveTest.makeData()
17:35:19.4 (140618588)|EXECUTION_FINISHED
17:35:19.157 (157484761)|USER_INFO|[EXTERNAL]|0057Q000006GxKb|p11@projetoc.com|(GMT+02:00) Central European Summer Time (Europe/Paris)|GMT+02:00
17:35:19.157 (157518203)|EXECUTION_STARTED
17:35:19.157 (157529031)|CODE_UNIT_STARTED|[EXTERNAL]|01p7Q00000NmPBp|SetAccountToActiveTest.setAccountToActiveTest()
17:35:19.157 (157823056)|HEAP_ALLOCATE|[79]|Bytes:3
17:35:19.157 (157892664)|HEAP_ALLOCATE|[84]|Bytes:152
17:35:19.157 (157986934)|HEAP_ALLOCATE|[399]|Bytes:408
17:35:19.157 (158101497)|HEAP_ALLOCATE|[412]|Bytes:408
17:35:19.157 (158228435)|HEAP_ALLOCATE|[520]|Bytes:48
17:35:19.157 (158287395)|HEAP_ALLOCATE|[139]|Bytes:6
17:35:19.157 (158314433)|HEAP_ALLOCATE|[EXTERNAL]|Bytes:20
17:35:19.157 (158333953)|METHOD_ENTRY|[2]|01p7Q00000NmPBp|SetAccountToActiveTest.SetAccountToActiveTest()
17:35:19.157 (158365353)|STATEMENT_EXECUTE|[2]
17:35:19.157 (158422809)|STATEMENT_EXECUTE|[2]
17:35:19.157 (158436188)|METHOD_EXIT|[2]|SetAccountToActiveTest
17:35:19.157 (158477436)|HEAP_ALLOCATE|[52]|Bytes:5
17:35:19.157 (158529353)|HEAP_ALLOCATE|[58]|Bytes:5
17:35:19.157 (158561215)|HEAP_ALLOCATE|[66]|Bytes:7
17:35:19.157 (158617726)|STATEMENT_EXECUTE|[11]
17:35:19.157 (158623130)|STATEMENT_EXECUTE|[13]
17:35:19.157 (158629453)|HEAP_ALLOCATE|[13]|Bytes:41
17:35:19.157 (158661759)|HEAP_ALLOCATE|[13]|Bytes:4
17:35:19.157 (159115257)|SOQL_EXECUTE_BEGIN|[13]|Aggregations:0|SELECT Id, Active__c FROM Account LIMIT 1
17:35:19.157 (165318829)|SOQL_EXECUTE_END|[13]|Rows:1
17:35:19.157 (165370458)|HEAP_ALLOCATE|[13]|Bytes:8
17:35:19.157 (165432138)|HEAP_ALLOCATE|[13]|Bytes:46
17:35:19.157 (165594502)|HEAP_ALLOCATE|[13]|Bytes:8
17:35:19.157 (165635598)|HEAP_ALLOCATE|[13]|Bytes:33
17:35:19.157 (165781714)|HEAP_ALLOCATE|[13]|Bytes:12
17:35:19.157 (165896609)|VARIABLE_SCOPE_BEGIN|[13]|act|Account|true|false
17:35:19.157 (166171012)|VARIABLE_ASSIGNMENT|[13]|act|{"Id":"0017Q00000XgjoVQAR","Active__c":false}|0x5c044b7a
17:35:19.157 (166201656)|STATEMENT_EXECUTE|[16]
17:35:19.157 (166272568)|HEAP_ALLOCATE|[16]|Bytes:82
17:35:19.157 (166371830)|SYSTEM_METHOD_ENTRY|[1]|Test.Test()
17:35:19.157 (166446434)|STATEMENT_EXECUTE|[1]
17:35:19.157 (166489988)|SYSTEM_METHOD_EXIT|[1]|Test
17:35:19.157 (166550878)|METHOD_ENTRY|[16]||System.Test.startTest()
17:35:19.157 (168950233)|METHOD_EXIT|[16]||System.Test.startTest()
17:35:19.157 (168980914)|STATEMENT_EXECUTE|[17]
17:35:19.157 (169064594)|HEAP_ALLOCATE|[17]|Bytes:18
17:35:19.157 (169100323)|HEAP_ALLOCATE|[17]|Bytes:13
17:35:19.157 (169119079)|METHOD_ENTRY|[1]|01p7Q00000NmNOr|DataFactory.DataFactory()
17:35:19.157 (169135718)|STATEMENT_EXECUTE|[1]
17:35:19.157 (169144490)|STATEMENT_EXECUTE|[1]
17:35:19.157 (169809680)|SYSTEM_MODE_ENTER|false
17:35:19.157 (169858922)|HEAP_ALLOCATE|[17]|Bytes:5
17:35:19.157 (169879456)|SYSTEM_MODE_EXIT|false
17:35:19.157 (169906192)|METHOD_EXIT|[1]|DataFactory
17:35:19.157 (169952360)|METHOD_ENTRY|[17]|01p7Q00000NmNOr|DataFactory.createOrders(String, Integer)
17:35:19.157 (170152393)|VARIABLE_SCOPE_BEGIN|[11]|accountId|String|false|false
17:35:19.157 (170202807)|VARIABLE_ASSIGNMENT|[11]|accountId|"0017Q00000XgjoVQAR"
17:35:19.157 (170502198)|VARIABLE_SCOPE_BEGIN|[11]|ordsNumber|Integer|false|false
17:35:19.157 (170530220)|VARIABLE_ASSIGNMENT|[11]|ordsNumber|1
17:35:19.157 (170560045)|SYSTEM_MODE_ENTER|false
17:35:19.157 (170570918)|HEAP_ALLOCATE|[12]|Bytes:5
17:35:19.157 (170581526)|STATEMENT_EXECUTE|[11]
17:35:19.157 (170585650)|STATEMENT_EXECUTE|[12]
17:35:19.157 (170605092)|HEAP_ALLOCATE|[12]|Bytes:4
17:35:19.157 (171117507)|VARIABLE_SCOPE_BEGIN|[12]|ordsList|List<Order>|true|false
17:35:19.157 (171148527)|HEAP_ALLOCATE|[EXTERNAL]|Bytes:4
17:35:19.157 (171229654)|VARIABLE_ASSIGNMENT|[12]|ordsList|[]|0x60f6007d
17:35:19.157 (171494744)|STATEMENT_EXECUTE|[13]
17:35:19.157 (171503408)|VARIABLE_SCOPE_BEGIN|[13]|i|Integer|false|false
17:35:19.157 (171514970)|HEAP_ALLOCATE|[13]|Bytes:4
17:35:19.157 (171534805)|VARIABLE_ASSIGNMENT|[13]|i|0
17:35:19.157 (171547041)|STATEMENT_EXECUTE|[13]
17:35:19.157 (171550070)|STATEMENT_EXECUTE|[14]
17:35:19.157 (171600696)|HEAP_ALLOCATE|[14]|Bytes:4
17:35:19.157 (171754935)|HEAP_ALLOCATE|[14]|Bytes:4
17:35:19.157 (172672226)|VARIABLE_ASSIGNMENT|[14]|this.AccountId|"0017Q00000XgjoVQAR"|0x369168b
17:35:19.157 (172723338)|METHOD_ENTRY|[14]||System.Test.getStandardPricebookId()
17:35:19.157 (175222732)|METHOD_EXIT|[14]||System.Test.getStandardPricebookId()
17:35:19.157 (175400772)|VARIABLE_ASSIGNMENT|[14]|this.Pricebook2Id|"01s7Q00000GDj3WQAT"|0x369168b
17:35:19.157 (175422051)|HEAP_ALLOCATE|[14]|Bytes:5
17:35:19.157 (175469232)|VARIABLE_ASSIGNMENT|[14]|this.Status|"Draft"|0x369168b
17:35:19.157 (175554459)|HEAP_ALLOCATE|[14]|Bytes:4
17:35:19.157 (175637403)|HEAP_ALLOCATE|[14]|Bytes:4
17:35:19.157 (175736787)|VARIABLE_ASSIGNMENT|[14]|this.EffectiveDate|"2022-10-15T00:00:00.000Z"|0x369168b
17:35:19.157 (175805221)|VARIABLE_SCOPE_BEGIN|[14]|ord|Order|true|false
17:35:19.157 (175854916)|VARIABLE_ASSIGNMENT|[14]|ord|{"AccountId":"0017Q00000XgjoVQAR","Pricebook2Id":"01s7Q00000GDj3WQAT","Status":"Draft","EffectiveDate":"2022-10-15T00:00:00.000Z"}|0x369168b
17:35:19.157 (175881852)|STATEMENT_EXECUTE|[15]
17:35:19.157 (176018731)|HEAP_ALLOCATE|[EXTERNAL]|Bytes:4
17:35:19.157 (176061921)|HEAP_ALLOCATE|[13]|Bytes:4
17:35:19.157 (176238228)|VARIABLE_ASSIGNMENT|[13]|i|1
17:35:19.157 (176252751)|STATEMENT_EXECUTE|[17]
17:35:19.157 (176267571)|SYSTEM_MODE_EXIT|false
17:35:19.157 (176282918)|METHOD_EXIT|[17]|01p7Q00000NmNOr|DataFactory.createOrders(String, Integer)
17:35:19.157 (176291216)|VARIABLE_SCOPE_BEGIN|[17]|orders|List<Order>|true|false
17:35:19.157 (176335743)|VARIABLE_ASSIGNMENT|[17]|orders|[{"AccountId":"0017Q00000XgjoVQAR","Pricebook2Id":"01s7Q00000GDj3WQAT","Status":"Draft","EffectiveDate":"2022-10-15T00:00:00.000Z"}]|0x60f6007d
17:35:19.157 (176343736)|STATEMENT_EXECUTE|[18]
17:35:19.157 (176456009)|DML_BEGIN|[18]|Op:Insert|Type:Order|Rows:1
17:35:19.157 (177138861)|HEAP_ALLOCATE|[EXTERNAL]|Bytes:8
17:35:19.157 (211217836)|CODE_UNIT_STARTED|[EXTERNAL]|01q7Q000000cs5i|OrderTrigger on Order trigger event AfterInsert|__sfdc_trigger/OrderTrigger
17:35:19.157 (211327076)|HEAP_ALLOCATE|[EXTERNAL]|Bytes:8
17:35:19.157 (211637942)|HEAP_ALLOCATE|[EXTERNAL]|Bytes:4
17:35:19.157 (211772069)|VARIABLE_SCOPE_BEGIN|[1]|this|OrderTrigger|true|false
17:35:19.157 (212359425)|VARIABLE_ASSIGNMENT|[1]|this|{}|0x68548db0
17:35:19.157 (212465997)|HEAP_ALLOCATE|[EXTERNAL]|Bytes:4
17:35:19.157 (212496515)|VARIABLE_SCOPE_BEGIN|[1]|this|OrderTrigger|true|false
17:35:19.157 (212554893)|VARIABLE_ASSIGNMENT|[1]|this|{}|0x68548db0
17:35:19.157 (212568870)|STATEMENT_EXECUTE|[1]
17:35:19.157 (212609863)|STATEMENT_EXECUTE|[5]
17:35:19.157 (212612845)|STATEMENT_EXECUTE|[6]
17:35:19.157 (214152275)|HEAP_ALLOCATE|[6]|Bytes:5
17:35:19.157 (214286678)|METHOD_ENTRY|[1]|01p7Q00000Nlklx|OrderTriggerHandler.OrderTriggerHandler()
17:35:19.157 (214304120)|STATEMENT_EXECUTE|[1]
17:35:19.157 (214314728)|STATEMENT_EXECUTE|[1]
17:35:19.157 (214975050)|SYSTEM_MODE_ENTER|false
17:35:19.157 (214999601)|HEAP_ALLOCATE|[6]|Bytes:5
17:35:19.157 (215014996)|SYSTEM_MODE_EXIT|false
17:35:19.157 (215050841)|METHOD_EXIT|[1]|OrderTriggerHandler
17:35:19.157 (215104128)|METHOD_ENTRY|[6]|01p7Q00000Nlklx|OrderTriggerHandler.setAccountToActive(List<Order>)
17:35:19.157 (215202346)|VARIABLE_SCOPE_BEGIN|[17]|Orders|List<Order>|true|false
17:35:19.157 (216412076)|VARIABLE_ASSIGNMENT|[17]|Orders|[{"Status":"Draft","LastModifiedDate":"2022-09-15T15:35:20.000Z","IsDeleted":false,"AccountId":"0017Q00000XgjoVQAR","OrderNumber":"00100103","TotalAmount":0.00,"StatusCode":"Draft","IsReductionOrder":false,"SystemModstamp":"2022-09-15T15:35:20.000Z","OwnerId":"0057Q000006GxKbQAK","CreatedById":"0057Q000006GxKbQAK","CreatedDate":"2022-09-15T15:35:20.000Z","Pricebook2Id":"01s7Q00000GDj3WQAT","Id":"8017Q000000yOuBQAU","LastModifiedById":"0057Q000006GxKbQAK","EffectiveDate":"2022-10-15T00:00:00.000Z"}]|0x1a7df772
17:35:19.157 (216467009)|SYSTEM_MODE_ENTER|false
17:35:19.157 (216478419)|HEAP_ALLOCATE|[21]|Bytes:5
17:35:19.157 (216487228)|STATEMENT_EXECUTE|[17]
17:35:19.157 (216492048)|STATEMENT_EXECUTE|[21]
17:35:19.157 (216519527)|HEAP_ALLOCATE|[21]|Bytes:4
17:35:19.157 (216693531)|VARIABLE_SCOPE_BEGIN|[21]|setAccountIds|Set<Id>|true|false
17:35:19.157 (216780162)|VARIABLE_ASSIGNMENT|[21]|setAccountIds|[]|0x53587b0b
17:35:19.157 (217025962)|HEAP_ALLOCATE|[24]|Bytes:5
17:35:19.157 (217078742)|VARIABLE_SCOPE_BEGIN|[24]|newOrder|Order|true|false
17:35:19.157 (218150898)|VARIABLE_ASSIGNMENT|[24]|newOrder|{"Status":"Draft","LastModifiedDate":"2022-09-15T15:35:20.000Z","IsDeleted":false,"AccountId":"0017Q00000XgjoVQAR","OrderNumber":"00100103","TotalAmount":0.00,"StatusCode":"Draft","IsReductionOrder":false,"SystemModstamp":"2022-09-15T15:35:20.000Z","OwnerId":"0057Q000006GxKbQAK","CreatedById":"0057Q000006GxKbQAK","CreatedDate":"2022-09-15T15:35:20.000Z","Pricebook2Id":"01s7Q00000GDj3WQAT","Id":"8017Q000000yOuBQAU","LastModifiedById":"0057Q000006GxKbQAK","EffectiveDate":"2022-10-15T00:00:00.000Z"}|0x4a5ca5eb
17:35:19.157 (218175868)|STATEMENT_EXECUTE|[24]
17:35:19.157 (218180534)|STATEMENT_EXECUTE|[25]
17:35:19.157 (218324150)|HEAP_ALLOCATE|[EXTERNAL]|Bytes:4
17:35:19.157 (218380040)|HEAP_ALLOCATE|[24]|Bytes:5
17:35:19.157 (218411091)|VARIABLE_ASSIGNMENT|[24]|newOrder|null|
17:35:19.157 (218421149)|STATEMENT_EXECUTE|[29]
17:35:19.157 (218427925)|HEAP_ALLOCATE|[29]|Bytes:78
17:35:19.157 (218450616)|HEAP_ALLOCATE|[29]|Bytes:4
17:35:19.157 (218461092)|HEAP_ALLOCATE|[29]|Bytes:7
17:35:19.157 (218518369)|HEAP_ALLOCATE|[29]|Bytes:8
17:35:19.157 (218528635)|HEAP_ALLOCATE|[29]|Bytes:8
17:35:19.157 (219351060)|SOQL_EXECUTE_BEGIN|[29]|Aggregations:1|SELECT Id, Active__c, (SELECT Id FROM Orders) FROM Account WHERE Id = :tmpVar1
17:35:19.157 (228443194)|SOQL_EXECUTE_END|[29]|Rows:1
17:35:19.157 (228522464)|HEAP_ALLOCATE|[29]|Bytes:8
17:35:19.157 (228602621)|HEAP_ALLOCATE|[29]|Bytes:116
17:35:19.157 (228665922)|HEAP_ALLOCATE|[29]|Bytes:8
17:35:19.157 (228697796)|VARIABLE_SCOPE_BEGIN|[29]|listOfAccounts|List<Account>|true|false
17:35:19.157 (228820939)|VARIABLE_ASSIGNMENT|[29]|listOfAccounts|[{"Id":"0017Q00000XgjoVQAR","Active__c":false,"Orders":[{"AccountId":"0017Q00000XgjoVQAR","Id":"8017Q000000yOuBQAU"}]}]|0x65df10d3
17:35:19.157 (228841189)|STATEMENT_EXECUTE|[30]
17:35:19.157 (228861274)|HEAP_ALLOCATE|[30]|Bytes:4
17:35:19.157 (228967296)|VARIABLE_SCOPE_BEGIN|[30]|listOfAccountsToUpdate|List<Account>|true|false
17:35:19.157 (228985369)|HEAP_ALLOCATE|[EXTERNAL]|Bytes:4
17:35:19.157 (229154179)|VARIABLE_ASSIGNMENT|[30]|listOfAccountsToUpdate|[]|0x61e5cbdf
17:35:19.157 (229431487)|HEAP_ALLOCATE|[33]|Bytes:5
17:35:19.157 (229467450)|HEAP_ALLOCATE|[33]|Bytes:16
17:35:19.157 (229484007)|VARIABLE_SCOPE_BEGIN|[33]|act|Account|true|false
17:35:19.157 (229534626)|VARIABLE_ASSIGNMENT|[33]|act|{"Id":"0017Q00000XgjoVQAR","Active__c":false,"Orders":[{"AccountId":"0017Q00000XgjoVQAR","Id":"8017Q000000yOuBQAU"}]}|0x15453df7
17:35:19.157 (229548796)|STATEMENT_EXECUTE|[33]
17:35:19.157 (229557871)|HEAP_ALLOCATE|[34]|Bytes:6
17:35:19.157 (229566060)|HEAP_ALLOCATE|[34]|Bytes:5
17:35:19.157 (229671104)|HEAP_ALLOCATE|[EXTERNAL]|Bytes:8
17:35:19.157 (229702296)|HEAP_ALLOCATE|[34]|Bytes:8
17:35:19.157 (229770780)|STATEMENT_EXECUTE|[34]
17:35:19.157 (229775593)|STATEMENT_EXECUTE|[35]
17:35:19.157 (229902744)|VARIABLE_ASSIGNMENT|[35]|this.Active__c|true|0x15453df7
17:35:19.157 (229914903)|STATEMENT_EXECUTE|[36]
17:35:19.157 (230066627)|HEAP_ALLOCATE|[EXTERNAL]|Bytes:4
17:35:19.157 (230109329)|HEAP_ALLOCATE|[33]|Bytes:5
17:35:19.157 (230138259)|VARIABLE_ASSIGNMENT|[33]|act|null|
17:35:19.157 (230290525)|STATEMENT_EXECUTE|[39]
17:35:19.157 (230295053)|STATEMENT_EXECUTE|[40]
17:35:19.157 (230389955)|DML_BEGIN|[40]|Op:Update|Type:Account|Rows:1
17:35:19.157 (230451480)|HEAP_ALLOCATE|[EXTERNAL]|Bytes:8
17:35:19.157 (238318376)|CODE_UNIT_STARTED|[EXTERNAL]|DuplicateDetector
17:35:19.157 (238362030)|DUPLICATE_DETECTION_BEGIN
17:35:19.157 (238426448)|DUPLICATE_DETECTION_RULE_INVOCATION|DuplicateRuleId:0Bm7Q00000HCznx|DuplicateRuleName:Standard Account Duplicate Rule|DmlType:UPDATE
17:35:19.157 (238500442)|DUPLICATE_DETECTION_END
17:35:19.157 (238511941)|CODE_UNIT_FINISHED|DuplicateDetector
17:35:19.157 (260432605)|DML_END|[40]
17:35:19.157 (260543315)|HEAP_ALLOCATE|[EXTERNAL]|Bytes:8
17:35:19.157 (260586767)|SYSTEM_MODE_EXIT|false
17:35:19.157 (260629169)|METHOD_EXIT|[6]|01p7Q00000Nlklx|OrderTriggerHandler.setAccountToActive(List<Order>)
17:35:19.157 (260678725)|STATEMENT_EXECUTE|[8]
17:35:19.261 (261560527)|CUMULATIVE_LIMIT_USAGE
17:35:19.261 (261560527)|LIMIT_USAGE_FOR_NS|(default)|
  Number of SOQL queries: 1 out of 100
  Number of query rows: 1 out of 50000
  Number of SOSL queries: 0 out of 20
  Number of DML statements: 1 out of 150
  Number of Publish Immediate DML: 0 out of 150
  Number of DML rows: 1 out of 10000
  Maximum CPU time: 0 out of 10000
  Maximum heap size: 0 out of 6000000
  Number of callouts: 0 out of 100
  Number of Email Invocations: 0 out of 10
  Number of future calls: 0 out of 50
  Number of queueable jobs added to the queue: 0 out of 50
  Number of Mobile Apex push calls: 0 out of 10

17:35:19.261 (261560527)|TESTING_LIMITS
17:35:19.261 (261560527)|LIMIT_USAGE_FOR_NS|(default)|
  Number of SOQL queries: 1 out of 100
  Number of query rows: 2 out of 50000
  Number of SOSL queries: 0 out of 20
  Number of DML statements: 2 out of 150
  Number of Publish Immediate DML: 0 out of 150
  Number of DML rows: 2 out of 10000
  Maximum CPU time: 0 out of 10000
  Maximum heap size: 0 out of 6000000
  Number of callouts: 0 out of 100
  Number of Email Invocations: 0 out of 10
  Number of future calls: 0 out of 50
  Number of queueable jobs added to the queue: 0 out of 50
  Number of Mobile Apex push calls: 0 out of 10

17:35:19.261 (261560527)|CUMULATIVE_LIMIT_USAGE_END

17:35:19.157 (263151110)|CODE_UNIT_FINISHED|OrderTrigger on Order trigger event AfterInsert|__sfdc_trigger/OrderTrigger
17:35:19.157 (264673930)|DML_END|[18]
17:35:19.157 (264722347)|HEAP_ALLOCATE|[EXTERNAL]|Bytes:8
17:35:19.157 (264744601)|STATEMENT_EXECUTE|[19]
17:35:19.157 (264795611)|METHOD_ENTRY|[19]||System.Test.stopTest()
17:35:19.157 (265569584)|METHOD_EXIT|[19]||System.Test.stopTest()
17:35:19.157 (265584896)|STATEMENT_EXECUTE|[21]
17:35:19.157 (265654568)|VARIABLE_SCOPE_BEGIN|[21]|result|Boolean|false|false
17:35:19.157 (265691580)|VARIABLE_ASSIGNMENT|[21]|result|false
17:35:19.157 (265699627)|STATEMENT_EXECUTE|[22]
17:35:19.157 (265712416)|HEAP_ALLOCATE|[22]|Bytes:53
17:35:19.157 (266069814)|EXCEPTION_THROWN|[22]|System.AssertException: Assertion Failed: Active_c is set to true when adding an order, test ok: Expected: true, Actual: false
17:35:19.157 (266647160)|HEAP_ALLOCATE|[22]|Bytes:106
17:35:19.157 (266937558)|FATAL_ERROR|System.AssertException: Assertion Failed: Active_c is set to true when adding an order, test ok: Expected: true, Actual: false

Class.SetAccountToActiveTest.setAccountToActiveTest: line 22, column 1
17:35:19.157 (266976704)|FATAL_ERROR|System.AssertException: Assertion Failed: Active_c is set to true when adding an order, test ok: Expected: true, Actual: false

Class.SetAccountToActiveTest.setAccountToActiveTest: line 22, column 1
17:35:19.267 (267030893)|CUMULATIVE_LIMIT_USAGE
17:35:19.267 (267030893)|LIMIT_USAGE_FOR_NS|(default)|
  Number of SOQL queries: 1 out of 100
  Number of query rows: 1 out of 50000
  Number of SOSL queries: 0 out of 20
  Number of DML statements: 1 out of 150
  Number of Publish Immediate DML: 0 out of 150
  Number of DML rows: 1 out of 10000
  Maximum CPU time: 0 out of 10000
  Maximum heap size: 0 out of 6000000
  Number of callouts: 0 out of 100
  Number of Email Invocations: 0 out of 10
  Number of future calls: 0 out of 50
  Number of queueable jobs added to the queue: 0 out of 50
  Number of Mobile Apex push calls: 0 out of 10

17:35:19.267 (267030893)|TESTING_LIMITS
17:35:19.267 (267030893)|LIMIT_USAGE_FOR_NS|(default)|
  Number of SOQL queries: 1 out of 100
  Number of query rows: 2 out of 50000
  Number of SOSL queries: 0 out of 20
  Number of DML statements: 2 out of 150
  Number of Publish Immediate DML: 0 out of 150
  Number of DML rows: 2 out of 10000
  Maximum CPU time: 0 out of 10000
  Maximum heap size: 0 out of 6000000
  Number of callouts: 0 out of 100
  Number of Email Invocations: 0 out of 10
  Number of future calls: 0 out of 50
  Number of queueable jobs added to the queue: 0 out of 50
  Number of Mobile Apex push calls: 0 out of 10

17:35:19.267 (267030893)|CUMULATIVE_LIMIT_USAGE_END

17:35:19.157 (267093183)|CODE_UNIT_FINISHED|SetAccountToActiveTest.setAccountToActiveTest()
17:35:19.157 (267104261)|EXECUTION_FINISHED
17:35:19.380 (380022292)|USER_INFO|[EXTERNAL]|0057Q000006GxKb|p11@projetoc.com|(GMT+02:00) Central European Summer Time (Europe/Paris)|GMT+02:00
17:35:19.380 (380067978)|EXECUTION_STARTED
17:35:19.380 (380072449)|CODE_UNIT_STARTED|[EXTERNAL]|DuplicateDetector
17:35:19.380 (380085812)|DUPLICATE_DETECTION_BEGIN
17:35:19.380 (380185969)|DUPLICATE_DETECTION_RULE_INVOCATION|DuplicateRuleId:0Bm7Q00000HCznx|DuplicateRuleName:Standard Account Duplicate Rule|DmlType:UPDATE
17:35:19.380 (391626811)|DUPLICATE_DETECTION_END
17:35:19.380 (391653334)|CODE_UNIT_FINISHED|DuplicateDetector
17:35:19.380 (391672403)|EXECUTION_FINISHED
17:35:19.392 (392915646)|USER_INFO|[EXTERNAL]|0057Q000006GxKb|p11@projetoc.com|(GMT+02:00) Central European Summer Time (Europe/Paris)|GMT+02:00
17:35:19.392 (392935986)|EXECUTION_STARTED
17:35:19.392 (392940276)|CODE_UNIT_STARTED|[EXTERNAL]|DuplicateDetector
17:35:19.392 (392952796)|DUPLICATE_DETECTION_BEGIN
17:35:19.392 (393023464)|DUPLICATE_DETECTION_RULE_INVOCATION|DuplicateRuleId:0Bm7Q00000HCznx|DuplicateRuleName:Standard Account Duplicate Rule|DmlType:INSERT
17:35:19.392 (403609750)|DUPLICATE_DETECTION_END
17:35:19.392 (403632328)|CODE_UNIT_FINISHED|DuplicateDetector
17:35:19.392 (403667573)|EXECUTION_FINISHED
