55.0 APEX_CODE,FINEST;APEX_PROFILING,INFO;CALLOUT,INFO;DB,INFO;NBA,INFO;SYSTEM,DEBUG;VALIDATION,INFO;VISUALFORCE,FINER;WAVE,INFO;WORKFLOW,INFO
17:54:53.4 (4336600)|USER_INFO|[EXTERNAL]|0057Q000006GxKb|p11@projetoc.com|(GMT+02:00) Central European Summer Time (Europe/Paris)|GMT+02:00
17:54:53.4 (4401996)|EXECUTION_STARTED
17:54:53.4 (4453083)|CODE_UNIT_STARTED|[EXTERNAL]|01p7Q00000NmP2b|UpdateInactiveAccountsTest.makeData()
17:54:53.4 (5587518)|HEAP_ALLOCATE|[79]|Bytes:3
17:54:53.4 (5674621)|HEAP_ALLOCATE|[84]|Bytes:152
17:54:53.4 (5696608)|HEAP_ALLOCATE|[399]|Bytes:408
17:54:53.4 (9086013)|HEAP_ALLOCATE|[412]|Bytes:408
17:54:53.4 (9126594)|HEAP_ALLOCATE|[520]|Bytes:48
17:54:53.4 (9261176)|HEAP_ALLOCATE|[139]|Bytes:6
17:54:53.4 (9287491)|HEAP_ALLOCATE|[EXTERNAL]|Bytes:20
17:54:53.4 (9468290)|METHOD_ENTRY|[2]|01p7Q00000NmP2b|UpdateInactiveAccountsTest.UpdateInactiveAccountsTest()
17:54:53.4 (9532975)|STATEMENT_EXECUTE|[2]
17:54:53.4 (9583332)|STATEMENT_EXECUTE|[2]
17:54:53.4 (9623821)|HEAP_ALLOCATE|[52]|Bytes:5
17:54:53.4 (9686531)|HEAP_ALLOCATE|[58]|Bytes:5
17:54:53.4 (9697120)|HEAP_ALLOCATE|[66]|Bytes:7
17:54:53.4 (10432155)|SYSTEM_MODE_ENTER|false
17:54:53.4 (10460889)|HEAP_ALLOCATE|[EXTERNAL]|Bytes:5
17:54:53.4 (10513427)|SYSTEM_MODE_EXIT|false
17:54:53.4 (10661019)|METHOD_EXIT|[2]|UpdateInactiveAccountsTest
17:54:53.4 (10964021)|SYSTEM_MODE_ENTER|false
17:54:53.4 (10994712)|HEAP_ALLOCATE|[5]|Bytes:5
17:54:53.4 (11005315)|STATEMENT_EXECUTE|[4]
17:54:53.4 (11009832)|STATEMENT_EXECUTE|[5]
17:54:53.4 (11014746)|HEAP_ALLOCATE|[5]|Bytes:11
17:54:53.4 (12598261)|HEAP_ALLOCATE|[5]|Bytes:13
17:54:53.4 (12637722)|METHOD_ENTRY|[1]|01p7Q00000NmNOr|DataFactory.DataFactory()
17:54:53.4 (12664514)|STATEMENT_EXECUTE|[1]
17:54:53.4 (12673256)|STATEMENT_EXECUTE|[1]
17:54:53.4 (12682637)|HEAP_ALLOCATE|[5]|Bytes:5
17:54:53.4 (12699912)|METHOD_EXIT|[1]|DataFactory
17:54:53.4 (12761006)|METHOD_ENTRY|[5]|01p7Q00000NmNOr|DataFactory.createAccount(String)
17:54:53.4 (12963616)|VARIABLE_SCOPE_BEGIN|[3]|actName|String|false|false
17:54:53.4 (13079982)|VARIABLE_ASSIGNMENT|[3]|actName|"TestAccount"
17:54:53.4 (13194647)|HEAP_ALLOCATE|[5]|Bytes:5
17:54:53.4 (13202823)|STATEMENT_EXECUTE|[3]
17:54:53.4 (13206321)|STATEMENT_EXECUTE|[5]
17:54:53.4 (13246000)|HEAP_ALLOCATE|[5]|Bytes:4
17:54:53.4 (13388588)|VARIABLE_SCOPE_BEGIN|[5]|act|Account|true|false
17:54:53.4 (13434419)|VARIABLE_ASSIGNMENT|[5]|act|{}|0x3dbb5a3c
17:54:53.4 (13443348)|STATEMENT_EXECUTE|[6]
17:54:53.4 (14476546)|VARIABLE_ASSIGNMENT|[6]|this.Name|"TestAccount"|0x3dbb5a3c
17:54:53.4 (14493657)|STATEMENT_EXECUTE|[7]
17:54:53.4 (15177692)|VARIABLE_ASSIGNMENT|[7]|this.Active__c|false|0x3dbb5a3c
17:54:53.4 (15186311)|STATEMENT_EXECUTE|[8]
17:54:53.4 (15211515)|METHOD_EXIT|[5]|01p7Q00000NmNOr|DataFactory.createAccount(String)
17:54:53.4 (15223807)|VARIABLE_SCOPE_BEGIN|[5]|act|Account|true|false
17:54:53.4 (15372059)|VARIABLE_ASSIGNMENT|[5]|act|{"Name":"TestAccount","Active__c":false}|0x3dbb5a3c
17:54:53.4 (15379933)|STATEMENT_EXECUTE|[6]
17:54:53.4 (15439097)|HEAP_ALLOCATE|[6]|Bytes:8
17:54:53.4 (15475551)|DML_BEGIN|[6]|Op:Insert|Type:Account|Rows:1
17:54:53.4 (15545335)|HEAP_ALLOCATE|[EXTERNAL]|Bytes:8
17:54:53.4 (29646793)|CODE_UNIT_STARTED|[EXTERNAL]|DuplicateDetector
17:54:53.4 (29675729)|DUPLICATE_DETECTION_BEGIN
17:54:53.4 (30294537)|DUPLICATE_DETECTION_RULE_INVOCATION|DuplicateRuleId:0Bm7Q00000HCznx|DuplicateRuleName:Standard Account Duplicate Rule|DmlType:INSERT
17:54:53.4 (83019026)|DUPLICATE_DETECTION_MATCH_INVOCATION_DETAILS|EntityType:Account|ActionTaken:Allow_[Alert,Report]|DuplicateRecordIds:
17:54:53.4 (83062227)|DUPLICATE_DETECTION_MATCH_INVOCATION_SUMMARY|EntityType:Account|NumRecordsToBeSaved:1|NumRecordsToBeSavedWithDuplicates:0|NumDuplicateRecordsFound:0
17:54:53.4 (83560223)|DUPLICATE_DETECTION_END
17:54:53.4 (83678303)|CODE_UNIT_FINISHED|DuplicateDetector
17:54:53.4 (128528348)|DML_END|[6]
17:54:53.4 (128586097)|SYSTEM_MODE_EXIT|false
17:54:53.128 (128655812)|CUMULATIVE_LIMIT_USAGE
17:54:53.128 (128655812)|LIMIT_USAGE_FOR_NS|(default)|
  Number of SOQL queries: 0 out of 100
  Number of query rows: 0 out of 50000
  Number of SOSL queries: 0 out of 20
  Number of DML statements: 1 out of 150
  Number of Publish Immediate DML: 0 out of 150
  Number of DML rows: 1 out of 10000
  Maximum CPU time: 0 out of 10000
  Maximum heap size: 0 out of 6000000
  Number of callouts: 0 out of 100
  Number of Email Invocations: 0 out of 10
  Number of future calls: 0 out of 50
  Number of queueable jobs added to the queue: 0 out of 50
  Number of Mobile Apex push calls: 0 out of 10

17:54:53.128 (128655812)|CUMULATIVE_LIMIT_USAGE_END

17:54:53.4 (128863133)|CODE_UNIT_FINISHED|UpdateInactiveAccountsTest.makeData()
17:54:53.4 (128880890)|EXECUTION_FINISHED
17:54:53.136 (136961795)|USER_INFO|[EXTERNAL]|0057Q000006GxKb|p11@projetoc.com|(GMT+02:00) Central European Summer Time (Europe/Paris)|GMT+02:00
17:54:53.136 (136995117)|EXECUTION_STARTED
17:54:53.136 (137008905)|CODE_UNIT_STARTED|[EXTERNAL]|01p7Q00000NmP2b|UpdateInactiveAccountsTest.updateInactiveAccountTest()
17:54:53.136 (137390316)|HEAP_ALLOCATE|[79]|Bytes:3
17:54:53.136 (137436868)|HEAP_ALLOCATE|[84]|Bytes:152
17:54:53.136 (137456092)|HEAP_ALLOCATE|[399]|Bytes:408
17:54:53.136 (137476257)|HEAP_ALLOCATE|[412]|Bytes:408
17:54:53.136 (137494267)|HEAP_ALLOCATE|[520]|Bytes:48
17:54:53.136 (137523886)|HEAP_ALLOCATE|[139]|Bytes:6
17:54:53.136 (137539405)|HEAP_ALLOCATE|[EXTERNAL]|Bytes:20
17:54:53.136 (137553394)|METHOD_ENTRY|[2]|01p7Q00000NmP2b|UpdateInactiveAccountsTest.UpdateInactiveAccountsTest()
17:54:53.136 (137568053)|STATEMENT_EXECUTE|[2]
17:54:53.136 (137578127)|STATEMENT_EXECUTE|[2]
17:54:53.136 (138081908)|SYSTEM_MODE_ENTER|false
17:54:53.136 (138136847)|HEAP_ALLOCATE|[52]|Bytes:5
17:54:53.136 (138179335)|HEAP_ALLOCATE|[58]|Bytes:5
17:54:53.136 (138192122)|HEAP_ALLOCATE|[66]|Bytes:7
17:54:53.136 (138206714)|HEAP_ALLOCATE|[EXTERNAL]|Bytes:5
17:54:53.136 (138221017)|SYSTEM_MODE_EXIT|false
17:54:53.136 (138239321)|METHOD_EXIT|[2]|UpdateInactiveAccountsTest
17:54:53.136 (138294820)|SYSTEM_MODE_ENTER|false
17:54:53.136 (138302348)|HEAP_ALLOCATE|[11]|Bytes:5
17:54:53.136 (138309006)|STATEMENT_EXECUTE|[10]
17:54:53.136 (138312399)|STATEMENT_EXECUTE|[11]
17:54:53.136 (138316848)|HEAP_ALLOCATE|[11]|Bytes:30
17:54:53.136 (138340246)|HEAP_ALLOCATE|[11]|Bytes:4
17:54:53.136 (138673234)|SOQL_EXECUTE_BEGIN|[11]|Aggregations:0|SELECT Id FROM Account LIMIT 1
17:54:53.136 (143291937)|SOQL_EXECUTE_END|[11]|Rows:1
17:54:53.136 (143334400)|HEAP_ALLOCATE|[11]|Bytes:8
17:54:53.136 (143383714)|HEAP_ALLOCATE|[11]|Bytes:29
17:54:53.136 (143510459)|HEAP_ALLOCATE|[11]|Bytes:8
17:54:53.136 (143529014)|HEAP_ALLOCATE|[11]|Bytes:33
17:54:53.136 (143621626)|HEAP_ALLOCATE|[11]|Bytes:8
17:54:53.136 (143632791)|VARIABLE_SCOPE_BEGIN|[11]|act|Account|true|false
17:54:53.136 (143710309)|VARIABLE_ASSIGNMENT|[11]|act|{"Id":"0017Q00000XgjyfQAB"}|0x274a1ae7
17:54:53.136 (143733863)|STATEMENT_EXECUTE|[13]
17:54:53.136 (143786203)|HEAP_ALLOCATE|[13]|Bytes:82
17:54:53.136 (143828371)|SYSTEM_METHOD_ENTRY|[1]|Test.Test()
17:54:53.136 (143898508)|STATEMENT_EXECUTE|[1]
17:54:53.136 (143959011)|SYSTEM_METHOD_EXIT|[1]|Test
17:54:53.136 (144086877)|METHOD_ENTRY|[13]||System.Test.startTest()
17:54:53.136 (145672075)|METHOD_EXIT|[13]||System.Test.startTest()
17:54:53.136 (145693093)|STATEMENT_EXECUTE|[14]
17:54:53.136 (146894659)|HEAP_ALLOCATE|[14]|Bytes:57
17:54:53.136 (146907687)|HEAP_ALLOCATE|[14]|Bytes:7
17:54:53.136 (146934423)|METHOD_ENTRY|[1]|01p7Q00000Nlkm2|UpdateInactiveAccounts.UpdateInactiveAccounts()
17:54:53.136 (146944787)|STATEMENT_EXECUTE|[1]
17:54:53.136 (146952171)|STATEMENT_EXECUTE|[1]
17:54:53.136 (146960571)|METHOD_EXIT|[1]|UpdateInactiveAccounts
17:54:53.136 (146978606)|HEAP_ALLOCATE|[14]|Bytes:4
17:54:53.136 (147127761)|CONSTRUCTOR_ENTRY|[14]|01p7Q00000Nlkm2|<init>()|UpdateInactiveAccounts
17:54:53.136 (147209818)|VARIABLE_SCOPE_BEGIN|[1]|this|UpdateInactiveAccounts|true|false
17:54:53.136 (147274941)|VARIABLE_ASSIGNMENT|[1]|this|{}|0x2797845
17:54:53.136 (147288987)|HEAP_ALLOCATE|[EXTERNAL]|Bytes:6
17:54:53.136 (147968334)|STATEMENT_EXECUTE|[1]
17:54:53.136 (148039653)|CONSTRUCTOR_EXIT|[14]|01p7Q00000Nlkm2|<init>()|UpdateInactiveAccounts
17:54:53.136 (148073542)|VARIABLE_SCOPE_BEGIN|[14]|uia|UpdateInactiveAccounts|true|false
17:54:53.136 (148118450)|VARIABLE_ASSIGNMENT|[14]|uia|{}|0x2797845
17:54:53.136 (148125854)|STATEMENT_EXECUTE|[15]
17:54:53.136 (170941123)|STATEMENT_EXECUTE|[16]
17:54:53.136 (170986724)|METHOD_ENTRY|[16]||System.Test.stopTest()
17:54:53.136 (177282781)|CODE_UNIT_STARTED|[EXTERNAL]|01p7Q00000Nlkm2|UpdateInactiveAccounts
17:54:53.136 (178598123)|HEAP_ALLOCATE|[EXTERNAL]|Bytes:4
17:54:53.136 (185273051)|HEAP_ALLOCATE|[EXTERNAL]|Bytes:11
17:54:53.136 (185351466)|SYSTEM_METHOD_ENTRY|[15]|BatchableContextImpl.BatchableContextImpl()
17:54:53.136 (185381106)|STATEMENT_EXECUTE|[15]
17:54:53.136 (185546250)|SYSTEM_METHOD_EXIT|[15]|BatchableContextImpl
17:54:53.136 (185574338)|HEAP_ALLOCATE|[EXTERNAL]|Bytes:12
17:54:53.136 (185601781)|HEAP_ALLOCATE|[EXTERNAL]|Bytes:4
17:54:53.136 (185633560)|VARIABLE_SCOPE_BEGIN|[31]|this|Database.BatchableContextImpl|true|false
17:54:53.136 (185828438)|VARIABLE_ASSIGNMENT|[31]|this|{}|0xa13451c
17:54:53.136 (185858676)|VARIABLE_SCOPE_BEGIN|[31]|jobId|Id|false|false
17:54:53.136 (186437480)|VARIABLE_ASSIGNMENT|[31]|jobId|"7077Q00000pejdqQAA"
17:54:53.136 (186461359)|VARIABLE_SCOPE_BEGIN|[31]|childJobId|Id|false|false
17:54:53.136 (186487210)|VARIABLE_ASSIGNMENT|[31]|childJobId|null
17:54:53.136 (187018595)|HEAP_ALLOCATE|[EXTERNAL]|Bytes:4
17:54:53.136 (187037748)|HEAP_ALLOCATE|[EXTERNAL]|Bytes:12
17:54:53.136 (187058101)|VARIABLE_SCOPE_BEGIN|[5]|this|UpdateInactiveAccounts|true|false
17:54:53.136 (187132407)|VARIABLE_ASSIGNMENT|[5]|this|{}|0x6fc24a01
17:54:53.136 (187156987)|VARIABLE_SCOPE_BEGIN|[5]|info|Database.BatchableContext|true|false
17:54:53.136 (187396160)|VARIABLE_ASSIGNMENT|[5]|info|{"jobId":"7077Q00000pejdqQAA"}|0xa13451c
17:54:53.136 (187436107)|STATEMENT_EXECUTE|[5]
17:54:53.136 (187441414)|STATEMENT_EXECUTE|[8]
17:54:53.136 (187463799)|HEAP_ALLOCATE|[8]|Bytes:129
17:54:53.136 (188103844)|EXCEPTION_THROWN|[8]|System.QueryException: unexpected token: 'FROM'
17:54:53.136 (188547468)|HEAP_ALLOCATE|[8]|Bytes:28
17:54:53.136 (188897523)|FATAL_ERROR|System.QueryException: unexpected token: 'FROM'

Class.UpdateInactiveAccounts.start: line 8, column 1
17:54:53.189 (189479045)|CUMULATIVE_LIMIT_USAGE
17:54:53.189 (189479045)|LIMIT_USAGE_FOR_NS|(default)|
  Number of SOQL queries: 0 out of 200
  Number of query rows: 0 out of 50000
  Number of SOSL queries: 0 out of 20
  Number of DML statements: 0 out of 150
  Number of Publish Immediate DML: 0 out of 150
  Number of DML rows: 0 out of 10000
  Maximum CPU time: 0 out of 60000
  Maximum heap size: 0 out of 12000000
  Number of callouts: 0 out of 100
  Number of Email Invocations: 0 out of 10
  Number of future calls: 0 out of 0
  Number of queueable jobs added to the queue: 0 out of 1
  Number of Mobile Apex push calls: 0 out of 10

17:54:53.189 (189479045)|CUMULATIVE_LIMIT_USAGE_END

17:54:53.136 (189627785)|CODE_UNIT_FINISHED|UpdateInactiveAccounts
17:54:53.136 (191118374)|HEAP_ALLOCATE|[19]|Bytes:28
17:54:53.136 (191168842)|METHOD_EXIT|[16]||System.Test.stopTest()
17:54:53.136 (191201636)|SYSTEM_MODE_EXIT|false
17:54:53.136 (191314621)|FATAL_ERROR|System.QueryException: unexpected token: 'FROM'

Class.UpdateInactiveAccounts.start: line 8, column 1
17:54:53.136 (191333507)|FATAL_ERROR|System.QueryException: unexpected token: 'FROM'

Class.UpdateInactiveAccounts.start: line 8, column 1
17:54:53.191 (191381474)|CUMULATIVE_LIMIT_USAGE
17:54:53.191 (191381474)|LIMIT_USAGE_FOR_NS|(default)|
  Number of SOQL queries: 1 out of 100
  Number of query rows: 1 out of 50000
  Number of SOSL queries: 0 out of 20
  Number of DML statements: 1 out of 150
  Number of Publish Immediate DML: 0 out of 150
  Number of DML rows: 1 out of 10000
  Maximum CPU time: 0 out of 10000
  Maximum heap size: 0 out of 6000000
  Number of callouts: 0 out of 100
  Number of Email Invocations: 0 out of 10
  Number of future calls: 0 out of 50
  Number of queueable jobs added to the queue: 0 out of 50
  Number of Mobile Apex push calls: 0 out of 10

17:54:53.191 (191381474)|TESTING_LIMITS
17:54:53.191 (191381474)|LIMIT_USAGE_FOR_NS|(default)|
  Number of SOQL queries: 0 out of 100
  Number of query rows: 0 out of 50000
  Number of SOSL queries: 0 out of 20
  Number of DML statements: 0 out of 150
  Number of Publish Immediate DML: 0 out of 150
  Number of DML rows: 0 out of 10000
  Maximum CPU time: 0 out of 10000
  Maximum heap size: 0 out of 6000000
  Number of callouts: 0 out of 100
  Number of Email Invocations: 0 out of 10
  Number of future calls: 0 out of 50
  Number of queueable jobs added to the queue: 0 out of 50
  Number of Mobile Apex push calls: 0 out of 10

17:54:53.191 (191381474)|CUMULATIVE_LIMIT_USAGE_END

17:54:53.136 (191571493)|CODE_UNIT_FINISHED|UpdateInactiveAccountsTest.updateInactiveAccountTest()
17:54:53.136 (191591796)|EXECUTION_FINISHED
17:54:53.294 (294953154)|USER_INFO|[EXTERNAL]|0057Q000006GxKb|p11@projetoc.com|(GMT+02:00) Central European Summer Time (Europe/Paris)|GMT+02:00
17:54:53.294 (294985796)|EXECUTION_STARTED
17:54:53.294 (294993787)|CODE_UNIT_STARTED|[EXTERNAL]|DuplicateDetector
17:54:53.294 (295009021)|DUPLICATE_DETECTION_BEGIN
17:54:53.294 (295080382)|DUPLICATE_DETECTION_RULE_INVOCATION|DuplicateRuleId:0Bm7Q00000HCznx|DuplicateRuleName:Standard Account Duplicate Rule|DmlType:INSERT
17:54:53.294 (304986762)|DUPLICATE_DETECTION_END
17:54:53.294 (305053500)|CODE_UNIT_FINISHED|DuplicateDetector
17:54:53.294 (305076986)|EXECUTION_FINISHED
