55.0 APEX_CODE,FINEST;APEX_PROFILING,INFO;CALLOUT,INFO;DB,INFO;NBA,INFO;SYSTEM,DEBUG;VALIDATION,INFO;VISUALFORCE,FINER;WAVE,INFO;WORKFLOW,INFO
17:20:18.4 (4199775)|USER_INFO|[EXTERNAL]|0057Q000006GxKb|p11@projetoc.com|(GMT+02:00) Central European Summer Time (Europe/Paris)|GMT+02:00
17:20:18.4 (4236301)|EXECUTION_STARTED
17:20:18.4 (4241274)|CODE_UNIT_STARTED|[EXTERNAL]|01p7Q00000NmPBp|SetAccountToActiveTest.makeData()
17:20:18.4 (5027659)|HEAP_ALLOCATE|[79]|Bytes:3
17:20:18.4 (5101742)|HEAP_ALLOCATE|[84]|Bytes:152
17:20:18.4 (5118555)|HEAP_ALLOCATE|[399]|Bytes:408
17:20:18.4 (5136818)|HEAP_ALLOCATE|[412]|Bytes:408
17:20:18.4 (5152208)|HEAP_ALLOCATE|[520]|Bytes:48
17:20:18.4 (5178209)|HEAP_ALLOCATE|[139]|Bytes:6
17:20:18.4 (5193423)|HEAP_ALLOCATE|[EXTERNAL]|Bytes:20
17:20:18.4 (5206607)|METHOD_ENTRY|[2]|01p7Q00000NmPBp|SetAccountToActiveTest.SetAccountToActiveTest()
17:20:18.4 (5212698)|STATEMENT_EXECUTE|[2]
17:20:18.4 (5219138)|STATEMENT_EXECUTE|[2]
17:20:18.4 (5223635)|METHOD_EXIT|[2]|SetAccountToActiveTest
17:20:18.4 (5266025)|HEAP_ALLOCATE|[52]|Bytes:5
17:20:18.4 (5290635)|HEAP_ALLOCATE|[58]|Bytes:5
17:20:18.4 (5298898)|HEAP_ALLOCATE|[66]|Bytes:7
17:20:18.4 (5342318)|STATEMENT_EXECUTE|[5]
17:20:18.4 (5344541)|STATEMENT_EXECUTE|[6]
17:20:18.4 (5348002)|HEAP_ALLOCATE|[6]|Bytes:11
17:20:18.4 (6593645)|HEAP_ALLOCATE|[6]|Bytes:13
17:20:18.4 (6633963)|METHOD_ENTRY|[1]|01p7Q00000NmNOr|DataFactory.DataFactory()
17:20:18.4 (6640701)|STATEMENT_EXECUTE|[1]
17:20:18.4 (6652351)|STATEMENT_EXECUTE|[1]
17:20:18.4 (7243550)|SYSTEM_MODE_ENTER|false
17:20:18.4 (7266931)|HEAP_ALLOCATE|[6]|Bytes:5
17:20:18.4 (7277383)|SYSTEM_MODE_EXIT|false
17:20:18.4 (7291059)|METHOD_EXIT|[1]|DataFactory
17:20:18.4 (7319947)|METHOD_ENTRY|[6]|01p7Q00000NmNOr|DataFactory.createAccount(String)
17:20:18.4 (7413165)|VARIABLE_SCOPE_BEGIN|[3]|actName|String|false|false
17:20:18.4 (7468434)|VARIABLE_ASSIGNMENT|[3]|actName|"TestAccount"
17:20:18.4 (7488443)|SYSTEM_MODE_ENTER|false
17:20:18.4 (7496437)|HEAP_ALLOCATE|[5]|Bytes:5
17:20:18.4 (7502770)|STATEMENT_EXECUTE|[3]
17:20:18.4 (7504679)|STATEMENT_EXECUTE|[5]
17:20:18.4 (7530045)|HEAP_ALLOCATE|[5]|Bytes:4
17:20:18.4 (7641215)|VARIABLE_SCOPE_BEGIN|[5]|act|Account|true|false
17:20:18.4 (7669037)|VARIABLE_ASSIGNMENT|[5]|act|{}|0x466ef7ae
17:20:18.4 (7674887)|STATEMENT_EXECUTE|[6]
17:20:18.4 (9938311)|VARIABLE_ASSIGNMENT|[6]|this.Name|"TestAccount"|0x466ef7ae
17:20:18.4 (9954673)|STATEMENT_EXECUTE|[7]
17:20:18.4 (10020464)|VARIABLE_ASSIGNMENT|[7]|this.Active__c|false|0x466ef7ae
17:20:18.4 (10027475)|STATEMENT_EXECUTE|[8]
17:20:18.4 (10033716)|SYSTEM_MODE_EXIT|false
17:20:18.4 (10049511)|METHOD_EXIT|[6]|01p7Q00000NmNOr|DataFactory.createAccount(String)
17:20:18.4 (10061872)|VARIABLE_SCOPE_BEGIN|[6]|act|Account|true|false
17:20:18.4 (10082394)|VARIABLE_ASSIGNMENT|[6]|act|{"Name":"TestAccount","Active__c":false}|0x466ef7ae
17:20:18.4 (10088469)|STATEMENT_EXECUTE|[7]
17:20:18.4 (10138647)|HEAP_ALLOCATE|[7]|Bytes:8
17:20:18.4 (10154076)|DML_BEGIN|[7]|Op:Insert|Type:Account|Rows:1
17:20:18.4 (10192784)|HEAP_ALLOCATE|[EXTERNAL]|Bytes:8
17:20:18.4 (22473299)|CODE_UNIT_STARTED|[EXTERNAL]|DuplicateDetector
17:20:18.4 (22500999)|DUPLICATE_DETECTION_BEGIN
17:20:18.4 (23022633)|DUPLICATE_DETECTION_RULE_INVOCATION|DuplicateRuleId:0Bm7Q00000HCznx|DuplicateRuleName:Standard Account Duplicate Rule|DmlType:INSERT
17:20:18.4 (65531582)|DUPLICATE_DETECTION_MATCH_INVOCATION_DETAILS|EntityType:Account|ActionTaken:Allow_[Alert,Report]|DuplicateRecordIds:
17:20:18.4 (65552345)|DUPLICATE_DETECTION_MATCH_INVOCATION_SUMMARY|EntityType:Account|NumRecordsToBeSaved:1|NumRecordsToBeSavedWithDuplicates:0|NumDuplicateRecordsFound:0
17:20:18.4 (65696353)|DUPLICATE_DETECTION_END
17:20:18.4 (65707144)|CODE_UNIT_FINISHED|DuplicateDetector
17:20:18.4 (109808830)|DML_END|[7]
17:20:18.109 (109870385)|CUMULATIVE_LIMIT_USAGE
17:20:18.109 (109870385)|LIMIT_USAGE_FOR_NS|(default)|
  Number of SOQL queries: 0 out of 100
  Number of query rows: 0 out of 50000
  Number of SOSL queries: 0 out of 20
  Number of DML statements: 1 out of 150
  Number of Publish Immediate DML: 0 out of 150
  Number of DML rows: 1 out of 10000
  Maximum CPU time: 0 out of 10000
  Maximum heap size: 0 out of 6000000
  Number of callouts: 0 out of 100
  Number of Email Invocations: 0 out of 10
  Number of future calls: 0 out of 50
  Number of queueable jobs added to the queue: 0 out of 50
  Number of Mobile Apex push calls: 0 out of 10

17:20:18.109 (109870385)|CUMULATIVE_LIMIT_USAGE_END

17:20:18.4 (109905516)|CODE_UNIT_FINISHED|SetAccountToActiveTest.makeData()
17:20:18.4 (109919076)|EXECUTION_FINISHED
17:20:18.118 (118871811)|USER_INFO|[EXTERNAL]|0057Q000006GxKb|p11@projetoc.com|(GMT+02:00) Central European Summer Time (Europe/Paris)|GMT+02:00
17:20:18.118 (118894305)|EXECUTION_STARTED
17:20:18.118 (118898844)|CODE_UNIT_STARTED|[EXTERNAL]|01p7Q00000NmPBp|SetAccountToActiveTest.setAccountToActiveTest()
17:20:18.118 (119050922)|HEAP_ALLOCATE|[79]|Bytes:3
17:20:18.118 (119090406)|HEAP_ALLOCATE|[84]|Bytes:152
17:20:18.118 (119106061)|HEAP_ALLOCATE|[399]|Bytes:408
17:20:18.118 (119123332)|HEAP_ALLOCATE|[412]|Bytes:408
17:20:18.118 (119138385)|HEAP_ALLOCATE|[520]|Bytes:48
17:20:18.118 (119161661)|HEAP_ALLOCATE|[139]|Bytes:6
17:20:18.118 (119175952)|HEAP_ALLOCATE|[EXTERNAL]|Bytes:20
17:20:18.118 (119186317)|METHOD_ENTRY|[2]|01p7Q00000NmPBp|SetAccountToActiveTest.SetAccountToActiveTest()
17:20:18.118 (119192009)|STATEMENT_EXECUTE|[2]
17:20:18.118 (119198000)|STATEMENT_EXECUTE|[2]
17:20:18.118 (119202301)|METHOD_EXIT|[2]|SetAccountToActiveTest
17:20:18.118 (119226811)|HEAP_ALLOCATE|[52]|Bytes:5
17:20:18.118 (119251613)|HEAP_ALLOCATE|[58]|Bytes:5
17:20:18.118 (119259457)|HEAP_ALLOCATE|[66]|Bytes:7
17:20:18.118 (119294086)|STATEMENT_EXECUTE|[11]
17:20:18.118 (119296138)|STATEMENT_EXECUTE|[13]
17:20:18.118 (119311213)|HEAP_ALLOCATE|[13]|Bytes:41
17:20:18.118 (119331926)|HEAP_ALLOCATE|[13]|Bytes:4
17:20:18.118 (119636001)|SOQL_EXECUTE_BEGIN|[13]|Aggregations:0|SELECT Id, Active__c FROM Account LIMIT 1
17:20:18.118 (123822783)|SOQL_EXECUTE_END|[13]|Rows:1
17:20:18.118 (123857742)|HEAP_ALLOCATE|[13]|Bytes:8
17:20:18.118 (123894887)|HEAP_ALLOCATE|[13]|Bytes:46
17:20:18.118 (124012413)|HEAP_ALLOCATE|[13]|Bytes:8
17:20:18.118 (124031029)|HEAP_ALLOCATE|[13]|Bytes:33
17:20:18.118 (124106985)|HEAP_ALLOCATE|[13]|Bytes:12
17:20:18.118 (124117710)|VARIABLE_SCOPE_BEGIN|[13]|act|Account|true|false
17:20:18.118 (124186043)|VARIABLE_ASSIGNMENT|[13]|act|{"Id":"0017Q00000XgjhsQAB","Active__c":false}|0x79312729
17:20:18.118 (124194102)|STATEMENT_EXECUTE|[16]
17:20:18.118 (124239603)|HEAP_ALLOCATE|[16]|Bytes:82
17:20:18.118 (124255097)|SYSTEM_METHOD_ENTRY|[1]|Test.Test()
17:20:18.118 (124259289)|STATEMENT_EXECUTE|[1]
17:20:18.118 (124268972)|SYSTEM_METHOD_EXIT|[1]|Test
17:20:18.118 (124286906)|METHOD_ENTRY|[16]||System.Test.startTest()
17:20:18.118 (125748922)|METHOD_EXIT|[16]||System.Test.startTest()
17:20:18.118 (125761541)|STATEMENT_EXECUTE|[17]
17:20:18.118 (125820510)|HEAP_ALLOCATE|[17]|Bytes:18
17:20:18.118 (125839765)|HEAP_ALLOCATE|[17]|Bytes:13
17:20:18.118 (125851087)|METHOD_ENTRY|[1]|01p7Q00000NmNOr|DataFactory.DataFactory()
17:20:18.118 (125856436)|STATEMENT_EXECUTE|[1]
17:20:18.118 (125860185)|STATEMENT_EXECUTE|[1]
17:20:18.118 (126340153)|SYSTEM_MODE_ENTER|false
17:20:18.118 (126362890)|HEAP_ALLOCATE|[17]|Bytes:5
17:20:18.118 (126372570)|SYSTEM_MODE_EXIT|false
17:20:18.118 (126386446)|METHOD_EXIT|[1]|DataFactory
17:20:18.118 (126415113)|METHOD_ENTRY|[17]|01p7Q00000NmNOr|DataFactory.createOrders(String, Integer)
17:20:18.118 (126514499)|VARIABLE_SCOPE_BEGIN|[11]|accountId|String|false|false
17:20:18.118 (126532769)|VARIABLE_ASSIGNMENT|[11]|accountId|"0017Q00000XgjhsQAB"
17:20:18.118 (126539246)|VARIABLE_SCOPE_BEGIN|[11]|ordsNumber|Integer|false|false
17:20:18.118 (126548633)|VARIABLE_ASSIGNMENT|[11]|ordsNumber|1
17:20:18.118 (126565590)|SYSTEM_MODE_ENTER|false
17:20:18.118 (126572470)|HEAP_ALLOCATE|[12]|Bytes:5
17:20:18.118 (126578196)|STATEMENT_EXECUTE|[11]
17:20:18.118 (126579992)|STATEMENT_EXECUTE|[12]
17:20:18.118 (126592523)|HEAP_ALLOCATE|[12]|Bytes:4
17:20:18.118 (126690511)|VARIABLE_SCOPE_BEGIN|[12]|ordsList|List<Order>|true|false
17:20:18.118 (126702404)|HEAP_ALLOCATE|[EXTERNAL]|Bytes:4
17:20:18.118 (126715290)|VARIABLE_ASSIGNMENT|[12]|ordsList|[]|0x42b48881
17:20:18.118 (126722079)|STATEMENT_EXECUTE|[13]
17:20:18.118 (126725776)|VARIABLE_SCOPE_BEGIN|[13]|i|Integer|false|false
17:20:18.118 (126732535)|HEAP_ALLOCATE|[13]|Bytes:4
17:20:18.118 (126739075)|VARIABLE_ASSIGNMENT|[13]|i|0
17:20:18.118 (126747619)|STATEMENT_EXECUTE|[13]
17:20:18.118 (126749269)|STATEMENT_EXECUTE|[14]
17:20:18.118 (126777424)|HEAP_ALLOCATE|[14]|Bytes:4
17:20:18.118 (126865941)|HEAP_ALLOCATE|[14]|Bytes:4
17:20:18.118 (127544796)|VARIABLE_ASSIGNMENT|[14]|this.AccountId|"0017Q00000XgjhsQAB"|0x76dd2eaf
17:20:18.118 (127573762)|METHOD_ENTRY|[14]||System.Test.getStandardPricebookId()
17:20:18.118 (129007001)|METHOD_EXIT|[14]||System.Test.getStandardPricebookId()
17:20:18.118 (129097214)|VARIABLE_ASSIGNMENT|[14]|this.Pricebook2Id|"01s7Q00000GDj3WQAT"|0x76dd2eaf
17:20:18.118 (129107346)|HEAP_ALLOCATE|[14]|Bytes:5
17:20:18.118 (129128425)|VARIABLE_ASSIGNMENT|[14]|this.Status|"Draft"|0x76dd2eaf
17:20:18.118 (129167214)|HEAP_ALLOCATE|[14]|Bytes:4
17:20:18.118 (129187669)|HEAP_ALLOCATE|[14]|Bytes:4
17:20:18.118 (129223167)|VARIABLE_ASSIGNMENT|[14]|this.EffectiveDate|"2022-10-15T00:00:00.000Z"|0x76dd2eaf
17:20:18.118 (129256907)|VARIABLE_SCOPE_BEGIN|[14]|ord|Order|true|false
17:20:18.118 (129283712)|VARIABLE_ASSIGNMENT|[14]|ord|{"AccountId":"0017Q00000XgjhsQAB","Pricebook2Id":"01s7Q00000GDj3WQAT","Status":"Draft","EffectiveDate":"2022-10-15T00:00:00.000Z"}|0x76dd2eaf
17:20:18.118 (129290680)|STATEMENT_EXECUTE|[15]
17:20:18.118 (129337484)|HEAP_ALLOCATE|[EXTERNAL]|Bytes:4
17:20:18.118 (129347692)|HEAP_ALLOCATE|[13]|Bytes:4
17:20:18.118 (129356167)|VARIABLE_ASSIGNMENT|[13]|i|1
17:20:18.118 (129364846)|STATEMENT_EXECUTE|[17]
17:20:18.118 (129370422)|SYSTEM_MODE_EXIT|false
17:20:18.118 (129380748)|METHOD_EXIT|[17]|01p7Q00000NmNOr|DataFactory.createOrders(String, Integer)
17:20:18.118 (129387217)|VARIABLE_SCOPE_BEGIN|[17]|orders|List<Order>|true|false
17:20:18.118 (129411198)|VARIABLE_ASSIGNMENT|[17]|orders|[{"AccountId":"0017Q00000XgjhsQAB","Pricebook2Id":"01s7Q00000GDj3WQAT","Status":"Draft","EffectiveDate":"2022-10-15T00:00:00.000Z"}]|0x42b48881
17:20:18.118 (129417567)|STATEMENT_EXECUTE|[18]
17:20:18.118 (129477334)|DML_BEGIN|[18]|Op:Insert|Type:Order|Rows:1
17:20:18.118 (129510580)|HEAP_ALLOCATE|[EXTERNAL]|Bytes:8
17:20:18.118 (156901082)|CODE_UNIT_STARTED|[EXTERNAL]|01q7Q000000cs5i|OrderTrigger on Order trigger event AfterInsert|__sfdc_trigger/OrderTrigger
17:20:18.118 (156973727)|HEAP_ALLOCATE|[EXTERNAL]|Bytes:8
17:20:18.118 (157141312)|HEAP_ALLOCATE|[EXTERNAL]|Bytes:4
17:20:18.118 (157154249)|VARIABLE_SCOPE_BEGIN|[1]|this|OrderTrigger|true|false
17:20:18.118 (157194553)|VARIABLE_ASSIGNMENT|[1]|this|{}|0x351eb412
17:20:18.118 (157239145)|HEAP_ALLOCATE|[EXTERNAL]|Bytes:4
17:20:18.118 (157246862)|VARIABLE_SCOPE_BEGIN|[1]|this|OrderTrigger|true|false
17:20:18.118 (157258777)|VARIABLE_ASSIGNMENT|[1]|this|{}|0x351eb412
17:20:18.118 (157265667)|STATEMENT_EXECUTE|[1]
17:20:18.118 (157286653)|STATEMENT_EXECUTE|[5]
17:20:18.118 (157288165)|STATEMENT_EXECUTE|[6]
17:20:18.118 (158357855)|HEAP_ALLOCATE|[6]|Bytes:5
17:20:18.118 (158408035)|METHOD_ENTRY|[1]|01p7Q00000Nlklx|OrderTriggerHandler.OrderTriggerHandler()
17:20:18.118 (158414845)|STATEMENT_EXECUTE|[1]
17:20:18.118 (158436515)|STATEMENT_EXECUTE|[1]
17:20:18.118 (158956509)|SYSTEM_MODE_ENTER|false
17:20:18.118 (158975075)|HEAP_ALLOCATE|[6]|Bytes:5
17:20:18.118 (158985278)|SYSTEM_MODE_EXIT|false
17:20:18.118 (158997736)|METHOD_EXIT|[1]|OrderTriggerHandler
17:20:18.118 (159023459)|METHOD_ENTRY|[6]|01p7Q00000Nlklx|OrderTriggerHandler.setAccountToActive(List<Order>)
17:20:18.118 (159053817)|VARIABLE_SCOPE_BEGIN|[17]|Orders|List<Order>|true|false
17:20:18.118 (159826982)|VARIABLE_ASSIGNMENT|[17]|Orders|[{"Status":"Draft","LastModifiedDate":"2022-09-15T15:20:19.000Z","IsDeleted":false,"AccountId":"0017Q00000XgjhsQAB","OrderNumber":"00100102","TotalAmount":0.00,"StatusCode":"Draft","IsReductionOrder":false,"SystemModstamp":"2022-09-15T15:20:19.000Z","OwnerId":"0057Q000006GxKbQAK","CreatedById":"0057Q000006GxKbQAK","CreatedDate":"2022-09-15T15:20:19.000Z","Pricebook2Id":"01s7Q00000GDj3WQAT","Id":"8017Q000000yOtXQAU","LastModifiedById":"0057Q000006GxKbQAK","EffectiveDate":"2022-10-15T00:00:00.000Z"}]|0x2d4b26e9
17:20:18.118 (159872592)|SYSTEM_MODE_ENTER|false
17:20:18.118 (159882570)|HEAP_ALLOCATE|[21]|Bytes:5
17:20:18.118 (159889564)|STATEMENT_EXECUTE|[17]
17:20:18.118 (159891252)|STATEMENT_EXECUTE|[21]
17:20:18.118 (159908603)|HEAP_ALLOCATE|[21]|Bytes:4
17:20:18.118 (159968886)|VARIABLE_SCOPE_BEGIN|[21]|setAccountIds|Set<Id>|true|false
17:20:18.118 (160002483)|VARIABLE_ASSIGNMENT|[21]|setAccountIds|[]|0x2818ae35
17:20:18.118 (160145825)|HEAP_ALLOCATE|[24]|Bytes:5
17:20:18.118 (160201949)|VARIABLE_SCOPE_BEGIN|[24]|newOrder|Order|true|false
17:20:18.118 (160777591)|VARIABLE_ASSIGNMENT|[24]|newOrder|{"Status":"Draft","LastModifiedDate":"2022-09-15T15:20:19.000Z","IsDeleted":false,"AccountId":"0017Q00000XgjhsQAB","OrderNumber":"00100102","TotalAmount":0.00,"StatusCode":"Draft","IsReductionOrder":false,"SystemModstamp":"2022-09-15T15:20:19.000Z","OwnerId":"0057Q000006GxKbQAK","CreatedById":"0057Q000006GxKbQAK","CreatedDate":"2022-09-15T15:20:19.000Z","Pricebook2Id":"01s7Q00000GDj3WQAT","Id":"8017Q000000yOtXQAU","LastModifiedById":"0057Q000006GxKbQAK","EffectiveDate":"2022-10-15T00:00:00.000Z"}|0x1bee42f7
17:20:18.118 (160792198)|STATEMENT_EXECUTE|[24]
17:20:18.118 (160793997)|STATEMENT_EXECUTE|[25]
17:20:18.118 (160866772)|HEAP_ALLOCATE|[EXTERNAL]|Bytes:4
17:20:18.118 (160886272)|HEAP_ALLOCATE|[24]|Bytes:5
17:20:18.118 (160901645)|VARIABLE_ASSIGNMENT|[24]|newOrder|null|
17:20:18.118 (160908399)|STATEMENT_EXECUTE|[29]
17:20:18.118 (160912918)|HEAP_ALLOCATE|[29]|Bytes:67
17:20:18.118 (160930795)|HEAP_ALLOCATE|[29]|Bytes:4
17:20:18.118 (160938425)|HEAP_ALLOCATE|[29]|Bytes:7
17:20:18.118 (160970119)|HEAP_ALLOCATE|[29]|Bytes:8
17:20:18.118 (160977142)|HEAP_ALLOCATE|[29]|Bytes:8
17:20:18.118 (161389093)|SOQL_EXECUTE_BEGIN|[29]|Aggregations:1|SELECT Id, (SELECT Id FROM Orders) FROM Account WHERE Id = :tmpVar1
17:20:18.118 (170818789)|SOQL_EXECUTE_END|[29]|Rows:1
17:20:18.118 (170868187)|HEAP_ALLOCATE|[29]|Bytes:8
17:20:18.118 (170919539)|HEAP_ALLOCATE|[29]|Bytes:99
17:20:18.118 (170960086)|HEAP_ALLOCATE|[29]|Bytes:8
17:20:18.118 (170976805)|VARIABLE_SCOPE_BEGIN|[29]|listOfAccounts|List<Account>|true|false
17:20:18.118 (171010801)|VARIABLE_ASSIGNMENT|[29]|listOfAccounts|[{"Id":"0017Q00000XgjhsQAB","Orders":[{"AccountId":"0017Q00000XgjhsQAB","Id":"8017Q000000yOtXQAU"}]}]|0x37d0c505
17:20:18.118 (171018371)|STATEMENT_EXECUTE|[30]
17:20:18.118 (171028307)|HEAP_ALLOCATE|[30]|Bytes:4
17:20:18.118 (171064286)|VARIABLE_SCOPE_BEGIN|[30]|listOfAccountsUpdate|List<Account>|true|false
17:20:18.118 (171073057)|HEAP_ALLOCATE|[EXTERNAL]|Bytes:4
17:20:18.118 (171079402)|VARIABLE_ASSIGNMENT|[30]|listOfAccountsUpdate|[]|0x69109f6d
17:20:18.118 (171186904)|HEAP_ALLOCATE|[33]|Bytes:5
17:20:18.118 (171205789)|HEAP_ALLOCATE|[33]|Bytes:12
17:20:18.118 (171215462)|VARIABLE_SCOPE_BEGIN|[33]|act|Account|true|false
17:20:18.118 (171236017)|VARIABLE_ASSIGNMENT|[33]|act|{"Id":"0017Q00000XgjhsQAB","Orders":[{"AccountId":"0017Q00000XgjhsQAB","Id":"8017Q000000yOtXQAU"}]}|0x73859e59
17:20:18.118 (171242304)|STATEMENT_EXECUTE|[33]
17:20:18.118 (171246360)|HEAP_ALLOCATE|[34]|Bytes:6
17:20:18.118 (171251385)|HEAP_ALLOCATE|[34]|Bytes:5
17:20:18.118 (171306025)|HEAP_ALLOCATE|[EXTERNAL]|Bytes:8
17:20:18.118 (171324358)|HEAP_ALLOCATE|[34]|Bytes:8
17:20:18.118 (171351596)|STATEMENT_EXECUTE|[34]
17:20:18.118 (171353306)|STATEMENT_EXECUTE|[35]
17:20:18.118 (171426892)|HEAP_ALLOCATE|[35]|Bytes:-4
17:20:18.118 (171446704)|VARIABLE_ASSIGNMENT|[35]|this.Active__c|true|0x73859e59
17:20:18.118 (171452206)|STATEMENT_EXECUTE|[36]
17:20:18.118 (171479926)|HEAP_ALLOCATE|[EXTERNAL]|Bytes:4
17:20:18.118 (171497670)|HEAP_ALLOCATE|[33]|Bytes:5
17:20:18.118 (171510292)|VARIABLE_ASSIGNMENT|[33]|act|null|
17:20:18.118 (171526619)|STATEMENT_EXECUTE|[39]
17:20:18.118 (171528099)|STATEMENT_EXECUTE|[40]
17:20:18.118 (171575439)|DML_BEGIN|[40]|Op:Update|Type:Account|Rows:1
17:20:18.118 (171605530)|HEAP_ALLOCATE|[EXTERNAL]|Bytes:8
17:20:18.118 (183256026)|CODE_UNIT_STARTED|[EXTERNAL]|DuplicateDetector
17:20:18.118 (183277560)|DUPLICATE_DETECTION_BEGIN
17:20:18.118 (183342186)|DUPLICATE_DETECTION_RULE_INVOCATION|DuplicateRuleId:0Bm7Q00000HCznx|DuplicateRuleName:Standard Account Duplicate Rule|DmlType:UPDATE
17:20:18.118 (183391830)|DUPLICATE_DETECTION_END
17:20:18.118 (183398095)|CODE_UNIT_FINISHED|DuplicateDetector
17:20:18.118 (203798573)|DML_END|[40]
17:20:18.118 (203872740)|HEAP_ALLOCATE|[EXTERNAL]|Bytes:8
17:20:18.118 (203899436)|SYSTEM_MODE_EXIT|false
17:20:18.118 (203918459)|METHOD_EXIT|[6]|01p7Q00000Nlklx|OrderTriggerHandler.setAccountToActive(List<Order>)
17:20:18.118 (203944616)|STATEMENT_EXECUTE|[8]
17:20:18.203 (203955629)|CUMULATIVE_LIMIT_USAGE
17:20:18.203 (203955629)|LIMIT_USAGE_FOR_NS|(default)|
  Number of SOQL queries: 1 out of 100
  Number of query rows: 1 out of 50000
  Number of SOSL queries: 0 out of 20
  Number of DML statements: 1 out of 150
  Number of Publish Immediate DML: 0 out of 150
  Number of DML rows: 1 out of 10000
  Maximum CPU time: 0 out of 10000
  Maximum heap size: 0 out of 6000000
  Number of callouts: 0 out of 100
  Number of Email Invocations: 0 out of 10
  Number of future calls: 0 out of 50
  Number of queueable jobs added to the queue: 0 out of 50
  Number of Mobile Apex push calls: 0 out of 10

17:20:18.203 (203955629)|TESTING_LIMITS
17:20:18.203 (203955629)|LIMIT_USAGE_FOR_NS|(default)|
  Number of SOQL queries: 1 out of 100
  Number of query rows: 2 out of 50000
  Number of SOSL queries: 0 out of 20
  Number of DML statements: 2 out of 150
  Number of Publish Immediate DML: 0 out of 150
  Number of DML rows: 2 out of 10000
  Maximum CPU time: 0 out of 10000
  Maximum heap size: 0 out of 6000000
  Number of callouts: 0 out of 100
  Number of Email Invocations: 0 out of 10
  Number of future calls: 0 out of 50
  Number of queueable jobs added to the queue: 0 out of 50
  Number of Mobile Apex push calls: 0 out of 10

17:20:18.203 (203955629)|CUMULATIVE_LIMIT_USAGE_END

17:20:18.118 (205144495)|CODE_UNIT_FINISHED|OrderTrigger on Order trigger event AfterInsert|__sfdc_trigger/OrderTrigger
17:20:18.118 (206446633)|DML_END|[18]
17:20:18.118 (206477367)|HEAP_ALLOCATE|[EXTERNAL]|Bytes:8
17:20:18.118 (206493058)|STATEMENT_EXECUTE|[19]
17:20:18.118 (206510293)|METHOD_ENTRY|[19]||System.Test.stopTest()
17:20:18.118 (207093413)|METHOD_EXIT|[19]||System.Test.stopTest()
17:20:18.118 (207103307)|STATEMENT_EXECUTE|[21]
17:20:18.118 (207153049)|VARIABLE_SCOPE_BEGIN|[21]|result|Boolean|false|false
17:20:18.118 (207173835)|VARIABLE_ASSIGNMENT|[21]|result|false
17:20:18.118 (207178489)|STATEMENT_EXECUTE|[22]
17:20:18.118 (207188435)|HEAP_ALLOCATE|[22]|Bytes:53
17:20:18.118 (207322409)|EXCEPTION_THROWN|[22]|System.AssertException: Assertion Failed: Active_c is set to true when adding an order, test ok: Expected: true, Actual: false
17:20:18.118 (207458672)|HEAP_ALLOCATE|[22]|Bytes:106
17:20:18.118 (207561157)|FATAL_ERROR|System.AssertException: Assertion Failed: Active_c is set to true when adding an order, test ok: Expected: true, Actual: false

Class.SetAccountToActiveTest.setAccountToActiveTest: line 22, column 1
17:20:18.118 (207573225)|FATAL_ERROR|System.AssertException: Assertion Failed: Active_c is set to true when adding an order, test ok: Expected: true, Actual: false

Class.SetAccountToActiveTest.setAccountToActiveTest: line 22, column 1
17:20:18.207 (207580540)|CUMULATIVE_LIMIT_USAGE
17:20:18.207 (207580540)|LIMIT_USAGE_FOR_NS|(default)|
  Number of SOQL queries: 1 out of 100
  Number of query rows: 1 out of 50000
  Number of SOSL queries: 0 out of 20
  Number of DML statements: 1 out of 150
  Number of Publish Immediate DML: 0 out of 150
  Number of DML rows: 1 out of 10000
  Maximum CPU time: 0 out of 10000
  Maximum heap size: 0 out of 6000000
  Number of callouts: 0 out of 100
  Number of Email Invocations: 0 out of 10
  Number of future calls: 0 out of 50
  Number of queueable jobs added to the queue: 0 out of 50
  Number of Mobile Apex push calls: 0 out of 10

17:20:18.207 (207580540)|TESTING_LIMITS
17:20:18.207 (207580540)|LIMIT_USAGE_FOR_NS|(default)|
  Number of SOQL queries: 1 out of 100
  Number of query rows: 2 out of 50000
  Number of SOSL queries: 0 out of 20
  Number of DML statements: 2 out of 150
  Number of Publish Immediate DML: 0 out of 150
  Number of DML rows: 2 out of 10000
  Maximum CPU time: 0 out of 10000
  Maximum heap size: 0 out of 6000000
  Number of callouts: 0 out of 100
  Number of Email Invocations: 0 out of 10
  Number of future calls: 0 out of 50
  Number of queueable jobs added to the queue: 0 out of 50
  Number of Mobile Apex push calls: 0 out of 10

17:20:18.207 (207580540)|CUMULATIVE_LIMIT_USAGE_END

17:20:18.118 (207610810)|CODE_UNIT_FINISHED|SetAccountToActiveTest.setAccountToActiveTest()
17:20:18.118 (207617131)|EXECUTION_FINISHED
17:20:18.315 (315113137)|USER_INFO|[EXTERNAL]|0057Q000006GxKb|p11@projetoc.com|(GMT+02:00) Central European Summer Time (Europe/Paris)|GMT+02:00
17:20:18.315 (315143980)|EXECUTION_STARTED
17:20:18.315 (315149005)|CODE_UNIT_STARTED|[EXTERNAL]|DuplicateDetector
17:20:18.315 (315161697)|DUPLICATE_DETECTION_BEGIN
17:20:18.315 (315223607)|DUPLICATE_DETECTION_RULE_INVOCATION|DuplicateRuleId:0Bm7Q00000HCznx|DuplicateRuleName:Standard Account Duplicate Rule|DmlType:UPDATE
17:20:18.315 (328107935)|DUPLICATE_DETECTION_END
17:20:18.315 (328129129)|CODE_UNIT_FINISHED|DuplicateDetector
17:20:18.315 (328147292)|EXECUTION_FINISHED
17:20:18.329 (329188413)|USER_INFO|[EXTERNAL]|0057Q000006GxKb|p11@projetoc.com|(GMT+02:00) Central European Summer Time (Europe/Paris)|GMT+02:00
17:20:18.329 (329211859)|EXECUTION_STARTED
17:20:18.329 (329215584)|CODE_UNIT_STARTED|[EXTERNAL]|DuplicateDetector
17:20:18.329 (329228796)|DUPLICATE_DETECTION_BEGIN
17:20:18.329 (329283338)|DUPLICATE_DETECTION_RULE_INVOCATION|DuplicateRuleId:0Bm7Q00000HCznx|DuplicateRuleName:Standard Account Duplicate Rule|DmlType:INSERT
17:20:18.329 (339117230)|DUPLICATE_DETECTION_END
17:20:18.329 (339136433)|CODE_UNIT_FINISHED|DuplicateDetector
17:20:18.329 (339150695)|EXECUTION_FINISHED
